TN:
SF:lib/common/array.ts
FN:1,anonymous_0
FN:9,__name
FN:11,__export
FN:20,__copyProps
FN:27,get
FN:34,__toCommonJS
FN:38,getOrderedIndex
FN:39,insertOrdered
FN:43,removeOrdered
FN:46,findIndex
FN:52,getOrderedIndex
FN:undefined,insertOrdered
FN:undefined,removeOrdered
FNDA:1,anonymous_0
FNDA:4,__name
FNDA:3,__export
FNDA:3,__copyProps
FNDA:243,get
FNDA:1,__toCommonJS
FNDA:0,getOrderedIndex
FNDA:173,insertOrdered
FNDA:70,removeOrdered
FNDA:243,findIndex
FNDA:70,getOrderedIndex
FNDA:173,insertOrdered
FNDA:70,removeOrdered
FNF:13
FNH:12
BRDA:1,0,0,1
BRDA:1,1,0,1
BRDA:undefined,2,0,0
BRDA:9,3,0,4
BRDA:11,4,0,1
BRDA:16,5,0,3
BRDA:20,6,0,1
BRDA:22,7,0,0
BRDA:24,8,0,3
BRDA:27,9,0,243
BRDA:34,10,0,1
BRDA:39,11,0,173
BRDA:43,12,0,70
BRDA:46,13,0,243
BRDA:48,14,0,209
BRDA:49,15,0,74
BRDA:49,16,0,135
BRDA:52,17,0,70
BRDA:undefined,18,0,173
BRDA:undefined,19,0,70
BRF:20
BRH:19
DA:1,1
DA:2,1
DA:3,1
DA:4,1
DA:5,1
DA:6,1
DA:7,1
DA:8,1
DA:9,1
DA:10,4
DA:11,1
DA:12,1
DA:13,1
DA:14,1
DA:15,1
DA:16,1
DA:17,3
DA:18,3
DA:19,3
DA:20,1
DA:21,1
DA:22,1
DA:23,0
DA:24,1
DA:25,3
DA:26,3
DA:27,3
DA:28,3
DA:29,3
DA:30,3
DA:31,3
DA:32,3
DA:33,1
DA:34,1
DA:35,1
DA:36,1
DA:37,1
DA:38,1
DA:39,1
DA:40,1
DA:41,1
DA:42,1
DA:43,1
DA:44,1
DA:45,1
DA:46,1
DA:47,243
DA:48,243
DA:49,243
DA:50,1
DA:51,1
DA:52,1
DA:53,70
DA:54,70
DA:55,70
LH:54
LF:55
end_of_record
SF:lib/common/debug.ts
FN:1,anonymous_0
FN:12,__export
FN:18,__copyProps
FN:undefined,get
FN:undefined,__toCommonJS
FN:undefined,debug
FN:undefined,dump
FNDA:1,anonymous_0
FNDA:1,__export
FNDA:1,__copyProps
FNDA:1582,get
FNDA:1,__toCommonJS
FNDA:1582,debug
FNDA:0,dump
FNF:7
FNH:7
BRDA:1,0,0,1
BRDA:1,1,0,1
BRDA:undefined,2,0,0
BRDA:12,3,0,1
BRDA:18,4,0,1
BRDA:21,5,0,0
BRDA:undefined,6,0,1582
BRDA:undefined,7,0,1
BRDA:undefined,8,0,1582
BRF:9
BRH:8
DA:1,1
DA:2,1
DA:3,1
DA:4,1
DA:5,1
DA:6,1
DA:7,1
DA:8,1
DA:9,1
DA:10,1
DA:11,1
DA:12,1
DA:13,1
DA:14,1
DA:15,1
DA:16,1
DA:17,1
DA:18,1
DA:19,1
DA:20,1
DA:21,1
DA:22,0
LH:21
LF:22
end_of_record
SF:lib/common/DefaultMap.ts
FN:1,anonymous_0
FN:10,__name
FN:12,__export
FN:18,__copyProps
FN:undefined,get
FN:undefined,__toCommonJS
FN:undefined,DefaultMap
FN:undefined,DefaultMap
FN:undefined,<static_initializer>
FN:undefined,get
FNDA:1,anonymous_0
FNDA:1,__name
FNDA:1,__export
FNDA:1,__copyProps
FNDA:2255,get
FNDA:1,__toCommonJS
FNDA:2255,DefaultMap
FNDA:2255,DefaultMap
FNDA:1,<static_initializer>
FNDA:4128,get
FNF:10
FNH:10
BRDA:1,0,0,1
BRDA:1,1,0,1
BRDA:undefined,2,0,0
BRDA:10,3,0,1
BRDA:12,4,0,1
BRDA:18,5,0,1
BRDA:23,6,0,0
BRDA:undefined,7,0,2255
BRDA:undefined,8,0,1
BRDA:undefined,9,0,2255
BRDA:undefined,10,0,2255
BRDA:undefined,11,0,1
BRDA:undefined,12,0,4128
BRDA:undefined,13,0,1822
BRF:14
BRH:13
DA:1,1
DA:2,1
DA:3,1
DA:4,1
DA:5,1
DA:6,1
DA:7,1
DA:8,1
DA:9,1
DA:10,1
DA:11,1
DA:12,1
DA:13,1
DA:14,1
DA:15,1
DA:16,1
DA:17,1
DA:18,1
DA:19,1
DA:20,1
DA:21,1
DA:22,1
DA:23,1
LH:23
LF:23
end_of_record
SF:lib/common/string.ts
FN:1,anonymous_0
FN:undefined,__name
FN:undefined,__export
FN:undefined,__copyProps
FN:undefined,get
FN:undefined,__toCommonJS
FN:undefined,compareStrings
FN:undefined,compareStrings
FNDA:1,anonymous_0
FNDA:1,__name
FNDA:1,__export
FNDA:1,__copyProps
FNDA:228,get
FNDA:1,__toCommonJS
FNDA:228,compareStrings
FNDA:228,compareStrings
FNF:8
FNH:8
BRDA:1,0,0,1
BRDA:1,1,0,1
BRDA:undefined,2,0,0
BRDA:undefined,3,0,1
BRDA:undefined,4,0,1
BRDA:undefined,5,0,1
BRDA:undefined,6,0,0
BRDA:undefined,7,0,228
BRDA:undefined,8,0,1
BRDA:undefined,9,0,228
BRDA:undefined,10,0,228
BRDA:undefined,11,0,9
BRDA:undefined,12,0,219
BRDA:undefined,13,0,9
BRDA:undefined,14,0,210
BRF:15
BRH:15
DA:1,1
DA:2,1
DA:3,1
DA:4,1
DA:5,1
DA:6,1
DA:7,1
DA:8,1
DA:9,1
LH:9
LF:9
end_of_record
SF:lib/common/UUID.ts
FN:1,anonymous_0
FN:13,__export
FN:17,__copyProps
FN:22,get
FN:undefined,__toESM
FN:undefined,__toCommonJS
FN:undefined,UUID
FN:undefined,create
FN:undefined,encode
FN:undefined,decode
FNDA:1,anonymous_0
FNDA:1,__export
FNDA:3,__copyProps
FNDA:50206,get
FNDA:1,__toESM
FNDA:1,__toCommonJS
FNDA:30103,UUID
FNDA:20100,create
FNDA:1,encode
FNDA:2,decode
FNF:10
FNH:10
BRDA:1,0,0,1
BRDA:1,1,0,1
BRDA:undefined,2,0,0
BRDA:13,3,0,1
BRDA:17,4,0,2
BRDA:19,5,0,0
BRDA:21,6,0,3
BRDA:22,7,0,50206
BRDA:undefined,8,0,1
BRDA:undefined,9,0,0
BRDA:undefined,10,0,0
BRDA:undefined,11,0,1
BRDA:undefined,12,0,30103
BRDA:undefined,13,0,20100
BRDA:undefined,14,0,1
BRDA:undefined,15,0,2
BRDA:undefined,16,0,1
BRF:17
BRH:16
DA:1,1
DA:2,1
DA:3,1
DA:4,1
DA:5,1
DA:6,1
DA:7,1
DA:8,1
DA:9,1
DA:10,1
DA:11,1
DA:12,1
DA:13,1
DA:14,1
DA:15,1
DA:16,1
DA:17,1
DA:18,2
DA:19,2
DA:20,2
DA:21,2
DA:22,3
DA:23,50206
DA:24,3
DA:25,3
DA:26,3
DA:27,3
DA:28,1
LH:28
LF:28
end_of_record
SF:lib/index.ts
FN:1,anonymous_0
FN:5,__export
FN:undefined,__copyProps
FN:undefined,get
FN:undefined,__toCommonJS
FN:undefined,Field
FN:undefined,QueryChange
FN:undefined,QueryResult
FN:undefined,Table
FN:undefined,UUID
FN:undefined,useQuery
FNDA:1,anonymous_0
FNDA:6,__export
FNDA:6,__copyProps
FNDA:30764,get
FNDA:1,__toCommonJS
FNDA:47,Field
FNDA:0,QueryChange
FNDA:0,QueryResult
FNDA:687,Table
FNDA:30013,UUID
FNDA:17,useQuery
FNF:11
FNH:11
BRDA:1,0,0,1
BRDA:1,1,0,1
BRDA:undefined,2,0,0
BRDA:5,3,0,1
BRDA:undefined,4,0,6
BRDA:undefined,5,0,1
BRDA:undefined,6,0,0
BRDA:undefined,7,0,6
BRDA:undefined,8,0,30764
BRDA:undefined,9,0,1
BRDA:undefined,10,0,47
BRDA:undefined,11,0,687
BRDA:undefined,12,0,30013
BRDA:undefined,13,0,17
BRF:14
BRH:14
DA:1,1
DA:2,1
DA:3,1
DA:4,1
DA:5,1
LH:5
LF:5
end_of_record
SF:lib/yeeql.ts
FN:1,anonymous_0
FN:undefined,__copyProps
FN:undefined,get
FN:undefined,__reExport
FN:undefined,__toCommonJS
FNDA:1,anonymous_0
FNDA:14,__copyProps
FNDA:12,get
FNDA:1,__reExport
FNDA:1,__toCommonJS
FNF:5
FNH:5
BRDA:1,0,0,1
BRDA:1,1,0,1
BRDA:undefined,2,0,0
BRDA:undefined,3,0,3
BRDA:undefined,4,0,0
BRDA:undefined,5,0,14
BRDA:undefined,6,0,13
BRDA:undefined,7,0,13
BRDA:undefined,8,0,12
BRDA:undefined,9,0,1
BRDA:undefined,10,0,1
BRF:11
BRH:11
DA:1,1
DA:2,1
LH:2
LF:2
end_of_record
SF:lib/yeeql/query/implementation/CountQueryImpl.ts
FN:1,anonymous_0
FN:4,__name
FN:6,__export
FN:9,__copyProps
FN:18,get
FN:20,__toCommonJS
FN:30,CountQueryImpl
FN:39,CountQueryImpl
FN:undefined,<static_initializer>
FN:undefined,<instance_members_initializer>
FN:undefined,addRow
FN:undefined,anonymous_11
FN:undefined,removeRow
FN:undefined,anonymous_13
FN:undefined,changeRow
FN:undefined,anonymous_15
FNDA:1,anonymous_0
FNDA:1,__name
FNDA:1,__export
FNDA:1,__copyProps
FNDA:18,get
FNDA:1,__toCommonJS
FNDA:18,CountQueryImpl
FNDA:33,CountQueryImpl
FNDA:1,<static_initializer>
FNDA:18,<instance_members_initializer>
FNDA:8,addRow
FNDA:8,anonymous_11
FNDA:6,removeRow
FNDA:6,anonymous_13
FNDA:1,changeRow
FNDA:1,anonymous_15
FNF:16
FNH:16
BRDA:1,0,0,1
BRDA:1,1,0,1
BRDA:undefined,2,0,0
BRDA:4,3,0,1
BRDA:6,4,0,1
BRDA:9,5,0,1
BRDA:10,6,0,0
BRDA:18,7,0,18
BRDA:20,8,0,1
BRDA:30,9,0,18
BRDA:39,10,0,18
BRDA:41,11,0,28
BRDA:46,12,0,33
BRDA:47,13,0,14
BRDA:47,14,0,14
BRDA:undefined,15,0,1
BRDA:undefined,16,0,18
BRDA:undefined,17,0,8
BRDA:undefined,18,0,8
BRDA:undefined,19,0,6
BRDA:undefined,20,0,6
BRDA:undefined,21,0,1
BRDA:undefined,22,0,1
BRF:23
BRH:22
DA:1,1
DA:2,1
DA:3,1
DA:4,1
DA:5,1
DA:6,1
DA:7,1
DA:8,1
DA:9,1
DA:10,1
DA:11,0
DA:12,1
DA:13,1
DA:14,1
DA:15,1
DA:16,1
DA:17,1
DA:18,1
DA:19,1
DA:20,1
DA:21,1
DA:22,1
DA:23,1
DA:24,1
DA:25,1
DA:26,1
DA:27,1
DA:28,1
DA:29,1
DA:30,1
DA:31,18
DA:32,1
DA:33,1
DA:34,1
DA:35,1
DA:36,1
DA:37,1
DA:38,1
DA:39,1
DA:40,18
DA:41,18
DA:42,28
DA:43,28
DA:44,28
DA:45,28
DA:46,28
DA:47,28
DA:48,14
DA:49,14
LH:48
LF:49
end_of_record
SF:lib/yeeql/query/implementation/GroupedQueryImpl.ts
FN:1,anonymous_0
FN:4,__name
FN:5,__export
FN:11,__copyProps
FN:16,get
FN:19,__toCommonJS
FN:24,GroupedQueryImpl
FN:31,GroupedQueryImpl
FN:36,anonymous_8
FN:37,forEach
FN:40,anonymous_10
FN:45,anonymous_11
FN:46,get size
FN:47,entries
FN:49,anonymous_14
FN:50,next
FN:55,anonymous_16
FN:58,values
FN:60,anonymous_18
FN:61,next
FN:64,GroupedQueryImpl.result
FN:77,<static_initializer>
FN:79,<instance_members_initializer>
FN:81,addQuery
FN:84,anonymous_24
FN:86,anonymous_25
FN:97,addRow
FN:102,anonymous_27
FN:104,anonymous_28
FN:107,removeRow
FN:110,anonymous_30
FN:116,anonymous_31
FN:117,changeRow
FN:123,anonymous_33
FN:127,anonymous_34
FNDA:1,anonymous_0
FNDA:400,__name
FNDA:1,__export
FNDA:1,__copyProps
FNDA:126,get
FNDA:1,__toCommonJS
FNDA:126,GroupedQueryImpl
FNDA:126,GroupedQueryImpl
FNDA:19,anonymous_8
FNDA:1,forEach
FNDA:2,anonymous_10
FNDA:2,anonymous_11
FNDA:11,get size
FNDA:9,entries
FNDA:4,anonymous_14
FNDA:13,next
FNDA:1,anonymous_16
FNDA:2,values
FNDA:1,anonymous_18
FNDA:3,next
FNDA:1,GroupedQueryImpl.result
FNDA:1,<static_initializer>
FNDA:126,<instance_members_initializer>
FNDA:21,addQuery
FNDA:16,anonymous_24
FNDA:16,anonymous_25
FNDA:22,addRow
FNDA:6,anonymous_27
FNDA:16,anonymous_28
FNDA:8,removeRow
FNDA:5,anonymous_30
FNDA:3,anonymous_31
FNDA:5,changeRow
FNDA:1,anonymous_33
FNDA:4,anonymous_34
FNF:35
FNH:35
BRDA:1,0,0,1
BRDA:1,1,0,1
BRDA:128,2,0,0
BRDA:4,3,0,400
BRDA:5,4,0,1
BRDA:11,5,0,1
BRDA:12,6,0,0
BRDA:16,7,0,126
BRDA:19,8,0,1
BRDA:24,9,0,126
BRDA:31,10,0,126
BRDA:69,11,0,9
BRDA:71,12,0,2
BRDA:73,13,0,7
BRDA:76,14,0,5
BRDA:76,15,0,2
BRDA:36,16,0,19
BRDA:37,17,0,16
BRDA:37,18,0,3
BRDA:37,19,0,1
BRDA:40,20,0,2
BRDA:45,21,0,2
BRDA:46,22,0,11
BRDA:47,23,0,9
BRDA:49,24,0,4
BRDA:50,25,0,13
BRDA:51,26,0,5
BRDA:53,27,0,8
BRDA:55,28,0,1
BRDA:58,29,0,2
BRDA:60,30,0,1
BRDA:61,31,0,3
BRDA:63,32,0,2
BRDA:64,33,0,1
BRDA:77,34,0,1
BRDA:79,35,0,126
BRDA:81,36,0,21
BRDA:84,37,0,16
BRDA:86,38,0,16
BRDA:97,39,0,22
BRDA:102,40,0,6
BRDA:102,41,0,16
BRDA:102,42,0,6
BRDA:104,43,0,16
BRDA:107,44,0,8
BRDA:110,45,0,5
BRDA:115,46,0,3
BRDA:110,47,0,5
BRDA:116,48,0,3
BRDA:117,49,0,5
BRDA:123,50,0,1
BRDA:123,51,0,4
BRDA:123,52,0,1
BRDA:127,53,0,4
BRF:54
BRH:52
DA:1,1
DA:2,1
DA:3,1
DA:4,1
DA:5,1
DA:6,1
DA:7,1
DA:8,1
DA:9,1
DA:10,1
DA:11,1
DA:12,1
DA:13,1
DA:14,1
DA:15,1
DA:16,1
DA:17,1
DA:18,1
DA:19,1
DA:20,1
DA:21,1
DA:22,1
DA:23,1
DA:24,1
DA:25,1
DA:26,1
DA:27,1
DA:28,1
DA:29,1
DA:30,1
DA:31,1
DA:32,126
DA:33,126
DA:34,126
DA:35,126
DA:36,126
DA:37,126
DA:38,1
DA:39,1
DA:40,1
DA:41,2
DA:42,2
DA:43,2
DA:44,126
DA:45,126
DA:46,126
DA:47,126
DA:48,9
DA:49,9
DA:50,9
DA:51,13
DA:52,5
DA:53,126
DA:54,126
DA:55,1
DA:56,1
DA:57,126
DA:58,126
DA:59,2
DA:60,2
DA:61,2
DA:62,3
DA:63,3
DA:64,126
DA:65,126
DA:66,126
DA:67,126
DA:68,126
DA:69,126
DA:70,9
DA:71,9
DA:72,2
DA:73,2
DA:74,7
DA:75,7
DA:76,9
DA:77,1
DA:78,1
DA:79,1
DA:80,126
DA:81,1
DA:82,21
DA:83,21
DA:84,21
DA:85,16
DA:86,16
DA:87,16
DA:88,16
DA:89,16
DA:90,16
DA:91,16
DA:92,16
DA:93,16
DA:94,21
DA:95,21
DA:96,21
DA:97,1
DA:98,22
DA:99,22
DA:100,22
DA:101,22
DA:102,22
DA:103,16
DA:104,16
DA:105,16
DA:106,16
DA:107,1
DA:108,8
DA:109,8
DA:110,8
DA:111,5
DA:112,5
DA:113,5
DA:114,5
DA:115,8
DA:116,3
DA:117,1
DA:118,5
DA:119,5
DA:120,5
DA:121,5
DA:122,5
DA:123,5
DA:124,4
DA:125,4
DA:126,4
DA:127,4
DA:128,1
DA:129,1
DA:130,1
DA:131,1
DA:132,1
DA:133,1
DA:134,1
DA:135,1
DA:136,1
DA:137,1
DA:138,1
DA:139,1
DA:140,1
DA:141,1
DA:142,1
DA:143,1
DA:144,1
DA:145,1
DA:146,1
DA:147,1
DA:148,1
DA:149,1
DA:150,1
DA:151,1
DA:152,1
DA:153,1
DA:154,1
DA:155,1
DA:156,1
DA:157,1
DA:158,1
DA:159,1
DA:160,1
DA:161,1
DA:162,1
DA:163,1
DA:164,1
DA:165,1
DA:166,1
DA:167,1
DA:168,1
DA:169,1
DA:170,1
DA:171,1
DA:172,1
DA:173,1
DA:174,1
DA:175,1
DA:176,1
DA:177,1
DA:178,1
DA:179,1
DA:180,1
DA:181,1
DA:182,1
DA:183,1
DA:184,1
LH:184
LF:184
end_of_record
SF:lib/yeeql/query/implementation/LinearQueryWithoutSubqueriesImpl.ts
FN:1,anonymous_0
FN:4,__name
FN:6,__export
FN:7,__copyProps
FN:14,get
FN:18,__toCommonJS
FN:25,LinearQueryWithoutSubqueriesImpl
FN:39,LinearQueryWithoutSubqueriesImpl
FN:52,<static_initializer>
FN:53,<instance_members_initializer>
FN:53,addRow
FN:54,anonymous_11
FN:65,removeRow
FN:66,anonymous_13
FN:70,changeRow
FN:72,anonymous_15
FNDA:1,anonymous_0
FNDA:1,__name
FNDA:1,__export
FNDA:1,__copyProps
FNDA:85,get
FNDA:1,__toCommonJS
FNDA:85,LinearQueryWithoutSubqueriesImpl
FNDA:85,LinearQueryWithoutSubqueriesImpl
FNDA:1,<static_initializer>
FNDA:85,<instance_members_initializer>
FNDA:41,addRow
FNDA:41,anonymous_11
FNDA:8,removeRow
FNDA:8,anonymous_13
FNDA:24,changeRow
FNDA:24,anonymous_15
FNF:16
FNH:16
BRDA:1,0,0,1
BRDA:1,1,0,1
BRDA:undefined,2,0,0
BRDA:4,3,0,1
BRDA:6,4,0,1
BRDA:7,5,0,1
BRDA:10,6,0,0
BRDA:14,7,0,85
BRDA:18,8,0,1
BRDA:25,9,0,85
BRDA:39,10,0,85
BRDA:41,11,0,72
BRDA:45,12,0,57
BRDA:45,13,0,24
BRDA:48,14,0,48
BRDA:52,15,0,1
BRDA:53,16,0,85
BRDA:53,17,0,41
BRDA:54,18,0,41
BRDA:65,19,0,8
BRDA:66,20,0,8
BRDA:70,21,0,24
BRDA:72,22,0,24
BRF:23
BRH:22
DA:1,1
DA:2,1
DA:3,1
DA:4,1
DA:5,1
DA:6,1
DA:7,1
DA:8,1
DA:9,1
DA:10,1
DA:11,1
DA:12,1
DA:13,1
DA:14,1
DA:15,1
DA:16,1
DA:17,1
DA:18,1
DA:19,1
DA:20,1
DA:21,1
DA:22,1
DA:23,1
DA:24,1
DA:25,1
DA:26,1
DA:27,1
DA:28,1
DA:29,1
DA:30,1
DA:31,1
DA:32,1
DA:33,1
DA:34,1
DA:35,1
DA:36,1
DA:37,1
DA:38,1
DA:39,1
DA:40,85
DA:41,85
DA:42,72
DA:43,72
DA:44,72
DA:45,72
DA:46,24
DA:47,24
DA:48,72
DA:49,48
DA:50,48
DA:51,85
DA:52,1
DA:53,1
DA:54,41
DA:55,41
DA:56,41
DA:57,41
DA:58,41
DA:59,41
DA:60,41
DA:61,41
DA:62,41
DA:63,41
DA:64,41
DA:65,1
DA:66,8
DA:67,8
DA:68,8
DA:69,8
DA:70,1
DA:71,24
DA:72,24
DA:73,24
DA:74,24
DA:75,24
DA:76,24
DA:77,24
DA:78,24
DA:79,24
DA:80,24
DA:81,24
DA:82,24
DA:83,24
LH:83
LF:83
end_of_record
SF:lib/yeeql/query/implementation/LinearQueryWithSubqueriesImpl.ts
FN:1,anonymous_0
FN:11,__name
FN:14,__export
FN:19,__copyProps
FN:23,get
FN:26,__toCommonJS
FN:32,LinearQueryWithSubqueriesImpl
FN:43,LinearQueryWithSubqueriesImpl
FN:61,<static_initializer>
FN:64,<instance_members_initializer>
FN:65,addRow
FN:68,get
FN:71,ownKeys
FN:78,getOwnPropertyDescriptor
FN:95,anonymous_14
FN:102,makeInternalCallback
FN:103,anonymous_16
FN:105,anonymous_17
FN:118,removeRow
FN:121,anonymous_19
FN:131,changeRow
FN:137,anonymous_21
FNDA:1,anonymous_0
FNDA:1,__name
FNDA:1,__export
FNDA:1,__copyProps
FNDA:25,get
FNDA:1,__toCommonJS
FNDA:25,LinearQueryWithSubqueriesImpl
FNDA:25,LinearQueryWithSubqueriesImpl
FNDA:1,<static_initializer>
FNDA:25,<instance_members_initializer>
FNDA:27,addRow
FNDA:786,get
FNDA:60,ownKeys
FNDA:132,getOwnPropertyDescriptor
FNDA:24,anonymous_14
FNDA:30,makeInternalCallback
FNDA:32,anonymous_16
FNDA:32,anonymous_17
FNDA:2,removeRow
FNDA:2,anonymous_19
FNDA:4,changeRow
FNDA:4,anonymous_21
FNF:22
FNH:22
BRDA:1,0,0,1
BRDA:1,1,0,1
BRDA:178,2,0,0
BRDA:11,3,0,1
BRDA:14,4,0,1
BRDA:19,5,0,1
BRDA:20,6,0,0
BRDA:23,7,0,25
BRDA:26,8,0,1
BRDA:32,9,0,25
BRDA:43,10,0,25
BRDA:53,11,0,5
BRDA:57,12,0,4
BRDA:58,13,0,2
BRDA:59,14,0,3
BRDA:61,15,0,1
BRDA:64,16,0,25
BRDA:65,17,0,24
BRDA:85,18,0,27
BRDA:68,19,0,786
BRDA:69,20,0,190
BRDA:70,21,0,190
BRDA:70,22,0,596
BRDA:71,23,0,60
BRDA:78,24,0,132
BRDA:80,25,0,42
BRDA:80,26,0,42
BRDA:81,27,0,90
BRDA:95,28,0,24
BRDA:102,29,0,30
BRDA:103,30,0,32
BRDA:105,31,0,32
BRDA:118,32,0,2
BRDA:121,33,0,2
BRDA:131,34,0,4
BRDA:137,35,0,4
BRDA:167,36,0,1
BRDA:167,37,0,3
BRF:38
BRH:36
DA:1,1
DA:2,1
DA:3,1
DA:4,1
DA:5,1
DA:6,1
DA:7,1
DA:8,1
DA:9,1
DA:10,1
DA:11,1
DA:12,1
DA:13,1
DA:14,1
DA:15,1
DA:16,1
DA:17,1
DA:18,1
DA:19,1
DA:20,1
DA:21,1
DA:22,1
DA:23,1
DA:24,1
DA:25,1
DA:26,1
DA:27,1
DA:28,1
DA:29,1
DA:30,1
DA:31,1
DA:32,1
DA:33,25
DA:34,1
DA:35,1
DA:36,1
DA:37,1
DA:38,1
DA:39,1
DA:40,1
DA:41,1
DA:42,1
DA:43,1
DA:44,25
DA:45,25
DA:46,25
DA:47,25
DA:48,25
DA:49,25
DA:50,25
DA:51,25
DA:52,25
DA:53,25
DA:54,5
DA:55,5
DA:56,5
DA:57,4
DA:58,4
DA:59,5
DA:60,3
DA:61,1
DA:62,1
DA:63,1
DA:64,1
DA:65,1
DA:66,24
DA:67,24
DA:68,24
DA:69,786
DA:70,786
DA:71,60
DA:72,60
DA:73,60
DA:74,60
DA:75,60
DA:76,60
DA:77,60
DA:78,24
DA:79,132
DA:80,132
DA:81,132
DA:82,24
DA:83,24
DA:84,24
DA:85,24
DA:86,27
DA:87,27
DA:88,27
DA:89,27
DA:90,27
DA:91,27
DA:92,27
DA:93,24
DA:94,24
DA:95,24
DA:96,24
DA:97,24
DA:98,24
DA:99,24
DA:100,24
DA:101,24
DA:102,1
DA:103,30
DA:104,32
DA:105,32
DA:106,32
DA:107,32
DA:108,32
DA:109,32
DA:110,32
DA:111,32
DA:112,32
DA:113,32
DA:114,32
DA:115,32
DA:116,32
DA:117,32
DA:118,1
DA:119,2
DA:120,2
DA:121,2
DA:122,2
DA:123,2
DA:124,2
DA:125,2
DA:126,2
DA:127,2
DA:128,2
DA:129,2
DA:130,2
DA:131,1
DA:132,4
DA:133,4
DA:134,4
DA:135,4
DA:136,4
DA:137,4
DA:138,4
DA:139,4
DA:140,4
DA:141,4
DA:142,4
DA:143,4
DA:144,4
DA:145,4
DA:146,4
DA:147,4
DA:148,4
DA:149,4
DA:150,4
DA:151,4
DA:152,4
DA:153,4
DA:154,4
DA:155,4
DA:156,4
DA:157,4
DA:158,4
DA:159,4
DA:160,4
DA:161,4
DA:162,4
DA:163,4
DA:164,4
DA:165,4
DA:166,4
DA:167,4
DA:168,3
DA:169,3
DA:170,4
DA:171,4
DA:172,4
DA:173,4
DA:174,4
DA:175,4
DA:176,4
DA:177,4
DA:178,1
DA:179,0
DA:180,0
DA:181,0
DA:182,0
DA:183,1
DA:184,1
DA:185,1
DA:186,1
DA:187,1
DA:188,1
DA:189,1
DA:190,1
DA:191,1
DA:192,1
DA:193,1
DA:194,1
DA:195,1
DA:196,1
DA:197,1
DA:198,1
DA:199,1
DA:200,1
DA:201,1
DA:202,1
DA:203,1
DA:204,1
DA:205,1
DA:206,1
DA:207,1
DA:208,1
DA:209,1
DA:210,1
DA:211,1
DA:212,1
DA:213,1
DA:214,1
DA:215,1
DA:216,1
DA:217,1
DA:218,1
DA:219,1
DA:220,1
DA:221,1
DA:222,1
DA:223,1
DA:224,1
DA:225,1
DA:226,1
DA:227,1
DA:228,1
DA:229,1
DA:230,1
DA:231,1
DA:232,1
DA:233,1
DA:234,1
DA:235,1
DA:236,1
DA:237,1
DA:238,1
DA:239,1
DA:240,1
DA:241,1
DA:242,1
DA:243,1
DA:244,1
DA:245,1
DA:246,1
DA:247,1
DA:248,1
DA:249,1
DA:250,1
DA:251,1
DA:252,1
LH:248
LF:252
end_of_record
SF:lib/yeeql/query/Query.ts
FN:1,anonymous_0
FN:6,__copyProps
FN:12,get
FN:16,__toCommonJS
FNDA:1,anonymous_0
FNDA:1,__copyProps
FNDA:0,get
FNDA:1,__toCommonJS
FNF:4
FNH:3
BRDA:1,0,0,1
BRDA:1,1,0,1
BRDA:6,2,0,1
BRDA:8,3,0,0
BRDA:11,4,0,0
BRDA:16,5,0,1
BRF:6
BRH:4
DA:1,1
DA:2,1
DA:3,1
DA:4,1
DA:5,1
DA:6,1
DA:7,1
DA:8,1
DA:9,1
DA:10,1
DA:11,1
DA:12,0
DA:13,0
DA:14,0
DA:15,1
DA:16,1
DA:17,1
DA:18,1
DA:19,1
DA:20,1
DA:21,1
DA:22,1
DA:23,1
DA:24,1
DA:25,0
DA:26,0
DA:27,0
LH:21
LF:27
end_of_record
SF:lib/yeeql/query/QueryBase.ts
FN:1,anonymous_0
FN:7,__name
FN:8,__export
FN:9,__copyProps
FN:14,get
FN:15,__toCommonJS
FN:17,QueryBase
FN:18,<static_initializer>
FN:19,<instance_members_initializer>
FN:21,observe
FN:21,unobserve
FN:22,internalObserve
FN:25,internalUnobserve
FN:26,notifyingObservers
FN:33,anonymous_14
FN:40,anonymous_15
FN:43,anonymous_16
FN:44,anonymous_17
FNDA:1,anonymous_0
FNDA:187,__name
FNDA:1,__export
FNDA:1,__copyProps
FNDA:4,get
FNDA:1,__toCommonJS
FNDA:4,QueryBase
FNDA:1,<static_initializer>
FNDA:254,<instance_members_initializer>
FNDA:139,observe
FNDA:6,unobserve
FNDA:51,internalObserve
FNDA:8,internalUnobserve
FNDA:186,notifyingObservers
FNDA:234,anonymous_14
FNDA:183,anonymous_15
FNDA:70,anonymous_16
FNDA:48,anonymous_17
FNF:18
FNH:18
BRDA:1,0,0,1
BRDA:1,1,0,1
BRDA:44,2,0,0
BRDA:7,3,0,187
BRDA:8,4,0,1
BRDA:9,5,0,1
BRDA:11,6,0,0
BRDA:14,7,0,4
BRDA:15,8,0,1
BRDA:17,9,0,4
BRDA:18,10,0,1
BRDA:19,11,0,254
BRDA:21,12,0,139
BRDA:21,13,0,6
BRDA:22,14,0,51
BRDA:25,15,0,8
BRDA:26,16,0,186
BRDA:33,17,0,234
BRDA:36,18,0,48
BRDA:39,19,0,186
BRDA:40,20,0,183
BRDA:43,21,0,70
BRDA:44,22,0,48
BRF:23
BRH:21
DA:1,1
DA:2,1
DA:3,1
DA:4,1
DA:5,1
DA:6,1
DA:7,1
DA:8,1
DA:9,1
DA:10,1
DA:11,1
DA:12,1
DA:13,1
DA:14,1
DA:15,1
DA:16,1
DA:17,1
DA:18,1
DA:19,1
DA:20,254
DA:21,254
DA:22,1
DA:23,51
DA:24,51
DA:25,1
DA:26,1
DA:27,186
DA:28,186
DA:29,186
DA:30,186
DA:31,186
DA:32,186
DA:33,234
DA:34,234
DA:35,234
DA:36,234
DA:37,48
DA:38,48
DA:39,186
DA:40,186
DA:41,183
DA:42,183
DA:43,183
DA:44,1
DA:45,0
DA:46,0
DA:47,0
DA:48,1
DA:49,1
DA:50,1
DA:51,1
DA:52,1
DA:53,1
DA:54,1
DA:55,1
DA:56,1
DA:57,1
DA:58,1
DA:59,1
DA:60,1
DA:61,1
DA:62,1
DA:63,1
DA:64,1
DA:65,1
DA:66,1
DA:67,1
DA:68,1
DA:69,1
DA:70,1
DA:71,1
DA:72,1
DA:73,1
DA:74,1
DA:75,1
DA:76,0
DA:77,0
DA:78,0
DA:79,0
DA:80,0
DA:81,0
DA:82,1
DA:83,0
DA:84,1
DA:85,0
DA:86,0
DA:87,0
DA:88,0
DA:89,0
DA:90,0
LH:74
LF:90
end_of_record
SF:lib/yeeql/react/useQuery.ts
FN:1,anonymous_0
FN:5,__name
FN:9,__export
FN:12,__copyProps
FN:19,get
FN:undefined,__toCommonJS
FN:undefined,useQuery
FN:undefined,useQuery
FN:undefined,anonymous_8
FN:undefined,anonymous_9
FN:undefined,anonymous_10
FN:undefined,anonymous_11
FNDA:1,anonymous_0
FNDA:10,__name
FNDA:1,__export
FNDA:1,__copyProps
FNDA:17,get
FNDA:1,__toCommonJS
FNDA:17,useQuery
FNDA:17,useQuery
FNDA:9,anonymous_8
FNDA:11,anonymous_9
FNDA:11,anonymous_10
FNDA:4,anonymous_11
FNF:12
FNH:12
BRDA:1,0,0,1
BRDA:1,1,0,1
BRDA:undefined,2,0,0
BRDA:5,3,0,10
BRDA:9,4,0,1
BRDA:12,5,0,1
BRDA:14,6,0,0
BRDA:19,7,0,17
BRDA:undefined,8,0,1
BRDA:undefined,9,0,17
BRDA:undefined,10,0,17
BRDA:undefined,11,0,9
BRDA:undefined,12,0,11
BRDA:undefined,13,0,4
BRDA:undefined,14,0,11
BRDA:undefined,15,0,4
BRF:16
BRH:15
DA:1,1
DA:2,1
DA:3,1
DA:4,1
DA:5,1
DA:6,10
DA:7,10
DA:8,10
DA:9,1
DA:10,1
DA:11,1
DA:12,1
DA:13,1
DA:14,1
DA:15,1
DA:16,1
DA:17,1
DA:18,1
DA:19,1
DA:20,1
DA:21,1
DA:22,1
LH:22
LF:22
end_of_record
SF:lib/yeeql/table/QueryRegistry.ts
FN:1,anonymous_0
FN:7,__name
FN:10,__export
FN:14,__copyProps
FN:20,get
FN:23,__toCommonJS
FN:27,QueryRegistry
FN:28,_testQueryEntries
FN:34,addedOrRemoved
FN:40,buildQueryTree
FN:42,anonymous_10
FN:44,anonymous_11
FN:47,insertIntoQueryTree
FN:69,deleteFromQueryTree
FN:94,collectFromQueryTree
FN:116,<static_initializer>
FN:117,<instance_members_initializer>
FN:119,finalizer
FN:122,QueryRegistry
FN:127,register
FN:137,queries
FNDA:1,anonymous_0
FNDA:5,__name
FNDA:3,__export
FNDA:3,__copyProps
FNDA:789,get
FNDA:1,__toCommonJS
FNDA:689,QueryRegistry
FNDA:2,_testQueryEntries
FNDA:98,addedOrRemoved
FNDA:1312,buildQueryTree
FNDA:698,anonymous_10
FNDA:623,anonymous_11
FNDA:1410,insertIntoQueryTree
FNDA:6,deleteFromQueryTree
FNDA:817,collectFromQueryTree
FNDA:1,<static_initializer>
FNDA:689,<instance_members_initializer>
FNDA:1,finalizer
FNDA:689,QueryRegistry
FNDA:351,register
FNDA:167,queries
FNF:21
FNH:21
BRDA:1,0,0,1
BRDA:1,1,0,1
BRDA:139,2,0,0
BRDA:7,3,0,5
BRDA:10,4,0,1
BRDA:10,5,0,3
BRDA:14,6,0,1
BRDA:16,7,0,0
BRDA:18,8,0,3
BRDA:20,9,0,789
BRDA:23,10,0,1
BRDA:27,11,0,689
BRDA:28,12,0,2
BRDA:34,13,0,98
BRDA:40,14,0,1312
BRDA:41,15,0,242
BRDA:43,16,0,1070
BRDA:42,17,0,698
BRDA:44,18,0,623
BRDA:47,19,0,1410
BRDA:51,20,0,351
BRDA:55,21,0,500
BRDA:57,22,0,239
BRDA:61,23,0,171
BRDA:61,24,0,1059
BRDA:63,25,0,239
BRDA:64,26,0,820
BRDA:69,27,0,5
BRDA:70,28,0,1
BRDA:73,29,0,3
BRDA:76,30,0,6
BRDA:77,31,0,3
BRDA:81,32,0,0
BRDA:81,33,0,4
BRDA:84,34,0,1
BRDA:84,35,0,3
BRDA:87,36,0,0
BRDA:94,37,0,817
BRDA:97,38,0,265
BRDA:100,39,0,138
BRDA:100,40,0,127
BRDA:100,41,0,271
BRDA:101,42,0,232
BRDA:105,43,0,552
BRDA:108,44,0,98
BRDA:116,45,0,1
BRDA:117,46,0,689
BRDA:119,47,0,1
BRDA:122,48,0,689
BRDA:127,49,0,351
BRDA:137,50,0,167
BRF:51
BRH:47
DA:1,1
DA:2,1
DA:3,1
DA:4,1
DA:5,1
DA:6,1
DA:7,1
DA:8,5
DA:9,5
DA:10,1
DA:11,3
DA:12,3
DA:13,3
DA:14,1
DA:15,1
DA:16,1
DA:17,1
DA:18,1
DA:19,3
DA:20,3
DA:21,3
DA:22,1
DA:23,1
DA:24,1
DA:25,1
DA:26,1
DA:27,1
DA:28,1
DA:29,2
DA:30,1
DA:31,1
DA:32,1
DA:33,1
DA:34,1
DA:35,1
DA:36,1
DA:37,1
DA:38,1
DA:39,1
DA:40,1
DA:41,1312
DA:42,242
DA:43,1312
DA:44,1070
DA:45,623
DA:46,1
DA:47,1
DA:48,1410
DA:49,1410
DA:50,1410
DA:51,351
DA:52,351
DA:53,351
DA:54,351
DA:55,351
DA:56,351
DA:57,351
DA:58,239
DA:59,239
DA:60,239
DA:61,1410
DA:62,1059
DA:63,1059
DA:64,1059
DA:65,1059
DA:66,1059
DA:67,1
DA:68,1
DA:69,1
DA:70,5
DA:71,1
DA:72,1
DA:73,1
DA:74,3
DA:75,3
DA:76,3
DA:77,6
DA:78,3
DA:79,3
DA:80,3
DA:81,5
DA:82,4
DA:83,4
DA:84,4
DA:85,4
DA:86,4
DA:87,4
DA:88,1
DA:89,1
DA:90,1
DA:91,1
DA:92,1
DA:93,1
DA:94,1
DA:95,817
DA:96,817
DA:97,817
DA:98,265
DA:99,265
DA:100,265
DA:101,271
DA:102,232
DA:103,232
DA:104,232
DA:105,817
DA:106,552
DA:107,552
DA:108,552
DA:109,98
DA:110,1
DA:111,1
DA:112,1
DA:113,1
DA:114,1
DA:115,1
DA:116,1
DA:117,1
DA:118,689
DA:119,689
DA:120,1
DA:121,1
DA:122,689
DA:123,689
DA:124,689
DA:125,689
DA:126,689
DA:127,1
DA:128,351
DA:129,351
DA:130,351
DA:131,351
DA:132,351
DA:133,351
DA:134,351
DA:135,351
DA:136,351
DA:137,1
DA:138,167
DA:139,1
DA:140,0
DA:141,0
DA:142,0
DA:143,1
DA:144,1
DA:145,1
DA:146,1
DA:147,1
DA:148,1
DA:149,1
DA:150,1
DA:151,1
DA:152,1
DA:153,1
DA:154,1
DA:155,1
DA:156,1
DA:157,1
DA:158,1
DA:159,1
DA:160,1
DA:161,1
DA:162,1
DA:163,1
DA:164,1
DA:165,1
DA:166,1
DA:167,1
DA:168,1
DA:169,1
DA:170,1
DA:171,1
DA:172,1
DA:173,1
DA:174,1
DA:175,1
DA:176,1
DA:177,1
DA:178,1
DA:179,1
DA:180,1
DA:181,1
DA:182,1
DA:183,1
DA:184,1
DA:185,1
DA:186,1
DA:187,1
DA:188,1
DA:189,1
DA:190,1
DA:191,1
DA:192,1
DA:193,1
DA:194,1
DA:195,1
LH:192
LF:195
end_of_record
SF:lib/yeeql/table/Schema.ts
FN:1,anonymous_0
FN:6,__name
FN:12,__export
FN:16,__copyProps
FN:23,get
FN:27,__toCommonJS
FN:31,Field
FN:32,schemaToDebugString
FN:undefined,<static_initializer>
FN:undefined,schemaToDebugString
FNDA:1,anonymous_0
FNDA:2,__name
FNDA:2,__export
FNDA:2,__copyProps
FNDA:47,get
FNDA:1,__toCommonJS
FNDA:47,Field
FNDA:0,schemaToDebugString
FNDA:1,<static_initializer>
FNDA:0,schemaToDebugString
FNF:10
FNH:9
BRDA:1,0,0,1
BRDA:1,1,0,1
BRDA:undefined,2,0,0
BRDA:6,3,0,2
BRDA:12,4,0,1
BRDA:13,5,0,2
BRDA:16,6,0,1
BRDA:18,7,0,0
BRDA:20,8,0,2
BRDA:23,9,0,47
BRDA:27,10,0,1
BRDA:31,11,0,47
BRDA:undefined,12,0,1
BRF:13
BRH:12
DA:1,1
DA:2,1
DA:3,1
DA:4,1
DA:5,1
DA:6,1
DA:7,2
DA:8,2
DA:9,2
DA:10,2
DA:11,2
DA:12,1
DA:13,1
DA:14,2
DA:15,2
DA:16,1
DA:17,1
DA:18,1
DA:19,1
DA:20,1
DA:21,2
DA:22,2
DA:23,2
DA:24,2
DA:25,2
DA:26,2
DA:27,1
DA:28,1
DA:29,1
DA:30,1
DA:31,1
DA:32,1
DA:33,1
DA:34,1
DA:35,1
LH:35
LF:35
end_of_record
SF:lib/yeeql/table/Table.ts
FN:1,anonymous_0
FN:7,__name
FN:8,__export
FN:10,__copyProps
FN:18,get
FN:25,__toESM
FN:32,__toCommonJS
FN:33,Table
FN:56,Proxy.get
FN:57,get
FN:60,anonymous_10
FN:61,getSortColumns
FN:62,get
FN:73,makeSubqueriesProxy
FN:82,get
FN:89,getSubqueriesColumns
FN:104,getSubqueriesDependencies
FN:106,anonymous_17
FN:119,anonymous_18
FN:119,makeTiebrokenIdSort
FN:121,anonymous_20
FN:124,Table
FN:148,anonymous_22
FN:155,anonymous_23
FN:165,anonymous_24
FN:177,anonymous_25
FN:186,anonymous_26
FN:186,anonymous_27
FN:188,anonymous_28
FN:188,anonymous_29
FN:206,anonymous_30
FN:208,anonymous_31
FN:208,<static_initializer>
FN:209,<instance_members_initializer>
FN:211,mapValueToRow
FN:215,queryCache
FN:217,anonymous_36
FN:218,queryFinalizer
FN:227,getCachedQuery
FN:234,validateColumns
FN:235,anonymous_40
FN:241,query
FN:246,anonymous_42
FN:281,anonymous_43
FN:299,anonymous_44
FN:308,anonymous_45
FN:311,anonymous_46
FN:316,anonymous_47
FN:321,anonymous_48
FN:323,count
FN:337,anonymous_50
FN:345,anonymous_51
FN:348,anonymous_52
FN:352,groupBy
FN:362,anonymous_54
FN:367,insert
FN:374,update
FN:382,delete
FNDA:1,anonymous_0
FNDA:73,__name
FNDA:1,__export
FNDA:98,__copyProps
FNDA:777,get
FNDA:2,__toESM
FNDA:1,__toCommonJS
FNDA:687,Table
FNDA:6,Proxy.get
FNDA:44,get
FNDA:5,anonymous_10
FNDA:147,getSortColumns
FNDA:156,get
FNDA:173,makeSubqueriesProxy
FNDA:42,get
FNDA:146,getSubqueriesColumns
FNDA:27,getSubqueriesDependencies
FNDA:19,anonymous_17
FNDA:124,anonymous_18
FNDA:110,makeTiebrokenIdSort
FNDA:349,anonymous_20
FNDA:687,Table
FNDA:1,anonymous_22
FNDA:123,anonymous_23
FNDA:6,anonymous_24
FNDA:78,anonymous_25
FNDA:98,anonymous_26
FNDA:100,anonymous_27
FNDA:67,anonymous_28
FNDA:68,anonymous_29
FNDA:120,anonymous_30
FNDA:142,anonymous_31
FNDA:1,<static_initializer>
FNDA:687,<instance_members_initializer>
FNDA:262,mapValueToRow
FNDA:231,queryCache
FNDA:251,anonymous_36
FNDA:0,queryFinalizer
FNDA:295,getCachedQuery
FNDA:244,validateColumns
FNDA:297,anonymous_40
FNDA:149,query
FNDA:0,anonymous_42
FNDA:85,anonymous_43
FNDA:25,anonymous_44
FNDA:8,anonymous_45
FNDA:8,anonymous_46
FNDA:1,anonymous_47
FNDA:2,anonymous_48
FNDA:95,count
FNDA:18,anonymous_50
FNDA:59,anonymous_51
FNDA:7,anonymous_52
FNDA:58,groupBy
FNDA:58,anonymous_54
FNDA:90,insert
FNDA:36,update
FNDA:4,delete
FNF:58
FNH:56
BRDA:1,0,0,1
BRDA:1,1,0,1
BRDA:390,2,0,0
BRDA:7,3,0,73
BRDA:8,4,0,1
BRDA:10,5,0,3
BRDA:13,6,0,1
BRDA:14,7,0,98
BRDA:18,8,0,777
BRDA:25,9,0,2
BRDA:29,10,0,0
BRDA:32,11,0,0
BRDA:32,12,0,1
BRDA:33,13,0,687
BRDA:56,14,0,6
BRDA:57,15,0,44
BRDA:59,16,0,5
BRDA:60,17,0,39
BRDA:60,18,0,5
BRDA:61,19,0,147
BRDA:62,20,0,156
BRDA:64,21,0,134
BRDA:65,22,0,22
BRDA:66,23,0,21
BRDA:67,24,0,21
BRDA:67,25,0,1
BRDA:73,26,0,173
BRDA:82,27,0,42
BRDA:83,28,0,41
BRDA:84,29,0,1
BRDA:89,30,0,146
BRDA:93,31,0,29
BRDA:99,32,0,31
BRDA:99,33,0,27
BRDA:100,34,0,144
BRDA:104,35,0,25
BRDA:108,36,0,27
BRDA:115,37,0,20
BRDA:106,38,0,19
BRDA:119,39,0,124
BRDA:119,40,0,110
BRDA:121,41,0,349
BRDA:121,42,0,228
BRDA:122,43,0,121
BRDA:124,44,0,687
BRDA:134,45,0,459
BRDA:137,46,0,0
BRDA:148,47,0,1
BRDA:155,48,0,120
BRDA:157,49,0,123
BRDA:159,50,0,90
BRDA:159,51,0,94
BRDA:160,52,0,90
BRDA:160,53,0,4
BRDA:170,54,0,4
BRDA:170,55,0,90
BRDA:178,56,0,33
BRDA:183,57,0,34
BRDA:194,58,0,48
BRDA:194,59,0,14
BRDA:197,60,0,44
BRDA:200,61,0,10
BRDA:201,62,0,34
BRDA:165,63,0,6
BRDA:177,64,0,78
BRDA:186,65,0,98
BRDA:186,66,0,100
BRDA:188,67,0,67
BRDA:188,68,0,68
BRDA:206,69,0,120
BRDA:208,70,0,142
BRDA:208,71,0,1
BRDA:209,72,0,687
BRDA:211,73,0,91
BRDA:212,74,0,262
BRDA:212,75,0,171
BRDA:215,76,0,231
BRDA:217,77,0,251
BRDA:227,78,0,295
BRDA:228,79,0,41
BRDA:228,80,0,41
BRDA:228,81,0,254
BRDA:234,82,0,244
BRDA:239,83,0,3
BRDA:235,84,0,297
BRDA:241,85,0,149
BRDA:242,86,0,0
BRDA:243,87,0,0
BRDA:265,88,0,126
BRDA:265,89,0,12
BRDA:265,90,0,137
BRDA:267,91,0,126
BRDA:275,92,0,132
BRDA:277,93,0,106
BRDA:285,94,0,26
BRDA:286,95,0,28
BRDA:287,96,0,1
BRDA:291,97,0,25
BRDA:303,98,0,12
BRDA:305,99,0,11
BRDA:314,100,0,1
BRDA:323,101,0,143
BRDA:281,102,0,85
BRDA:299,103,0,25
BRDA:308,104,0,8
BRDA:311,105,0,8
BRDA:316,106,0,1
BRDA:321,107,0,2
BRDA:323,108,0,95
BRDA:325,109,0,0
BRDA:326,110,0,0
BRDA:332,111,0,62
BRDA:332,112,0,33
BRDA:333,113,0,33
BRDA:340,114,0,61
BRDA:350,115,0,94
BRDA:337,116,0,18
BRDA:345,117,0,59
BRDA:348,118,0,7
BRDA:352,119,0,58
BRDA:362,120,0,58
BRDA:367,121,0,90
BRDA:369,122,0,0
BRDA:374,123,0,36
BRDA:375,124,0,0
BRDA:382,125,0,4
BRDA:383,126,0,0
BRF:127
BRH:116
DA:1,1
DA:2,1
DA:3,1
DA:4,1
DA:5,1
DA:6,1
DA:7,1
DA:8,1
DA:9,1
DA:10,1
DA:11,3
DA:12,3
DA:13,3
DA:14,3
DA:15,98
DA:16,98
DA:17,98
DA:18,98
DA:19,98
DA:20,98
DA:21,98
DA:22,98
DA:23,98
DA:24,3
DA:25,1
DA:26,2
DA:27,2
DA:28,2
DA:29,2
DA:30,2
DA:31,2
DA:32,1
DA:33,1
DA:34,1
DA:35,1
DA:36,1
DA:37,1
DA:38,1
DA:39,1
DA:40,1
DA:41,1
DA:42,1
DA:43,1
DA:44,1
DA:45,1
DA:46,1
DA:47,1
DA:48,1
DA:49,1
DA:50,1
DA:51,1
DA:52,1
DA:53,1
DA:54,1
DA:55,1
DA:56,1
DA:57,1
DA:58,44
DA:59,44
DA:60,44
DA:61,1
DA:62,147
DA:63,156
DA:64,156
DA:65,156
DA:66,22
DA:67,22
DA:68,1
DA:69,1
DA:70,147
DA:71,1
DA:72,1
DA:73,1
DA:74,173
DA:75,173
DA:76,173
DA:77,173
DA:78,173
DA:79,173
DA:80,173
DA:81,173
DA:82,173
DA:83,42
DA:84,42
DA:85,1
DA:86,173
DA:87,1
DA:88,1
DA:89,1
DA:90,146
DA:91,146
DA:92,146
DA:93,146
DA:94,29
DA:95,29
DA:96,29
DA:97,29
DA:98,29
DA:99,29
DA:100,144
DA:101,144
DA:102,1
DA:103,1
DA:104,1
DA:105,25
DA:106,25
DA:107,25
DA:108,25
DA:109,27
DA:110,27
DA:111,27
DA:112,27
DA:113,27
DA:114,27
DA:115,27
DA:116,20
DA:117,1
DA:118,1
DA:119,1
DA:120,110
DA:121,110
DA:122,1
DA:123,1
DA:124,1
DA:125,687
DA:126,687
DA:127,687
DA:128,687
DA:129,687
DA:130,687
DA:131,687
DA:132,687
DA:133,687
DA:134,459
DA:135,459
DA:136,687
DA:137,687
DA:138,0
DA:139,0
DA:140,0
DA:141,0
DA:142,0
DA:143,0
DA:144,687
DA:145,687
DA:146,687
DA:147,687
DA:148,687
DA:149,1
DA:150,1
DA:151,1
DA:152,1
DA:153,1
DA:154,687
DA:155,687
DA:156,120
DA:157,120
DA:158,123
DA:159,123
DA:160,94
DA:161,4
DA:162,4
DA:163,4
DA:164,4
DA:165,4
DA:166,6
DA:167,6
DA:168,94
DA:169,94
DA:170,94
DA:171,90
DA:172,90
DA:173,90
DA:174,90
DA:175,90
DA:176,90
DA:177,90
DA:178,123
DA:179,33
DA:180,33
DA:181,33
DA:182,33
DA:183,33
DA:184,34
DA:185,33
DA:186,33
DA:187,33
DA:188,67
DA:189,33
DA:190,33
DA:191,33
DA:192,33
DA:193,33
DA:194,33
DA:195,14
DA:196,33
DA:197,33
DA:198,44
DA:199,44
DA:200,44
DA:201,44
DA:202,34
DA:203,34
DA:204,34
DA:205,120
DA:206,120
DA:207,120
DA:208,1
DA:209,1
DA:210,687
DA:211,687
DA:212,91
DA:213,687
DA:214,687
DA:215,687
DA:216,231
DA:217,687
DA:218,687
DA:219,0
DA:220,0
DA:221,0
DA:222,0
DA:223,0
DA:224,0
DA:225,0
DA:226,0
DA:227,1
DA:228,295
DA:229,254
DA:230,254
DA:231,254
DA:232,254
DA:233,254
DA:234,1
DA:235,244
DA:236,244
DA:237,244
DA:238,244
DA:239,244
DA:240,3
DA:241,1
DA:242,149
DA:243,149
DA:244,0
DA:245,0
DA:246,0
DA:247,0
DA:248,0
DA:249,0
DA:250,0
DA:251,0
DA:252,0
DA:253,0
DA:254,0
DA:255,0
DA:256,0
DA:257,0
DA:258,0
DA:259,0
DA:260,0
DA:261,0
DA:262,0
DA:263,149
DA:264,149
DA:265,149
DA:266,149
DA:267,149
DA:268,149
DA:269,149
DA:270,149
DA:271,149
DA:272,149
DA:273,149
DA:274,149
DA:275,149
DA:276,132
DA:277,132
DA:278,106
DA:279,106
DA:280,106
DA:281,106
DA:282,85
DA:283,85
DA:284,85
DA:285,132
DA:286,26
DA:287,28
DA:288,1
DA:289,1
DA:290,1
DA:291,26
DA:292,25
DA:293,25
DA:294,25
DA:295,25
DA:296,25
DA:297,25
DA:298,25
DA:299,25
DA:300,25
DA:301,25
DA:302,25
DA:303,149
DA:304,12
DA:305,12
DA:306,11
DA:307,11
DA:308,11
DA:309,8
DA:310,8
DA:311,8
DA:312,8
DA:313,8
DA:314,12
DA:315,1
DA:316,1
DA:317,1
DA:318,1
DA:319,1
DA:320,1
DA:321,1
DA:322,2
DA:323,1
DA:324,95
DA:325,95
DA:326,95
DA:327,0
DA:328,0
DA:329,0
DA:330,95
DA:331,95
DA:332,95
DA:333,95
DA:334,33
DA:335,33
DA:336,33
DA:337,33
DA:338,18
DA:339,18
DA:340,95
DA:341,61
DA:342,61
DA:343,61
DA:344,61
DA:345,61
DA:346,59
DA:347,59
DA:348,59
DA:349,7
DA:350,61
DA:351,94
DA:352,1
DA:353,58
DA:354,58
DA:355,58
DA:356,58
DA:357,58
DA:358,58
DA:359,58
DA:360,58
DA:361,58
DA:362,58
DA:363,58
DA:364,58
DA:365,58
DA:366,58
DA:367,1
DA:368,90
DA:369,90
DA:370,0
DA:371,0
DA:372,0
DA:373,0
DA:374,1
DA:375,36
DA:376,0
DA:377,0
DA:378,0
DA:379,0
DA:380,0
DA:381,36
DA:382,1
DA:383,4
DA:384,0
DA:385,0
DA:386,0
DA:387,0
DA:388,4
DA:389,4
DA:390,1
DA:391,1
DA:392,1
DA:393,1
DA:394,1
DA:395,1
DA:396,1
DA:397,1
DA:398,1
DA:399,1
DA:400,1
DA:401,1
DA:402,1
DA:403,1
DA:404,1
DA:405,1
DA:406,1
DA:407,1
DA:408,1
DA:409,1
DA:410,1
DA:411,1
DA:412,1
DA:413,1
DA:414,1
DA:415,1
DA:416,1
DA:417,1
DA:418,1
DA:419,1
DA:420,1
DA:421,1
DA:422,1
DA:423,1
DA:424,1
DA:425,1
DA:426,1
DA:427,1
DA:428,1
DA:429,1
DA:430,1
DA:431,1
DA:432,1
DA:433,1
DA:434,1
DA:435,1
DA:436,1
DA:437,1
DA:438,1
DA:439,1
DA:440,1
DA:441,1
DA:442,1
DA:443,1
DA:444,1
DA:445,1
DA:446,1
DA:447,1
DA:448,1
DA:449,1
DA:450,1
DA:451,1
DA:452,1
DA:453,1
DA:454,1
DA:455,1
DA:456,1
DA:457,1
DA:458,1
DA:459,1
DA:460,1
DA:461,1
DA:462,1
DA:463,1
DA:464,1
DA:465,1
DA:466,1
DA:467,1
DA:468,1
DA:469,1
DA:470,1
DA:471,1
DA:472,1
DA:473,1
DA:474,1
DA:475,1
DA:476,1
DA:477,1
DA:478,1
DA:479,1
DA:480,1
DA:481,1
DA:482,1
DA:483,1
DA:484,1
DA:485,1
DA:486,1
DA:487,1
DA:488,1
DA:489,1
DA:490,1
DA:491,1
DA:492,1
DA:493,1
DA:494,1
DA:495,1
DA:496,1
DA:497,1
DA:498,1
DA:499,1
DA:500,1
DA:501,1
DA:502,1
DA:503,1
DA:504,1
DA:505,1
DA:506,1
DA:507,1
DA:508,1
DA:509,1
DA:510,1
DA:511,1
DA:512,1
DA:513,1
DA:514,1
DA:515,1
DA:516,1
DA:517,1
DA:518,1
DA:519,1
DA:520,1
DA:521,1
DA:522,1
DA:523,1
DA:524,1
DA:525,1
DA:526,1
DA:527,1
DA:528,1
DA:529,1
DA:530,1
DA:531,1
DA:532,1
DA:533,1
DA:534,1
DA:535,1
DA:536,1
DA:537,1
DA:538,1
DA:539,1
DA:540,1
DA:541,1
DA:542,1
DA:543,1
DA:544,1
DA:545,1
DA:546,1
DA:547,1
DA:548,1
DA:549,1
DA:550,1
DA:551,1
DA:552,1
DA:553,1
DA:554,1
DA:555,1
DA:556,1
DA:557,1
DA:558,1
DA:559,1
DA:560,1
DA:561,1
DA:562,1
DA:563,1
DA:564,1
DA:565,1
DA:566,1
DA:567,1
DA:568,1
DA:569,1
DA:570,1
DA:571,1
DA:572,1
DA:573,1
DA:574,1
DA:575,1
DA:576,1
DA:577,1
DA:578,1
DA:579,1
DA:580,1
DA:581,1
DA:582,1
DA:583,1
DA:584,1
DA:585,1
DA:586,1
DA:587,1
DA:588,1
DA:589,1
DA:590,1
DA:591,1
DA:592,1
DA:593,1
DA:594,1
DA:595,1
DA:596,1
DA:597,1
DA:598,1
DA:599,1
DA:600,1
DA:601,1
DA:602,1
DA:603,1
DA:604,1
DA:605,1
DA:606,1
DA:607,1
DA:608,1
DA:609,1
DA:610,1
DA:611,1
DA:612,1
DA:613,1
DA:614,1
DA:615,1
DA:616,1
DA:617,1
DA:618,1
DA:619,1
DA:620,1
DA:621,1
DA:622,1
DA:623,1
DA:624,1
DA:625,1
DA:626,1
DA:627,1
LH:578
LF:627
end_of_record
