<?xml version="1.0" encoding="UTF-8"?>
<coverage generated="1707066948241" clover="3.2.0">
  <project timestamp="1707066948241" name="All files">
    <metrics statements="1914" coveredstatements="1914" conditionals="284" coveredconditionals="284" methods="85" coveredmethods="85" elements="2283" coveredelements="2283" complexity="0" loc="1914" ncloc="1914" packages="8" files="22" classes="22"/>
    <package name="lib">
      <metrics statements="7" coveredstatements="7" conditionals="0" coveredconditionals="0" methods="0" coveredmethods="0"/>
      <file name="index.ts" path="/Users/luke/yeeql/lib/index.ts">
        <metrics statements="5" coveredstatements="5" conditionals="0" coveredconditionals="0" methods="0" coveredmethods="0"/>
        <line num="1" count="2" type="stmt"/>
        <line num="2" count="2" type="stmt"/>
        <line num="3" count="2" type="stmt"/>
        <line num="4" count="2" type="stmt"/>
        <line num="5" count="2" type="stmt"/>
      </file>
      <file name="yeeql.ts" path="/Users/luke/yeeql/lib/yeeql.ts">
        <metrics statements="2" coveredstatements="2" conditionals="0" coveredconditionals="0" methods="0" coveredmethods="0"/>
        <line num="1" count="1" type="stmt"/>
        <line num="2" count="1" type="stmt"/>
      </file>
    </package>
    <package name="lib.common">
      <metrics statements="137" coveredstatements="137" conditionals="19" coveredconditionals="19" methods="10" coveredmethods="10"/>
      <file name="DefaultMap.ts" path="/Users/luke/yeeql/lib/common/DefaultMap.ts">
        <metrics statements="23" coveredstatements="23" conditionals="2" coveredconditionals="2" methods="1" coveredmethods="1"/>
        <line num="1" count="2" type="stmt"/>
        <line num="2" count="2" type="stmt"/>
        <line num="3" count="2" type="stmt"/>
        <line num="4" count="2" type="stmt"/>
        <line num="5" count="2" type="stmt"/>
        <line num="6" count="2" type="stmt"/>
        <line num="7" count="2" type="stmt"/>
        <line num="8" count="2" type="stmt"/>
        <line num="9" count="2" type="stmt"/>
        <line num="10" count="2" type="stmt"/>
        <line num="11" count="2" type="cond" truecount="1" falsecount="0"/>
        <line num="12" count="1096" type="stmt"/>
        <line num="13" count="1096" type="stmt"/>
        <line num="14" count="1096" type="stmt"/>
        <line num="15" count="2" type="stmt"/>
        <line num="16" count="2" type="stmt"/>
        <line num="17" count="2" type="stmt"/>
        <line num="18" count="2" type="cond" truecount="1" falsecount="0"/>
        <line num="19" count="604" type="stmt"/>
        <line num="20" count="604" type="stmt"/>
        <line num="21" count="2" type="stmt"/>
        <line num="22" count="2" type="stmt"/>
        <line num="23" count="2" type="stmt"/>
      </file>
      <file name="array.ts" path="/Users/luke/yeeql/lib/common/array.ts">
        <metrics statements="55" coveredstatements="55" conditionals="8" coveredconditionals="8" methods="4" coveredmethods="4"/>
        <line num="1" count="273" type="cond" truecount="1" falsecount="0"/>
        <line num="2" count="273" type="stmt"/>
        <line num="3" count="273" type="stmt"/>
        <line num="4" count="273" type="stmt"/>
        <line num="5" count="273" type="stmt"/>
        <line num="6" count="273" type="stmt"/>
        <line num="7" count="273" type="stmt"/>
        <line num="8" count="273" type="cond" truecount="1" falsecount="0"/>
        <line num="9" count="231" type="stmt"/>
        <line num="10" count="231" type="cond" truecount="2" falsecount="0"/>
        <line num="11" count="81" type="stmt"/>
        <line num="12" count="223" type="cond" truecount="1" falsecount="0"/>
        <line num="13" count="150" type="stmt"/>
        <line num="14" count="150" type="stmt"/>
        <line num="15" count="231" type="stmt"/>
        <line num="16" count="273" type="stmt"/>
        <line num="17" count="273" type="stmt"/>
        <line num="18" count="2" type="stmt"/>
        <line num="19" count="2" type="cond" truecount="1" falsecount="0"/>
        <line num="20" count="83" type="stmt"/>
        <line num="21" count="83" type="stmt"/>
        <line num="22" count="83" type="stmt"/>
        <line num="23" count="83" type="stmt"/>
        <line num="24" count="83" type="stmt"/>
        <line num="25" count="83" type="stmt"/>
        <line num="26" count="83" type="stmt"/>
        <line num="27" count="83" type="stmt"/>
        <line num="28" count="83" type="stmt"/>
        <line num="29" count="83" type="stmt"/>
        <line num="30" count="83" type="stmt"/>
        <line num="31" count="83" type="stmt"/>
        <line num="32" count="2" type="stmt"/>
        <line num="33" count="2" type="cond" truecount="1" falsecount="0"/>
        <line num="34" count="190" type="stmt"/>
        <line num="35" count="190" type="stmt"/>
        <line num="36" count="190" type="stmt"/>
        <line num="37" count="190" type="stmt"/>
        <line num="38" count="190" type="stmt"/>
        <line num="39" count="190" type="stmt"/>
        <line num="40" count="190" type="stmt"/>
        <line num="41" count="190" type="stmt"/>
        <line num="42" count="2" type="stmt"/>
        <line num="43" count="2" type="cond" truecount="1" falsecount="0"/>
        <line num="44" count="83" type="stmt"/>
        <line num="45" count="83" type="stmt"/>
        <line num="46" count="83" type="stmt"/>
        <line num="47" count="83" type="stmt"/>
        <line num="48" count="83" type="stmt"/>
        <line num="49" count="83" type="stmt"/>
        <line num="50" count="83" type="stmt"/>
        <line num="51" count="83" type="stmt"/>
        <line num="52" count="83" type="stmt"/>
        <line num="53" count="83" type="stmt"/>
        <line num="54" count="83" type="stmt"/>
        <line num="55" count="83" type="stmt"/>
      </file>
      <file name="debug.ts" path="/Users/luke/yeeql/lib/common/debug.ts">
        <metrics statements="22" coveredstatements="22" conditionals="0" coveredconditionals="0" methods="1" coveredmethods="1"/>
        <line num="1" count="2" type="stmt"/>
        <line num="2" count="2" type="stmt"/>
        <line num="3" count="2" type="stmt"/>
        <line num="4" count="2" type="stmt"/>
        <line num="5" count="2" type="stmt"/>
        <line num="6" count="2" type="stmt"/>
        <line num="7" count="2" type="stmt"/>
        <line num="8" count="2" type="stmt"/>
        <line num="9" count="2" type="stmt"/>
        <line num="10" count="2" type="stmt"/>
        <line num="11" count="2" type="stmt"/>
        <line num="12" count="2" type="stmt"/>
        <line num="13" count="2" type="stmt"/>
        <line num="14" count="2" type="stmt"/>
        <line num="15" count="2" type="stmt"/>
        <line num="16" count="2" type="stmt"/>
        <line num="17" count="2" type="stmt"/>
        <line num="18" count="2" type="stmt"/>
        <line num="19" count="2" type="stmt"/>
        <line num="20" count="2" type="stmt"/>
        <line num="21" count="2" type="stmt"/>
        <line num="22" count="2" type="stmt"/>
      </file>
      <file name="string.ts" path="/Users/luke/yeeql/lib/common/string.ts">
        <metrics statements="9" coveredstatements="9" conditionals="5" coveredconditionals="5" methods="1" coveredmethods="1"/>
        <line num="1" count="2" type="cond" truecount="1" falsecount="0"/>
        <line num="2" count="276" type="cond" truecount="1" falsecount="0"/>
        <line num="3" count="13" type="stmt"/>
        <line num="4" count="276" type="cond" truecount="2" falsecount="0"/>
        <line num="5" count="14" type="stmt"/>
        <line num="6" count="263" type="cond" truecount="1" falsecount="0"/>
        <line num="7" count="249" type="stmt"/>
        <line num="8" count="249" type="stmt"/>
        <line num="9" count="276" type="stmt"/>
      </file>
      <file name="uuid.ts" path="/Users/luke/yeeql/lib/common/uuid.ts">
        <metrics statements="28" coveredstatements="28" conditionals="4" coveredconditionals="4" methods="3" coveredmethods="3"/>
        <line num="1" count="2" type="stmt"/>
        <line num="2" count="2" type="stmt"/>
        <line num="3" count="2" type="stmt"/>
        <line num="4" count="2" type="stmt"/>
        <line num="5" count="2" type="stmt"/>
        <line num="6" count="2" type="stmt"/>
        <line num="7" count="2" type="stmt"/>
        <line num="8" count="2" type="cond" truecount="1" falsecount="0"/>
        <line num="9" count="20100" type="stmt"/>
        <line num="10" count="20100" type="stmt"/>
        <line num="11" count="20100" type="stmt"/>
        <line num="12" count="20100" type="stmt"/>
        <line num="13" count="2" type="stmt"/>
        <line num="14" count="2" type="cond" truecount="1" falsecount="0"/>
        <line num="15" count="1" type="stmt"/>
        <line num="16" count="1" type="stmt"/>
        <line num="17" count="2" type="cond" truecount="1" falsecount="0"/>
        <line num="18" count="2" type="stmt"/>
        <line num="19" count="2" type="cond" truecount="1" falsecount="0"/>
        <line num="20" count="1" type="stmt"/>
        <line num="21" count="1" type="stmt"/>
        <line num="22" count="1" type="stmt"/>
        <line num="23" count="1" type="stmt"/>
        <line num="24" count="1" type="stmt"/>
        <line num="25" count="2" type="stmt"/>
        <line num="26" count="2" type="stmt"/>
        <line num="27" count="2" type="stmt"/>
        <line num="28" count="2" type="stmt"/>
      </file>
    </package>
    <package name="lib.yeeql">
      <metrics statements="24" coveredstatements="24" conditionals="1" coveredconditionals="1" methods="1" coveredmethods="1"/>
      <file name="YInterfaces.ts" path="/Users/luke/yeeql/lib/yeeql/YInterfaces.ts">
        <metrics statements="24" coveredstatements="24" conditionals="1" coveredconditionals="1" methods="1" coveredmethods="1"/>
        <line num="1" count="1" type="cond" truecount="1" falsecount="0"/>
        <line num="2" count="1" type="stmt"/>
        <line num="3" count="1" type="stmt"/>
        <line num="4" count="1" type="stmt"/>
        <line num="5" count="1" type="stmt"/>
        <line num="6" count="1" type="stmt"/>
        <line num="7" count="1" type="stmt"/>
        <line num="8" count="1" type="stmt"/>
        <line num="9" count="1" type="stmt"/>
        <line num="10" count="1" type="stmt"/>
        <line num="11" count="1" type="stmt"/>
        <line num="12" count="1" type="stmt"/>
        <line num="13" count="1" type="stmt"/>
        <line num="14" count="1" type="stmt"/>
        <line num="15" count="1" type="stmt"/>
        <line num="16" count="1" type="stmt"/>
        <line num="17" count="1" type="stmt"/>
        <line num="18" count="1" type="stmt"/>
        <line num="19" count="1" type="stmt"/>
        <line num="20" count="1" type="stmt"/>
        <line num="21" count="1" type="stmt"/>
        <line num="22" count="1" type="stmt"/>
        <line num="23" count="1" type="stmt"/>
        <line num="24" count="1" type="stmt"/>
      </file>
    </package>
    <package name="lib.yeeql.query">
      <metrics statements="181" coveredstatements="181" conditionals="12" coveredconditionals="12" methods="7" coveredmethods="7"/>
      <file name="Query.ts" path="/Users/luke/yeeql/lib/yeeql/query/Query.ts">
        <metrics statements="27" coveredstatements="27" conditionals="0" coveredconditionals="0" methods="0" coveredmethods="0"/>
        <line num="1" count="2" type="stmt"/>
        <line num="2" count="2" type="stmt"/>
        <line num="3" count="2" type="stmt"/>
        <line num="4" count="2" type="stmt"/>
        <line num="5" count="2" type="stmt"/>
        <line num="6" count="2" type="stmt"/>
        <line num="7" count="2" type="stmt"/>
        <line num="8" count="2" type="stmt"/>
        <line num="9" count="2" type="stmt"/>
        <line num="10" count="2" type="stmt"/>
        <line num="11" count="2" type="stmt"/>
        <line num="12" count="2" type="stmt"/>
        <line num="13" count="2" type="stmt"/>
        <line num="14" count="2" type="stmt"/>
        <line num="15" count="2" type="stmt"/>
        <line num="16" count="2" type="stmt"/>
        <line num="17" count="2" type="stmt"/>
        <line num="18" count="2" type="stmt"/>
        <line num="19" count="2" type="stmt"/>
        <line num="20" count="2" type="stmt"/>
        <line num="21" count="2" type="stmt"/>
        <line num="22" count="2" type="stmt"/>
        <line num="23" count="2" type="stmt"/>
        <line num="24" count="2" type="stmt"/>
        <line num="25" count="2" type="stmt"/>
        <line num="26" count="2" type="stmt"/>
        <line num="27" count="2" type="stmt"/>
      </file>
      <file name="QueryBase.ts" path="/Users/luke/yeeql/lib/yeeql/query/QueryBase.ts">
        <metrics statements="90" coveredstatements="90" conditionals="11" coveredconditionals="11" methods="6" coveredmethods="6"/>
        <line num="1" count="2" type="stmt"/>
        <line num="2" count="2" type="stmt"/>
        <line num="3" count="2" type="stmt"/>
        <line num="4" count="2" type="stmt"/>
        <line num="5" count="2" type="stmt"/>
        <line num="6" count="2" type="stmt"/>
        <line num="7" count="2" type="stmt"/>
        <line num="8" count="2" type="stmt"/>
        <line num="9" count="2" type="stmt"/>
        <line num="10" count="2" type="stmt"/>
        <line num="11" count="2" type="stmt"/>
        <line num="12" count="2" type="stmt"/>
        <line num="13" count="2" type="stmt"/>
        <line num="14" count="2" type="stmt"/>
        <line num="15" count="2" type="stmt"/>
        <line num="16" count="2" type="stmt"/>
        <line num="17" count="2" type="stmt"/>
        <line num="18" count="2" type="stmt"/>
        <line num="19" count="2" type="stmt"/>
        <line num="20" count="2" type="stmt"/>
        <line num="21" count="2" type="stmt"/>
        <line num="22" count="2" type="stmt"/>
        <line num="23" count="2" type="stmt"/>
        <line num="24" count="2" type="stmt"/>
        <line num="25" count="2" type="cond" truecount="1" falsecount="0"/>
        <line num="26" count="152" type="stmt"/>
        <line num="27" count="152" type="stmt"/>
        <line num="28" count="152" type="stmt"/>
        <line num="29" count="152" type="stmt"/>
        <line num="30" count="152" type="stmt"/>
        <line num="31" count="152" type="stmt"/>
        <line num="32" count="152" type="cond" truecount="1" falsecount="0"/>
        <line num="33" count="18" type="stmt"/>
        <line num="34" count="18" type="stmt"/>
        <line num="35" count="152" type="stmt"/>
        <line num="36" count="152" type="stmt"/>
        <line num="37" count="152" type="stmt"/>
        <line num="38" count="2" type="stmt"/>
        <line num="39" count="2" type="cond" truecount="1" falsecount="0"/>
        <line num="40" count="52" type="stmt"/>
        <line num="41" count="52" type="stmt"/>
        <line num="42" count="2" type="stmt"/>
        <line num="43" count="2" type="cond" truecount="1" falsecount="0"/>
        <line num="44" count="8" type="stmt"/>
        <line num="45" count="8" type="stmt"/>
        <line num="46" count="2" type="stmt"/>
        <line num="47" count="2" type="stmt"/>
        <line num="48" count="2" type="stmt"/>
        <line num="49" count="2" type="stmt"/>
        <line num="50" count="2" type="stmt"/>
        <line num="51" count="2" type="stmt"/>
        <line num="52" count="2" type="stmt"/>
        <line num="53" count="2" type="stmt"/>
        <line num="54" count="2" type="stmt"/>
        <line num="55" count="2" type="stmt"/>
        <line num="56" count="2" type="stmt"/>
        <line num="57" count="2" type="stmt"/>
        <line num="58" count="2" type="stmt"/>
        <line num="59" count="2" type="stmt"/>
        <line num="60" count="2" type="stmt"/>
        <line num="61" count="2" type="stmt"/>
        <line num="62" count="2" type="stmt"/>
        <line num="63" count="2" type="stmt"/>
        <line num="64" count="2" type="stmt"/>
        <line num="65" count="2" type="stmt"/>
        <line num="66" count="2" type="stmt"/>
        <line num="67" count="2" type="stmt"/>
        <line num="68" count="2" type="cond" truecount="1" falsecount="0"/>
        <line num="69" count="204" type="stmt"/>
        <line num="70" count="204" type="stmt"/>
        <line num="71" count="204" type="stmt"/>
        <line num="72" count="204" type="stmt"/>
        <line num="73" count="204" type="cond" truecount="1" falsecount="0"/>
        <line num="74" count="256" type="stmt"/>
        <line num="75" count="256" type="cond" truecount="1" falsecount="0"/>
        <line num="76" count="52" type="stmt"/>
        <line num="77" count="256" type="cond" truecount="1" falsecount="0"/>
        <line num="78" count="204" type="stmt"/>
        <line num="79" count="204" type="stmt"/>
        <line num="80" count="256" type="stmt"/>
        <line num="81" count="256" type="stmt"/>
        <line num="82" count="204" type="stmt"/>
        <line num="83" count="204" type="stmt"/>
        <line num="84" count="204" type="stmt"/>
        <line num="85" count="204" type="cond" truecount="1" falsecount="0"/>
        <line num="86" count="201" type="cond" truecount="1" falsecount="0"/>
        <line num="87" count="201" type="cond" truecount="1" falsecount="0"/>
        <line num="88" count="201" type="stmt"/>
        <line num="89" count="204" type="stmt"/>
        <line num="90" count="2" type="stmt"/>
      </file>
      <file name="subquery.ts" path="/Users/luke/yeeql/lib/yeeql/query/subquery.ts">
        <metrics statements="64" coveredstatements="64" conditionals="1" coveredconditionals="1" methods="1" coveredmethods="1"/>
        <line num="1" count="1" type="cond" truecount="1" falsecount="0"/>
        <line num="2" count="1" type="stmt"/>
        <line num="3" count="1" type="stmt"/>
        <line num="4" count="1" type="stmt"/>
        <line num="5" count="1" type="stmt"/>
        <line num="6" count="1" type="stmt"/>
        <line num="7" count="1" type="stmt"/>
        <line num="8" count="1" type="stmt"/>
        <line num="9" count="1" type="stmt"/>
        <line num="10" count="1" type="stmt"/>
        <line num="11" count="1" type="stmt"/>
        <line num="12" count="1" type="stmt"/>
        <line num="13" count="1" type="stmt"/>
        <line num="14" count="1" type="stmt"/>
        <line num="15" count="1" type="stmt"/>
        <line num="16" count="1" type="stmt"/>
        <line num="17" count="1" type="stmt"/>
        <line num="18" count="1" type="stmt"/>
        <line num="19" count="1" type="stmt"/>
        <line num="20" count="1" type="stmt"/>
        <line num="21" count="1" type="stmt"/>
        <line num="22" count="1" type="stmt"/>
        <line num="23" count="1" type="stmt"/>
        <line num="24" count="1" type="stmt"/>
        <line num="25" count="1" type="stmt"/>
        <line num="26" count="1" type="stmt"/>
        <line num="27" count="1" type="stmt"/>
        <line num="28" count="1" type="stmt"/>
        <line num="29" count="1" type="stmt"/>
        <line num="30" count="1" type="stmt"/>
        <line num="31" count="1" type="stmt"/>
        <line num="32" count="1" type="stmt"/>
        <line num="33" count="1" type="stmt"/>
        <line num="34" count="1" type="stmt"/>
        <line num="35" count="1" type="stmt"/>
        <line num="36" count="1" type="stmt"/>
        <line num="37" count="1" type="stmt"/>
        <line num="38" count="1" type="stmt"/>
        <line num="39" count="1" type="stmt"/>
        <line num="40" count="1" type="stmt"/>
        <line num="41" count="1" type="stmt"/>
        <line num="42" count="1" type="stmt"/>
        <line num="43" count="1" type="stmt"/>
        <line num="44" count="1" type="stmt"/>
        <line num="45" count="1" type="stmt"/>
        <line num="46" count="1" type="stmt"/>
        <line num="47" count="1" type="stmt"/>
        <line num="48" count="1" type="stmt"/>
        <line num="49" count="1" type="stmt"/>
        <line num="50" count="1" type="stmt"/>
        <line num="51" count="1" type="stmt"/>
        <line num="52" count="1" type="stmt"/>
        <line num="53" count="1" type="stmt"/>
        <line num="54" count="1" type="stmt"/>
        <line num="55" count="1" type="stmt"/>
        <line num="56" count="1" type="stmt"/>
        <line num="57" count="1" type="stmt"/>
        <line num="58" count="1" type="stmt"/>
        <line num="59" count="1" type="stmt"/>
        <line num="60" count="1" type="stmt"/>
        <line num="61" count="1" type="stmt"/>
        <line num="62" count="1" type="stmt"/>
        <line num="63" count="1" type="stmt"/>
        <line num="64" count="1" type="stmt"/>
      </file>
    </package>
    <package name="lib.yeeql.query.implementation">
      <metrics statements="568" coveredstatements="568" conditionals="92" coveredconditionals="92" methods="32" coveredmethods="32"/>
      <file name="CountQueryImpl.ts" path="/Users/luke/yeeql/lib/yeeql/query/implementation/CountQueryImpl.ts">
        <metrics statements="49" coveredstatements="49" conditionals="11" coveredconditionals="11" methods="4" coveredmethods="4"/>
        <line num="1" count="2" type="stmt"/>
        <line num="2" count="2" type="stmt"/>
        <line num="3" count="2" type="stmt"/>
        <line num="4" count="2" type="stmt"/>
        <line num="5" count="2" type="stmt"/>
        <line num="6" count="2" type="stmt"/>
        <line num="7" count="2" type="stmt"/>
        <line num="8" count="2" type="stmt"/>
        <line num="9" count="2" type="stmt"/>
        <line num="10" count="2" type="stmt"/>
        <line num="11" count="2" type="stmt"/>
        <line num="12" count="2" type="cond" truecount="1" falsecount="0"/>
        <line num="13" count="18" type="stmt"/>
        <line num="14" count="18" type="stmt"/>
        <line num="15" count="18" type="stmt"/>
        <line num="16" count="18" type="stmt"/>
        <line num="17" count="18" type="stmt"/>
        <line num="18" count="18" type="cond" truecount="1" falsecount="0"/>
        <line num="19" count="28" type="cond" truecount="1" falsecount="0"/>
        <line num="20" count="33" type="cond" truecount="1" falsecount="0"/>
        <line num="21" count="14" type="stmt"/>
        <line num="22" count="14" type="stmt"/>
        <line num="23" count="33" type="cond" truecount="1" falsecount="0"/>
        <line num="24" count="14" type="stmt"/>
        <line num="25" count="14" type="stmt"/>
        <line num="26" count="18" type="stmt"/>
        <line num="27" count="2" type="stmt"/>
        <line num="28" count="2" type="stmt"/>
        <line num="29" count="2" type="stmt"/>
        <line num="30" count="2" type="stmt"/>
        <line num="31" count="2" type="stmt"/>
        <line num="32" count="2" type="cond" truecount="1" falsecount="0"/>
        <line num="33" count="8" type="cond" truecount="1" falsecount="0"/>
        <line num="34" count="8" type="stmt"/>
        <line num="35" count="8" type="stmt"/>
        <line num="36" count="8" type="stmt"/>
        <line num="37" count="8" type="stmt"/>
        <line num="38" count="2" type="stmt"/>
        <line num="39" count="2" type="cond" truecount="1" falsecount="0"/>
        <line num="40" count="6" type="cond" truecount="1" falsecount="0"/>
        <line num="41" count="6" type="stmt"/>
        <line num="42" count="6" type="stmt"/>
        <line num="43" count="6" type="stmt"/>
        <line num="44" count="6" type="stmt"/>
        <line num="45" count="2" type="stmt"/>
        <line num="46" count="2" type="cond" truecount="1" falsecount="0"/>
        <line num="47" count="1" type="cond" truecount="1" falsecount="0"/>
        <line num="48" count="1" type="stmt"/>
        <line num="49" count="2" type="stmt"/>
      </file>
      <file name="GroupedQueryImpl.ts" path="/Users/luke/yeeql/lib/yeeql/query/implementation/GroupedQueryImpl.ts">
        <metrics statements="184" coveredstatements="184" conditionals="43" coveredconditionals="43" methods="16" coveredmethods="16"/>
        <line num="1" count="2" type="stmt"/>
        <line num="2" count="2" type="stmt"/>
        <line num="3" count="2" type="stmt"/>
        <line num="4" count="2" type="stmt"/>
        <line num="5" count="2" type="stmt"/>
        <line num="6" count="2" type="stmt"/>
        <line num="7" count="2" type="stmt"/>
        <line num="8" count="2" type="stmt"/>
        <line num="9" count="2" type="stmt"/>
        <line num="10" count="2" type="stmt"/>
        <line num="11" count="2" type="stmt"/>
        <line num="12" count="2" type="stmt"/>
        <line num="13" count="2" type="stmt"/>
        <line num="14" count="2" type="stmt"/>
        <line num="15" count="2" type="stmt"/>
        <line num="16" count="2" type="stmt"/>
        <line num="17" count="2" type="stmt"/>
        <line num="18" count="2" type="stmt"/>
        <line num="19" count="2" type="stmt"/>
        <line num="20" count="2" type="stmt"/>
        <line num="21" count="2" type="stmt"/>
        <line num="22" count="2" type="cond" truecount="1" falsecount="0"/>
        <line num="23" count="17" type="stmt"/>
        <line num="24" count="17" type="stmt"/>
        <line num="25" count="17" type="stmt"/>
        <line num="26" count="17" type="stmt"/>
        <line num="27" count="17" type="stmt"/>
        <line num="28" count="17" type="stmt"/>
        <line num="29" count="17" type="stmt"/>
        <line num="30" count="17" type="stmt"/>
        <line num="31" count="17" type="stmt"/>
        <line num="32" count="17" type="cond" truecount="1" falsecount="0"/>
        <line num="33" count="19" type="cond" truecount="2" falsecount="0"/>
        <line num="34" count="3" type="stmt"/>
        <line num="35" count="17" type="cond" truecount="1" falsecount="0"/>
        <line num="36" count="1" type="cond" truecount="1" falsecount="0"/>
        <line num="37" count="2" type="stmt"/>
        <line num="38" count="1" type="stmt"/>
        <line num="39" count="1" type="stmt"/>
        <line num="40" count="17" type="cond" truecount="1" falsecount="0"/>
        <line num="41" count="17" type="cond" truecount="1" falsecount="0"/>
        <line num="42" count="17" type="stmt"/>
        <line num="43" count="17" type="stmt"/>
        <line num="44" count="17" type="cond" truecount="1" falsecount="0"/>
        <line num="45" count="13" type="stmt"/>
        <line num="46" count="13" type="stmt"/>
        <line num="47" count="13" type="cond" truecount="1" falsecount="0"/>
        <line num="48" count="13" type="cond" truecount="1" falsecount="0"/>
        <line num="49" count="25" type="stmt"/>
        <line num="50" count="25" type="cond" truecount="1" falsecount="0"/>
        <line num="51" count="9" type="stmt"/>
        <line num="52" count="25" type="cond" truecount="1" falsecount="0"/>
        <line num="53" count="16" type="stmt"/>
        <line num="54" count="16" type="stmt"/>
        <line num="55" count="25" type="stmt"/>
        <line num="56" count="13" type="stmt"/>
        <line num="57" count="13" type="stmt"/>
        <line num="58" count="17" type="cond" truecount="1" falsecount="0"/>
        <line num="59" count="17" type="cond" truecount="1" falsecount="0"/>
        <line num="60" count="2" type="stmt"/>
        <line num="61" count="2" type="stmt"/>
        <line num="62" count="2" type="cond" truecount="1" falsecount="0"/>
        <line num="63" count="2" type="cond" truecount="1" falsecount="0"/>
        <line num="64" count="3" type="stmt"/>
        <line num="65" count="3" type="cond" truecount="1" falsecount="0"/>
        <line num="66" count="3" type="stmt"/>
        <line num="67" count="2" type="stmt"/>
        <line num="68" count="2" type="stmt"/>
        <line num="69" count="17" type="cond" truecount="1" falsecount="0"/>
        <line num="70" count="5" type="stmt"/>
        <line num="71" count="5" type="stmt"/>
        <line num="72" count="17" type="stmt"/>
        <line num="73" count="17" type="stmt"/>
        <line num="74" count="17" type="stmt"/>
        <line num="75" count="17" type="cond" truecount="1" falsecount="0"/>
        <line num="76" count="9" type="cond" truecount="1" falsecount="0"/>
        <line num="77" count="2" type="stmt"/>
        <line num="78" count="2" type="stmt"/>
        <line num="79" count="2" type="stmt"/>
        <line num="80" count="2" type="cond" truecount="1" falsecount="0"/>
        <line num="81" count="7" type="stmt"/>
        <line num="82" count="7" type="stmt"/>
        <line num="83" count="7" type="cond" truecount="1" falsecount="0"/>
        <line num="84" count="5" type="stmt"/>
        <line num="85" count="5" type="cond" truecount="1" falsecount="0"/>
        <line num="86" count="2" type="stmt"/>
        <line num="87" count="2" type="stmt"/>
        <line num="88" count="9" type="stmt"/>
        <line num="89" count="17" type="stmt"/>
        <line num="90" count="2" type="stmt"/>
        <line num="91" count="2" type="stmt"/>
        <line num="92" count="2" type="stmt"/>
        <line num="93" count="2" type="stmt"/>
        <line num="94" count="2" type="stmt"/>
        <line num="95" count="2" type="stmt"/>
        <line num="96" count="2" type="stmt"/>
        <line num="97" count="2" type="stmt"/>
        <line num="98" count="2" type="stmt"/>
        <line num="99" count="2" type="stmt"/>
        <line num="100" count="2" type="stmt"/>
        <line num="101" count="2" type="stmt"/>
        <line num="102" count="2" type="stmt"/>
        <line num="103" count="2" type="stmt"/>
        <line num="104" count="2" type="cond" truecount="1" falsecount="0"/>
        <line num="105" count="21" type="stmt"/>
        <line num="106" count="21" type="stmt"/>
        <line num="107" count="21" type="stmt"/>
        <line num="108" count="21" type="stmt"/>
        <line num="109" count="21" type="stmt"/>
        <line num="110" count="21" type="cond" truecount="1" falsecount="0"/>
        <line num="111" count="16" type="cond" truecount="1" falsecount="0"/>
        <line num="112" count="16" type="stmt"/>
        <line num="113" count="16" type="stmt"/>
        <line num="114" count="16" type="stmt"/>
        <line num="115" count="16" type="stmt"/>
        <line num="116" count="16" type="stmt"/>
        <line num="117" count="16" type="stmt"/>
        <line num="118" count="16" type="stmt"/>
        <line num="119" count="16" type="stmt"/>
        <line num="120" count="16" type="stmt"/>
        <line num="121" count="16" type="stmt"/>
        <line num="122" count="21" type="stmt"/>
        <line num="123" count="21" type="stmt"/>
        <line num="124" count="21" type="stmt"/>
        <line num="125" count="21" type="stmt"/>
        <line num="126" count="2" type="stmt"/>
        <line num="127" count="2" type="cond" truecount="1" falsecount="0"/>
        <line num="128" count="22" type="stmt"/>
        <line num="129" count="22" type="stmt"/>
        <line num="130" count="22" type="cond" truecount="2" falsecount="0"/>
        <line num="131" count="6" type="stmt"/>
        <line num="132" count="6" type="cond" truecount="1" falsecount="0"/>
        <line num="133" count="21" type="cond" truecount="1" falsecount="0"/>
        <line num="134" count="16" type="cond" truecount="1" falsecount="0"/>
        <line num="135" count="16" type="stmt"/>
        <line num="136" count="16" type="stmt"/>
        <line num="137" count="16" type="stmt"/>
        <line num="138" count="16" type="stmt"/>
        <line num="139" count="16" type="stmt"/>
        <line num="140" count="16" type="stmt"/>
        <line num="141" count="16" type="stmt"/>
        <line num="142" count="16" type="stmt"/>
        <line num="143" count="16" type="stmt"/>
        <line num="144" count="22" type="stmt"/>
        <line num="145" count="2" type="stmt"/>
        <line num="146" count="2" type="cond" truecount="1" falsecount="0"/>
        <line num="147" count="8" type="stmt"/>
        <line num="148" count="8" type="stmt"/>
        <line num="149" count="8" type="cond" truecount="1" falsecount="0"/>
        <line num="150" count="5" type="cond" truecount="1" falsecount="0"/>
        <line num="151" count="5" type="stmt"/>
        <line num="152" count="5" type="stmt"/>
        <line num="153" count="5" type="stmt"/>
        <line num="154" count="5" type="stmt"/>
        <line num="155" count="5" type="stmt"/>
        <line num="156" count="5" type="stmt"/>
        <line num="157" count="5" type="stmt"/>
        <line num="158" count="5" type="stmt"/>
        <line num="159" count="5" type="stmt"/>
        <line num="160" count="5" type="cond" truecount="1" falsecount="0"/>
        <line num="161" count="3" type="stmt"/>
        <line num="162" count="3" type="cond" truecount="1" falsecount="0"/>
        <line num="163" count="3" type="stmt"/>
        <line num="164" count="8" type="stmt"/>
        <line num="165" count="2" type="stmt"/>
        <line num="166" count="2" type="cond" truecount="1" falsecount="0"/>
        <line num="167" count="5" type="stmt"/>
        <line num="168" count="5" type="stmt"/>
        <line num="169" count="5" type="stmt"/>
        <line num="170" count="5" type="stmt"/>
        <line num="171" count="5" type="stmt"/>
        <line num="172" count="5" type="cond" truecount="2" falsecount="0"/>
        <line num="173" count="1" type="cond" truecount="1" falsecount="0"/>
        <line num="174" count="1" type="stmt"/>
        <line num="175" count="4" type="stmt"/>
        <line num="176" count="4" type="stmt"/>
        <line num="177" count="4" type="stmt"/>
        <line num="178" count="4" type="stmt"/>
        <line num="179" count="4" type="cond" truecount="1" falsecount="0"/>
        <line num="180" count="4" type="stmt"/>
        <line num="181" count="4" type="stmt"/>
        <line num="182" count="4" type="stmt"/>
        <line num="183" count="5" type="stmt"/>
        <line num="184" count="2" type="stmt"/>
      </file>
      <file name="LinearQueryWithSubqueriesImpl.ts" path="/Users/luke/yeeql/lib/yeeql/query/implementation/LinearQueryWithSubqueriesImpl.ts">
        <metrics statements="252" coveredstatements="252" conditionals="26" coveredconditionals="26" methods="8" coveredmethods="8"/>
        <line num="1" count="2" type="stmt"/>
        <line num="2" count="2" type="stmt"/>
        <line num="3" count="2" type="stmt"/>
        <line num="4" count="2" type="stmt"/>
        <line num="5" count="2" type="stmt"/>
        <line num="6" count="2" type="stmt"/>
        <line num="7" count="2" type="stmt"/>
        <line num="8" count="2" type="stmt"/>
        <line num="9" count="2" type="stmt"/>
        <line num="10" count="2" type="stmt"/>
        <line num="11" count="2" type="stmt"/>
        <line num="12" count="2" type="stmt"/>
        <line num="13" count="2" type="stmt"/>
        <line num="14" count="2" type="stmt"/>
        <line num="15" count="2" type="stmt"/>
        <line num="16" count="2" type="stmt"/>
        <line num="17" count="2" type="stmt"/>
        <line num="18" count="2" type="stmt"/>
        <line num="19" count="2" type="stmt"/>
        <line num="20" count="2" type="stmt"/>
        <line num="21" count="2" type="stmt"/>
        <line num="22" count="2" type="stmt"/>
        <line num="23" count="2" type="stmt"/>
        <line num="24" count="2" type="stmt"/>
        <line num="25" count="2" type="stmt"/>
        <line num="26" count="2" type="stmt"/>
        <line num="27" count="2" type="stmt"/>
        <line num="28" count="2" type="stmt"/>
        <line num="29" count="2" type="stmt"/>
        <line num="30" count="2" type="stmt"/>
        <line num="31" count="2" type="stmt"/>
        <line num="32" count="2" type="stmt"/>
        <line num="33" count="2" type="stmt"/>
        <line num="34" count="2" type="cond" truecount="1" falsecount="0"/>
        <line num="35" count="26" type="stmt"/>
        <line num="36" count="26" type="stmt"/>
        <line num="37" count="26" type="stmt"/>
        <line num="38" count="26" type="stmt"/>
        <line num="39" count="26" type="stmt"/>
        <line num="40" count="26" type="stmt"/>
        <line num="41" count="26" type="stmt"/>
        <line num="42" count="26" type="stmt"/>
        <line num="43" count="26" type="stmt"/>
        <line num="44" count="26" type="stmt"/>
        <line num="45" count="26" type="stmt"/>
        <line num="46" count="26" type="stmt"/>
        <line num="47" count="26" type="cond" truecount="1" falsecount="0"/>
        <line num="48" count="5" type="cond" truecount="1" falsecount="0"/>
        <line num="49" count="4" type="cond" truecount="1" falsecount="0"/>
        <line num="50" count="2" type="stmt"/>
        <line num="51" count="2" type="stmt"/>
        <line num="52" count="4" type="cond" truecount="1" falsecount="0"/>
        <line num="53" count="3" type="stmt"/>
        <line num="54" count="3" type="stmt"/>
        <line num="55" count="26" type="stmt"/>
        <line num="56" count="26" type="stmt"/>
        <line num="57" count="2" type="stmt"/>
        <line num="58" count="2" type="stmt"/>
        <line num="59" count="2" type="stmt"/>
        <line num="60" count="2" type="stmt"/>
        <line num="61" count="2" type="stmt"/>
        <line num="62" count="2" type="stmt"/>
        <line num="63" count="2" type="stmt"/>
        <line num="64" count="2" type="stmt"/>
        <line num="65" count="2" type="stmt"/>
        <line num="66" count="2" type="stmt"/>
        <line num="67" count="2" type="stmt"/>
        <line num="68" count="2" type="stmt"/>
        <line num="69" count="2" type="stmt"/>
        <line num="70" count="2" type="stmt"/>
        <line num="71" count="2" type="stmt"/>
        <line num="72" count="2" type="stmt"/>
        <line num="73" count="2" type="stmt"/>
        <line num="74" count="2" type="stmt"/>
        <line num="75" count="2" type="stmt"/>
        <line num="76" count="2" type="stmt"/>
        <line num="77" count="2" type="stmt"/>
        <line num="78" count="2" type="stmt"/>
        <line num="79" count="2" type="stmt"/>
        <line num="80" count="2" type="cond" truecount="1" falsecount="0"/>
        <line num="81" count="25" type="stmt"/>
        <line num="82" count="25" type="stmt"/>
        <line num="83" count="25" type="cond" truecount="1" falsecount="0"/>
        <line num="84" count="892" type="cond" truecount="2" falsecount="0"/>
        <line num="85" count="194" type="stmt"/>
        <line num="86" count="194" type="cond" truecount="1" falsecount="0"/>
        <line num="87" count="698" type="stmt"/>
        <line num="88" count="892" type="stmt"/>
        <line num="89" count="25" type="cond" truecount="1" falsecount="0"/>
        <line num="90" count="64" type="stmt"/>
        <line num="91" count="64" type="stmt"/>
        <line num="92" count="25" type="cond" truecount="1" falsecount="0"/>
        <line num="93" count="216" type="cond" truecount="2" falsecount="0"/>
        <line num="94" count="67" type="stmt"/>
        <line num="95" count="67" type="stmt"/>
        <line num="96" count="67" type="stmt"/>
        <line num="97" count="67" type="stmt"/>
        <line num="98" count="67" type="stmt"/>
        <line num="99" count="67" type="cond" truecount="1" falsecount="0"/>
        <line num="100" count="149" type="stmt"/>
        <line num="101" count="216" type="stmt"/>
        <line num="102" count="25" type="stmt"/>
        <line num="103" count="25" type="stmt"/>
        <line num="104" count="25" type="stmt"/>
        <line num="105" count="25" type="stmt"/>
        <line num="106" count="25" type="stmt"/>
        <line num="107" count="25" type="stmt"/>
        <line num="108" count="25" type="stmt"/>
        <line num="109" count="25" type="stmt"/>
        <line num="110" count="25" type="stmt"/>
        <line num="111" count="25" type="cond" truecount="1" falsecount="0"/>
        <line num="112" count="28" type="stmt"/>
        <line num="113" count="28" type="stmt"/>
        <line num="114" count="28" type="stmt"/>
        <line num="115" count="28" type="stmt"/>
        <line num="116" count="28" type="stmt"/>
        <line num="117" count="28" type="stmt"/>
        <line num="118" count="28" type="stmt"/>
        <line num="119" count="28" type="stmt"/>
        <line num="120" count="28" type="stmt"/>
        <line num="121" count="28" type="stmt"/>
        <line num="122" count="28" type="stmt"/>
        <line num="123" count="28" type="stmt"/>
        <line num="124" count="28" type="stmt"/>
        <line num="125" count="25" type="stmt"/>
        <line num="126" count="25" type="cond" truecount="1" falsecount="0"/>
        <line num="127" count="25" type="stmt"/>
        <line num="128" count="25" type="stmt"/>
        <line num="129" count="25" type="stmt"/>
        <line num="130" count="25" type="stmt"/>
        <line num="131" count="25" type="stmt"/>
        <line num="132" count="25" type="stmt"/>
        <line num="133" count="25" type="stmt"/>
        <line num="134" count="25" type="stmt"/>
        <line num="135" count="25" type="stmt"/>
        <line num="136" count="2" type="stmt"/>
        <line num="137" count="2" type="cond" truecount="1" falsecount="0"/>
        <line num="138" count="31" type="stmt"/>
        <line num="139" count="31" type="stmt"/>
        <line num="140" count="31" type="stmt"/>
        <line num="141" count="31" type="cond" truecount="1" falsecount="0"/>
        <line num="142" count="36" type="cond" truecount="1" falsecount="0"/>
        <line num="143" count="36" type="stmt"/>
        <line num="144" count="36" type="stmt"/>
        <line num="145" count="36" type="stmt"/>
        <line num="146" count="36" type="stmt"/>
        <line num="147" count="36" type="stmt"/>
        <line num="148" count="36" type="stmt"/>
        <line num="149" count="36" type="stmt"/>
        <line num="150" count="36" type="stmt"/>
        <line num="151" count="36" type="stmt"/>
        <line num="152" count="36" type="stmt"/>
        <line num="153" count="36" type="stmt"/>
        <line num="154" count="36" type="stmt"/>
        <line num="155" count="36" type="stmt"/>
        <line num="156" count="36" type="stmt"/>
        <line num="157" count="36" type="stmt"/>
        <line num="158" count="36" type="stmt"/>
        <line num="159" count="36" type="stmt"/>
        <line num="160" count="36" type="stmt"/>
        <line num="161" count="36" type="stmt"/>
        <line num="162" count="36" type="stmt"/>
        <line num="163" count="36" type="stmt"/>
        <line num="164" count="36" type="stmt"/>
        <line num="165" count="31" type="stmt"/>
        <line num="166" count="2" type="stmt"/>
        <line num="167" count="2" type="cond" truecount="1" falsecount="0"/>
        <line num="168" count="2" type="cond" truecount="1" falsecount="0"/>
        <line num="169" count="2" type="stmt"/>
        <line num="170" count="2" type="stmt"/>
        <line num="171" count="2" type="stmt"/>
        <line num="172" count="2" type="stmt"/>
        <line num="173" count="2" type="stmt"/>
        <line num="174" count="2" type="stmt"/>
        <line num="175" count="2" type="stmt"/>
        <line num="176" count="2" type="stmt"/>
        <line num="177" count="2" type="stmt"/>
        <line num="178" count="2" type="stmt"/>
        <line num="179" count="2" type="stmt"/>
        <line num="180" count="2" type="stmt"/>
        <line num="181" count="2" type="stmt"/>
        <line num="182" count="2" type="stmt"/>
        <line num="183" count="2" type="stmt"/>
        <line num="184" count="2" type="stmt"/>
        <line num="185" count="2" type="stmt"/>
        <line num="186" count="2" type="stmt"/>
        <line num="187" count="2" type="stmt"/>
        <line num="188" count="2" type="stmt"/>
        <line num="189" count="2" type="stmt"/>
        <line num="190" count="2" type="cond" truecount="1" falsecount="0"/>
        <line num="191" count="4" type="stmt"/>
        <line num="192" count="4" type="stmt"/>
        <line num="193" count="4" type="stmt"/>
        <line num="194" count="4" type="stmt"/>
        <line num="195" count="4" type="stmt"/>
        <line num="196" count="4" type="cond" truecount="1" falsecount="0"/>
        <line num="197" count="4" type="stmt"/>
        <line num="198" count="4" type="stmt"/>
        <line num="199" count="4" type="stmt"/>
        <line num="200" count="4" type="stmt"/>
        <line num="201" count="4" type="stmt"/>
        <line num="202" count="4" type="stmt"/>
        <line num="203" count="4" type="stmt"/>
        <line num="204" count="4" type="stmt"/>
        <line num="205" count="4" type="stmt"/>
        <line num="206" count="4" type="stmt"/>
        <line num="207" count="4" type="stmt"/>
        <line num="208" count="4" type="stmt"/>
        <line num="209" count="4" type="stmt"/>
        <line num="210" count="4" type="stmt"/>
        <line num="211" count="4" type="stmt"/>
        <line num="212" count="4" type="stmt"/>
        <line num="213" count="4" type="stmt"/>
        <line num="214" count="4" type="stmt"/>
        <line num="215" count="4" type="stmt"/>
        <line num="216" count="4" type="stmt"/>
        <line num="217" count="4" type="stmt"/>
        <line num="218" count="4" type="stmt"/>
        <line num="219" count="4" type="stmt"/>
        <line num="220" count="4" type="stmt"/>
        <line num="221" count="4" type="stmt"/>
        <line num="222" count="4" type="stmt"/>
        <line num="223" count="4" type="stmt"/>
        <line num="224" count="4" type="stmt"/>
        <line num="225" count="4" type="stmt"/>
        <line num="226" count="4" type="stmt"/>
        <line num="227" count="4" type="cond" truecount="1" falsecount="0"/>
        <line num="228" count="1" type="stmt"/>
        <line num="229" count="1" type="cond" truecount="1" falsecount="0"/>
        <line num="230" count="3" type="stmt"/>
        <line num="231" count="3" type="stmt"/>
        <line num="232" count="3" type="stmt"/>
        <line num="233" count="3" type="stmt"/>
        <line num="234" count="3" type="stmt"/>
        <line num="235" count="3" type="stmt"/>
        <line num="236" count="3" type="stmt"/>
        <line num="237" count="3" type="stmt"/>
        <line num="238" count="3" type="stmt"/>
        <line num="239" count="4" type="stmt"/>
        <line num="240" count="4" type="stmt"/>
        <line num="241" count="4" type="stmt"/>
        <line num="242" count="4" type="stmt"/>
        <line num="243" count="4" type="stmt"/>
        <line num="244" count="4" type="stmt"/>
        <line num="245" count="4" type="stmt"/>
        <line num="246" count="4" type="stmt"/>
        <line num="247" count="4" type="stmt"/>
        <line num="248" count="4" type="stmt"/>
        <line num="249" count="4" type="stmt"/>
        <line num="250" count="4" type="stmt"/>
        <line num="251" count="4" type="stmt"/>
        <line num="252" count="2" type="stmt"/>
      </file>
      <file name="LinearQueryWithoutSubqueriesImpl.ts" path="/Users/luke/yeeql/lib/yeeql/query/implementation/LinearQueryWithoutSubqueriesImpl.ts">
        <metrics statements="83" coveredstatements="83" conditionals="12" coveredconditionals="12" methods="4" coveredmethods="4"/>
        <line num="1" count="2" type="stmt"/>
        <line num="2" count="2" type="stmt"/>
        <line num="3" count="2" type="stmt"/>
        <line num="4" count="2" type="stmt"/>
        <line num="5" count="2" type="stmt"/>
        <line num="6" count="2" type="stmt"/>
        <line num="7" count="2" type="stmt"/>
        <line num="8" count="2" type="stmt"/>
        <line num="9" count="2" type="stmt"/>
        <line num="10" count="2" type="stmt"/>
        <line num="11" count="2" type="stmt"/>
        <line num="12" count="2" type="stmt"/>
        <line num="13" count="2" type="stmt"/>
        <line num="14" count="2" type="stmt"/>
        <line num="15" count="2" type="stmt"/>
        <line num="16" count="2" type="cond" truecount="1" falsecount="0"/>
        <line num="17" count="91" type="stmt"/>
        <line num="18" count="91" type="stmt"/>
        <line num="19" count="91" type="stmt"/>
        <line num="20" count="91" type="stmt"/>
        <line num="21" count="91" type="stmt"/>
        <line num="22" count="91" type="stmt"/>
        <line num="23" count="91" type="stmt"/>
        <line num="24" count="91" type="cond" truecount="1" falsecount="0"/>
        <line num="25" count="68" type="cond" truecount="2" falsecount="0"/>
        <line num="26" count="55" type="cond" truecount="1" falsecount="0"/>
        <line num="27" count="21" type="stmt"/>
        <line num="28" count="21" type="stmt"/>
        <line num="29" count="55" type="cond" truecount="1" falsecount="0"/>
        <line num="30" count="47" type="stmt"/>
        <line num="31" count="47" type="stmt"/>
        <line num="32" count="91" type="stmt"/>
        <line num="33" count="91" type="stmt"/>
        <line num="34" count="2" type="stmt"/>
        <line num="35" count="2" type="stmt"/>
        <line num="36" count="2" type="stmt"/>
        <line num="37" count="2" type="stmt"/>
        <line num="38" count="2" type="stmt"/>
        <line num="39" count="2" type="cond" truecount="1" falsecount="0"/>
        <line num="40" count="45" type="cond" truecount="1" falsecount="0"/>
        <line num="41" count="45" type="stmt"/>
        <line num="42" count="45" type="stmt"/>
        <line num="43" count="45" type="stmt"/>
        <line num="44" count="45" type="stmt"/>
        <line num="45" count="45" type="stmt"/>
        <line num="46" count="45" type="stmt"/>
        <line num="47" count="45" type="stmt"/>
        <line num="48" count="45" type="stmt"/>
        <line num="49" count="45" type="stmt"/>
        <line num="50" count="2" type="stmt"/>
        <line num="51" count="2" type="cond" truecount="1" falsecount="0"/>
        <line num="52" count="8" type="cond" truecount="1" falsecount="0"/>
        <line num="53" count="8" type="stmt"/>
        <line num="54" count="8" type="stmt"/>
        <line num="55" count="8" type="stmt"/>
        <line num="56" count="8" type="stmt"/>
        <line num="57" count="8" type="stmt"/>
        <line num="58" count="8" type="stmt"/>
        <line num="59" count="8" type="stmt"/>
        <line num="60" count="8" type="stmt"/>
        <line num="61" count="8" type="stmt"/>
        <line num="62" count="2" type="stmt"/>
        <line num="63" count="2" type="cond" truecount="1" falsecount="0"/>
        <line num="64" count="33" type="stmt"/>
        <line num="65" count="33" type="stmt"/>
        <line num="66" count="33" type="stmt"/>
        <line num="67" count="33" type="stmt"/>
        <line num="68" count="33" type="stmt"/>
        <line num="69" count="33" type="cond" truecount="1" falsecount="0"/>
        <line num="70" count="33" type="stmt"/>
        <line num="71" count="33" type="stmt"/>
        <line num="72" count="33" type="stmt"/>
        <line num="73" count="33" type="stmt"/>
        <line num="74" count="33" type="stmt"/>
        <line num="75" count="33" type="stmt"/>
        <line num="76" count="33" type="stmt"/>
        <line num="77" count="33" type="stmt"/>
        <line num="78" count="33" type="stmt"/>
        <line num="79" count="33" type="stmt"/>
        <line num="80" count="33" type="stmt"/>
        <line num="81" count="33" type="stmt"/>
        <line num="82" count="33" type="stmt"/>
        <line num="83" count="2" type="stmt"/>
      </file>
    </package>
    <package name="lib.yeeql.query.interface">
      <metrics statements="118" coveredstatements="118" conditionals="3" coveredconditionals="3" methods="3" coveredmethods="3"/>
      <file name="CountQuery.ts" path="/Users/luke/yeeql/lib/yeeql/query/interface/CountQuery.ts">
        <metrics statements="10" coveredstatements="10" conditionals="1" coveredconditionals="1" methods="1" coveredmethods="1"/>
        <line num="1" count="1" type="cond" truecount="1" falsecount="0"/>
        <line num="2" count="1" type="stmt"/>
        <line num="3" count="1" type="stmt"/>
        <line num="4" count="1" type="stmt"/>
        <line num="5" count="1" type="stmt"/>
        <line num="6" count="1" type="stmt"/>
        <line num="7" count="1" type="stmt"/>
        <line num="8" count="1" type="stmt"/>
        <line num="9" count="1" type="stmt"/>
        <line num="10" count="1" type="stmt"/>
      </file>
      <file name="GroupedQuery.ts" path="/Users/luke/yeeql/lib/yeeql/query/interface/GroupedQuery.ts">
        <metrics statements="39" coveredstatements="39" conditionals="1" coveredconditionals="1" methods="1" coveredmethods="1"/>
        <line num="1" count="1" type="cond" truecount="1" falsecount="0"/>
        <line num="2" count="1" type="stmt"/>
        <line num="3" count="1" type="stmt"/>
        <line num="4" count="1" type="stmt"/>
        <line num="5" count="1" type="stmt"/>
        <line num="6" count="1" type="stmt"/>
        <line num="7" count="1" type="stmt"/>
        <line num="8" count="1" type="stmt"/>
        <line num="9" count="1" type="stmt"/>
        <line num="10" count="1" type="stmt"/>
        <line num="11" count="1" type="stmt"/>
        <line num="12" count="1" type="stmt"/>
        <line num="13" count="1" type="stmt"/>
        <line num="14" count="1" type="stmt"/>
        <line num="15" count="1" type="stmt"/>
        <line num="16" count="1" type="stmt"/>
        <line num="17" count="1" type="stmt"/>
        <line num="18" count="1" type="stmt"/>
        <line num="19" count="1" type="stmt"/>
        <line num="20" count="1" type="stmt"/>
        <line num="21" count="1" type="stmt"/>
        <line num="22" count="1" type="stmt"/>
        <line num="23" count="1" type="stmt"/>
        <line num="24" count="1" type="stmt"/>
        <line num="25" count="1" type="stmt"/>
        <line num="26" count="1" type="stmt"/>
        <line num="27" count="1" type="stmt"/>
        <line num="28" count="1" type="stmt"/>
        <line num="29" count="1" type="stmt"/>
        <line num="30" count="1" type="stmt"/>
        <line num="31" count="1" type="stmt"/>
        <line num="32" count="1" type="stmt"/>
        <line num="33" count="1" type="stmt"/>
        <line num="34" count="1" type="stmt"/>
        <line num="35" count="1" type="stmt"/>
        <line num="36" count="1" type="stmt"/>
        <line num="37" count="1" type="stmt"/>
        <line num="38" count="1" type="stmt"/>
        <line num="39" count="1" type="stmt"/>
      </file>
      <file name="LinearQuery.ts" path="/Users/luke/yeeql/lib/yeeql/query/interface/LinearQuery.ts">
        <metrics statements="69" coveredstatements="69" conditionals="1" coveredconditionals="1" methods="1" coveredmethods="1"/>
        <line num="1" count="1" type="cond" truecount="1" falsecount="0"/>
        <line num="2" count="1" type="stmt"/>
        <line num="3" count="1" type="stmt"/>
        <line num="4" count="1" type="stmt"/>
        <line num="5" count="1" type="stmt"/>
        <line num="6" count="1" type="stmt"/>
        <line num="7" count="1" type="stmt"/>
        <line num="8" count="1" type="stmt"/>
        <line num="9" count="1" type="stmt"/>
        <line num="10" count="1" type="stmt"/>
        <line num="11" count="1" type="stmt"/>
        <line num="12" count="1" type="stmt"/>
        <line num="13" count="1" type="stmt"/>
        <line num="14" count="1" type="stmt"/>
        <line num="15" count="1" type="stmt"/>
        <line num="16" count="1" type="stmt"/>
        <line num="17" count="1" type="stmt"/>
        <line num="18" count="1" type="stmt"/>
        <line num="19" count="1" type="stmt"/>
        <line num="20" count="1" type="stmt"/>
        <line num="21" count="1" type="stmt"/>
        <line num="22" count="1" type="stmt"/>
        <line num="23" count="1" type="stmt"/>
        <line num="24" count="1" type="stmt"/>
        <line num="25" count="1" type="stmt"/>
        <line num="26" count="1" type="stmt"/>
        <line num="27" count="1" type="stmt"/>
        <line num="28" count="1" type="stmt"/>
        <line num="29" count="1" type="stmt"/>
        <line num="30" count="1" type="stmt"/>
        <line num="31" count="1" type="stmt"/>
        <line num="32" count="1" type="stmt"/>
        <line num="33" count="1" type="stmt"/>
        <line num="34" count="1" type="stmt"/>
        <line num="35" count="1" type="stmt"/>
        <line num="36" count="1" type="stmt"/>
        <line num="37" count="1" type="stmt"/>
        <line num="38" count="1" type="stmt"/>
        <line num="39" count="1" type="stmt"/>
        <line num="40" count="1" type="stmt"/>
        <line num="41" count="1" type="stmt"/>
        <line num="42" count="1" type="stmt"/>
        <line num="43" count="1" type="stmt"/>
        <line num="44" count="1" type="stmt"/>
        <line num="45" count="1" type="stmt"/>
        <line num="46" count="1" type="stmt"/>
        <line num="47" count="1" type="stmt"/>
        <line num="48" count="1" type="stmt"/>
        <line num="49" count="1" type="stmt"/>
        <line num="50" count="1" type="stmt"/>
        <line num="51" count="1" type="stmt"/>
        <line num="52" count="1" type="stmt"/>
        <line num="53" count="1" type="stmt"/>
        <line num="54" count="1" type="stmt"/>
        <line num="55" count="1" type="stmt"/>
        <line num="56" count="1" type="stmt"/>
        <line num="57" count="1" type="stmt"/>
        <line num="58" count="1" type="stmt"/>
        <line num="59" count="1" type="stmt"/>
        <line num="60" count="1" type="stmt"/>
        <line num="61" count="1" type="stmt"/>
        <line num="62" count="1" type="stmt"/>
        <line num="63" count="1" type="stmt"/>
        <line num="64" count="1" type="stmt"/>
        <line num="65" count="1" type="stmt"/>
        <line num="66" count="1" type="stmt"/>
        <line num="67" count="1" type="stmt"/>
        <line num="68" count="1" type="stmt"/>
        <line num="69" count="1" type="stmt"/>
      </file>
    </package>
    <package name="lib.yeeql.react">
      <metrics statements="22" coveredstatements="22" conditionals="6" coveredconditionals="6" methods="2" coveredmethods="2"/>
      <file name="useQuery.ts" path="/Users/luke/yeeql/lib/yeeql/react/useQuery.ts">
        <metrics statements="22" coveredstatements="22" conditionals="6" coveredconditionals="6" methods="2" coveredmethods="2"/>
        <line num="1" count="2" type="stmt"/>
        <line num="2" count="2" type="stmt"/>
        <line num="3" count="2" type="stmt"/>
        <line num="4" count="2" type="cond" truecount="1" falsecount="0"/>
        <line num="5" count="28" type="stmt"/>
        <line num="6" count="28" type="stmt"/>
        <line num="7" count="28" type="stmt"/>
        <line num="8" count="28" type="stmt"/>
        <line num="9" count="28" type="stmt"/>
        <line num="10" count="28" type="stmt"/>
        <line num="11" count="28" type="stmt"/>
        <line num="12" count="28" type="stmt"/>
        <line num="13" count="28" type="cond" truecount="1" falsecount="0"/>
        <line num="14" count="16" type="cond" truecount="1" falsecount="0"/>
        <line num="15" count="18" type="cond" truecount="1" falsecount="0"/>
        <line num="16" count="18" type="cond" truecount="1" falsecount="0"/>
        <line num="17" count="18" type="stmt"/>
        <line num="18" count="16" type="stmt"/>
        <line num="19" count="16" type="cond" truecount="1" falsecount="0"/>
        <line num="20" count="28" type="stmt"/>
        <line num="21" count="28" type="stmt"/>
        <line num="22" count="28" type="stmt"/>
      </file>
    </package>
    <package name="lib.yeeql.table">
      <metrics statements="857" coveredstatements="857" conditionals="151" coveredconditionals="151" methods="30" coveredmethods="30"/>
      <file name="QueryRegistry.ts" path="/Users/luke/yeeql/lib/yeeql/table/QueryRegistry.ts">
        <metrics statements="195" coveredstatements="195" conditionals="36" coveredconditionals="36" methods="7" coveredmethods="7"/>
        <line num="1" count="2" type="stmt"/>
        <line num="2" count="2" type="stmt"/>
        <line num="3" count="2" type="stmt"/>
        <line num="4" count="2" type="stmt"/>
        <line num="5" count="2" type="stmt"/>
        <line num="6" count="2" type="stmt"/>
        <line num="7" count="2" type="stmt"/>
        <line num="8" count="2" type="stmt"/>
        <line num="9" count="2" type="stmt"/>
        <line num="10" count="2" type="stmt"/>
        <line num="11" count="2" type="stmt"/>
        <line num="12" count="2" type="stmt"/>
        <line num="13" count="2" type="stmt"/>
        <line num="14" count="2" type="stmt"/>
        <line num="15" count="2" type="stmt"/>
        <line num="16" count="2" type="stmt"/>
        <line num="17" count="2" type="stmt"/>
        <line num="18" count="2" type="stmt"/>
        <line num="19" count="2" type="stmt"/>
        <line num="20" count="372" type="cond" truecount="1" falsecount="0"/>
        <line num="21" count="372" type="stmt"/>
        <line num="22" count="372" type="stmt"/>
        <line num="23" count="372" type="cond" truecount="1" falsecount="0"/>
        <line num="24" count="136" type="cond" truecount="1" falsecount="0"/>
        <line num="25" count="136" type="stmt"/>
        <line num="26" count="372" type="cond" truecount="1" falsecount="0"/>
        <line num="27" count="236" type="cond" truecount="1" falsecount="0"/>
        <line num="28" count="299" type="stmt"/>
        <line num="29" count="236" type="stmt"/>
        <line num="30" count="236" type="stmt"/>
        <line num="31" count="236" type="stmt"/>
        <line num="32" count="372" type="stmt"/>
        <line num="33" count="2" type="stmt"/>
        <line num="34" count="777" type="cond" truecount="1" falsecount="0"/>
        <line num="35" count="777" type="stmt"/>
        <line num="36" count="777" type="stmt"/>
        <line num="37" count="777" type="stmt"/>
        <line num="38" count="777" type="stmt"/>
        <line num="39" count="777" type="cond" truecount="1" falsecount="0"/>
        <line num="40" count="194" type="stmt"/>
        <line num="41" count="194" type="stmt"/>
        <line num="42" count="194" type="stmt"/>
        <line num="43" count="194" type="cond" truecount="1" falsecount="0"/>
        <line num="44" count="359" type="stmt"/>
        <line num="45" count="359" type="stmt"/>
        <line num="46" count="194" type="cond" truecount="1" falsecount="0"/>
        <line num="47" count="133" type="cond" truecount="1" falsecount="0"/>
        <line num="48" count="60" type="stmt"/>
        <line num="49" count="60" type="stmt"/>
        <line num="50" count="133" type="stmt"/>
        <line num="51" count="777" type="cond" truecount="1" falsecount="0"/>
        <line num="52" count="583" type="stmt"/>
        <line num="53" count="583" type="stmt"/>
        <line num="54" count="583" type="cond" truecount="1" falsecount="0"/>
        <line num="55" count="133" type="cond" truecount="1" falsecount="0"/>
        <line num="56" count="450" type="stmt"/>
        <line num="57" count="583" type="stmt"/>
        <line num="58" count="583" type="stmt"/>
        <line num="59" count="777" type="stmt"/>
        <line num="60" count="2" type="stmt"/>
        <line num="61" count="50" type="cond" truecount="1" falsecount="0"/>
        <line num="62" count="50" type="stmt"/>
        <line num="63" count="50" type="stmt"/>
        <line num="64" count="50" type="stmt"/>
        <line num="65" count="50" type="stmt"/>
        <line num="66" count="50" type="cond" truecount="1" falsecount="0"/>
        <line num="67" count="13" type="stmt"/>
        <line num="68" count="13" type="cond" truecount="1" falsecount="0"/>
        <line num="69" count="25" type="cond" truecount="1" falsecount="0"/>
        <line num="70" count="51" type="cond" truecount="1" falsecount="0"/>
        <line num="71" count="48" type="stmt"/>
        <line num="72" count="48" type="cond" truecount="1" falsecount="0"/>
        <line num="73" count="3" type="stmt"/>
        <line num="74" count="3" type="stmt"/>
        <line num="75" count="51" type="stmt"/>
        <line num="76" count="25" type="cond" truecount="1" falsecount="0"/>
        <line num="77" count="22" type="stmt"/>
        <line num="78" count="22" type="stmt"/>
        <line num="79" count="25" type="stmt"/>
        <line num="80" count="50" type="cond" truecount="1" falsecount="0"/>
        <line num="81" count="37" type="stmt"/>
        <line num="82" count="37" type="stmt"/>
        <line num="83" count="37" type="cond" truecount="1" falsecount="0"/>
        <line num="84" count="6" type="cond" truecount="1" falsecount="0"/>
        <line num="85" count="31" type="stmt"/>
        <line num="86" count="37" type="stmt"/>
        <line num="87" count="37" type="stmt"/>
        <line num="88" count="37" type="cond" truecount="1" falsecount="0"/>
        <line num="89" count="21" type="stmt"/>
        <line num="90" count="21" type="stmt"/>
        <line num="91" count="37" type="stmt"/>
        <line num="92" count="50" type="stmt"/>
        <line num="93" count="2" type="stmt"/>
        <line num="94" count="2" type="stmt"/>
        <line num="95" count="2" type="stmt"/>
        <line num="96" count="790" type="cond" truecount="1" falsecount="0"/>
        <line num="97" count="790" type="stmt"/>
        <line num="98" count="790" type="stmt"/>
        <line num="99" count="790" type="stmt"/>
        <line num="100" count="790" type="stmt"/>
        <line num="101" count="790" type="stmt"/>
        <line num="102" count="790" type="stmt"/>
        <line num="103" count="790" type="cond" truecount="1" falsecount="0"/>
        <line num="104" count="263" type="stmt"/>
        <line num="105" count="263" type="cond" truecount="1" falsecount="0"/>
        <line num="106" count="138" type="cond" truecount="1" falsecount="0"/>
        <line num="107" count="263" type="cond" truecount="1" falsecount="0"/>
        <line num="108" count="269" type="cond" truecount="1" falsecount="0"/>
        <line num="109" count="255" type="stmt"/>
        <line num="110" count="255" type="stmt"/>
        <line num="111" count="255" type="stmt"/>
        <line num="112" count="255" type="stmt"/>
        <line num="113" count="255" type="stmt"/>
        <line num="114" count="255" type="stmt"/>
        <line num="115" count="269" type="stmt"/>
        <line num="116" count="790" type="cond" truecount="1" falsecount="0"/>
        <line num="117" count="527" type="stmt"/>
        <line num="118" count="527" type="stmt"/>
        <line num="119" count="527" type="stmt"/>
        <line num="120" count="527" type="stmt"/>
        <line num="121" count="527" type="stmt"/>
        <line num="122" count="527" type="stmt"/>
        <line num="123" count="527" type="stmt"/>
        <line num="124" count="527" type="stmt"/>
        <line num="125" count="527" type="cond" truecount="1" falsecount="0"/>
        <line num="126" count="98" type="stmt"/>
        <line num="127" count="98" type="stmt"/>
        <line num="128" count="98" type="stmt"/>
        <line num="129" count="98" type="stmt"/>
        <line num="130" count="98" type="stmt"/>
        <line num="131" count="98" type="stmt"/>
        <line num="132" count="98" type="stmt"/>
        <line num="133" count="98" type="stmt"/>
        <line num="134" count="527" type="stmt"/>
        <line num="135" count="790" type="stmt"/>
        <line num="136" count="2" type="stmt"/>
        <line num="137" count="2" type="stmt"/>
        <line num="138" count="2" type="cond" truecount="1" falsecount="0"/>
        <line num="139" count="13" type="stmt"/>
        <line num="140" count="2" type="stmt"/>
        <line num="141" count="2" type="stmt"/>
        <line num="142" count="2" type="cond" truecount="1" falsecount="0"/>
        <line num="143" count="73" type="stmt"/>
        <line num="144" count="73" type="stmt"/>
        <line num="145" count="73" type="stmt"/>
        <line num="146" count="2" type="stmt"/>
        <line num="147" count="2" type="stmt"/>
        <line num="148" count="2" type="stmt"/>
        <line num="149" count="2" type="stmt"/>
        <line num="150" count="2" type="cond" truecount="1" falsecount="0"/>
        <line num="151" count="194" type="stmt"/>
        <line num="152" count="194" type="stmt"/>
        <line num="153" count="194" type="stmt"/>
        <line num="154" count="2" type="stmt"/>
        <line num="155" count="2" type="cond" truecount="1" falsecount="0"/>
        <line num="156" count="165" type="stmt"/>
        <line num="157" count="165" type="stmt"/>
        <line num="158" count="165" type="stmt"/>
        <line num="159" count="165" type="stmt"/>
        <line num="160" count="165" type="stmt"/>
        <line num="161" count="165" type="stmt"/>
        <line num="162" count="165" type="stmt"/>
        <line num="163" count="2" type="stmt"/>
        <line num="164" count="2" type="stmt"/>
        <line num="165" count="2" type="stmt"/>
        <line num="166" count="2" type="stmt"/>
        <line num="167" count="2" type="stmt"/>
        <line num="168" count="2" type="stmt"/>
        <line num="169" count="2" type="stmt"/>
        <line num="170" count="2" type="stmt"/>
        <line num="171" count="2" type="stmt"/>
        <line num="172" count="2" type="stmt"/>
        <line num="173" count="2" type="stmt"/>
        <line num="174" count="2" type="stmt"/>
        <line num="175" count="2" type="stmt"/>
        <line num="176" count="2" type="stmt"/>
        <line num="177" count="2" type="stmt"/>
        <line num="178" count="2" type="stmt"/>
        <line num="179" count="2" type="stmt"/>
        <line num="180" count="2" type="stmt"/>
        <line num="181" count="2" type="stmt"/>
        <line num="182" count="2" type="stmt"/>
        <line num="183" count="2" type="stmt"/>
        <line num="184" count="2" type="stmt"/>
        <line num="185" count="2" type="stmt"/>
        <line num="186" count="2" type="stmt"/>
        <line num="187" count="2" type="stmt"/>
        <line num="188" count="2" type="stmt"/>
        <line num="189" count="2" type="stmt"/>
        <line num="190" count="2" type="stmt"/>
        <line num="191" count="2" type="stmt"/>
        <line num="192" count="2" type="stmt"/>
        <line num="193" count="2" type="stmt"/>
        <line num="194" count="2" type="stmt"/>
        <line num="195" count="2" type="stmt"/>
      </file>
      <file name="Schema.ts" path="/Users/luke/yeeql/lib/yeeql/table/Schema.ts">
        <metrics statements="35" coveredstatements="35" conditionals="0" coveredconditionals="0" methods="1" coveredmethods="1"/>
        <line num="1" count="2" type="stmt"/>
        <line num="2" count="2" type="stmt"/>
        <line num="3" count="2" type="stmt"/>
        <line num="4" count="2" type="stmt"/>
        <line num="5" count="2" type="stmt"/>
        <line num="6" count="2" type="stmt"/>
        <line num="7" count="2" type="stmt"/>
        <line num="8" count="2" type="stmt"/>
        <line num="9" count="2" type="stmt"/>
        <line num="10" count="2" type="stmt"/>
        <line num="11" count="2" type="stmt"/>
        <line num="12" count="2" type="stmt"/>
        <line num="13" count="2" type="stmt"/>
        <line num="14" count="2" type="stmt"/>
        <line num="15" count="2" type="stmt"/>
        <line num="16" count="2" type="stmt"/>
        <line num="17" count="2" type="stmt"/>
        <line num="18" count="2" type="stmt"/>
        <line num="19" count="2" type="stmt"/>
        <line num="20" count="2" type="stmt"/>
        <line num="21" count="2" type="stmt"/>
        <line num="22" count="2" type="stmt"/>
        <line num="23" count="2" type="stmt"/>
        <line num="24" count="2" type="stmt"/>
        <line num="25" count="2" type="stmt"/>
        <line num="26" count="2" type="stmt"/>
        <line num="27" count="2" type="stmt"/>
        <line num="28" count="2" type="stmt"/>
        <line num="29" count="2" type="stmt"/>
        <line num="30" count="2" type="stmt"/>
        <line num="31" count="2" type="stmt"/>
        <line num="32" count="2" type="stmt"/>
        <line num="33" count="2" type="stmt"/>
        <line num="34" count="2" type="stmt"/>
        <line num="35" count="2" type="stmt"/>
      </file>
      <file name="Table.ts" path="/Users/luke/yeeql/lib/yeeql/table/Table.ts">
        <metrics statements="627" coveredstatements="627" conditionals="115" coveredconditionals="115" methods="22" coveredmethods="22"/>
        <line num="1" count="2" type="stmt"/>
        <line num="2" count="2" type="stmt"/>
        <line num="3" count="2" type="stmt"/>
        <line num="4" count="2" type="stmt"/>
        <line num="5" count="2" type="stmt"/>
        <line num="6" count="2" type="stmt"/>
        <line num="7" count="2" type="stmt"/>
        <line num="8" count="2" type="stmt"/>
        <line num="9" count="2" type="stmt"/>
        <line num="10" count="2" type="stmt"/>
        <line num="11" count="2" type="stmt"/>
        <line num="12" count="2" type="stmt"/>
        <line num="13" count="2" type="stmt"/>
        <line num="14" count="2" type="stmt"/>
        <line num="15" count="2" type="stmt"/>
        <line num="16" count="2" type="stmt"/>
        <line num="17" count="2" type="stmt"/>
        <line num="18" count="2" type="stmt"/>
        <line num="19" count="2" type="stmt"/>
        <line num="20" count="2" type="stmt"/>
        <line num="21" count="2" type="stmt"/>
        <line num="22" count="2" type="stmt"/>
        <line num="23" count="2" type="stmt"/>
        <line num="24" count="2" type="stmt"/>
        <line num="25" count="2" type="stmt"/>
        <line num="26" count="2" type="stmt"/>
        <line num="27" count="2" type="stmt"/>
        <line num="28" count="2" type="stmt"/>
        <line num="29" count="2" type="stmt"/>
        <line num="30" count="2" type="stmt"/>
        <line num="31" count="2" type="stmt"/>
        <line num="32" count="2" type="stmt"/>
        <line num="33" count="2" type="stmt"/>
        <line num="34" count="2" type="stmt"/>
        <line num="35" count="2" type="stmt"/>
        <line num="36" count="2" type="stmt"/>
        <line num="37" count="2" type="stmt"/>
        <line num="38" count="2" type="stmt"/>
        <line num="39" count="2" type="stmt"/>
        <line num="40" count="2" type="stmt"/>
        <line num="41" count="2" type="stmt"/>
        <line num="42" count="2" type="stmt"/>
        <line num="43" count="2" type="stmt"/>
        <line num="44" count="2" type="stmt"/>
        <line num="45" count="2" type="stmt"/>
        <line num="46" count="2" type="stmt"/>
        <line num="47" count="2" type="cond" truecount="1" falsecount="0"/>
        <line num="48" count="2" type="cond" truecount="1" falsecount="0"/>
        <line num="49" count="44" type="cond" truecount="1" falsecount="0"/>
        <line num="50" count="5" type="cond" truecount="1" falsecount="0"/>
        <line num="51" count="5" type="cond" truecount="1" falsecount="0"/>
        <line num="52" count="39" type="stmt"/>
        <line num="53" count="44" type="stmt"/>
        <line num="54" count="2" type="stmt"/>
        <line num="55" count="2" type="stmt"/>
        <line num="56" count="153" type="cond" truecount="1" falsecount="0"/>
        <line num="57" count="153" type="stmt"/>
        <line num="58" count="153" type="stmt"/>
        <line num="59" count="153" type="stmt"/>
        <line num="60" count="153" type="stmt"/>
        <line num="61" count="153" type="stmt"/>
        <line num="62" count="153" type="stmt"/>
        <line num="63" count="153" type="cond" truecount="1" falsecount="0"/>
        <line num="64" count="170" type="cond" truecount="1" falsecount="0"/>
        <line num="65" count="148" type="stmt"/>
        <line num="66" count="148" type="stmt"/>
        <line num="67" count="170" type="cond" truecount="3" falsecount="0"/>
        <line num="68" count="21" type="stmt"/>
        <line num="69" count="22" type="cond" truecount="1" falsecount="0"/>
        <line num="70" count="1" type="stmt"/>
        <line num="71" count="1" type="stmt"/>
        <line num="72" count="1" type="stmt"/>
        <line num="73" count="1" type="stmt"/>
        <line num="74" count="170" type="stmt"/>
        <line num="75" count="153" type="stmt"/>
        <line num="76" count="153" type="stmt"/>
        <line num="77" count="153" type="stmt"/>
        <line num="78" count="153" type="stmt"/>
        <line num="79" count="153" type="stmt"/>
        <line num="80" count="153" type="stmt"/>
        <line num="81" count="2" type="stmt"/>
        <line num="82" count="180" type="cond" truecount="1" falsecount="0"/>
        <line num="83" count="180" type="stmt"/>
        <line num="84" count="180" type="stmt"/>
        <line num="85" count="180" type="stmt"/>
        <line num="86" count="180" type="stmt"/>
        <line num="87" count="180" type="cond" truecount="1" falsecount="0"/>
        <line num="88" count="44" type="cond" truecount="1" falsecount="0"/>
        <line num="89" count="43" type="stmt"/>
        <line num="90" count="43" type="stmt"/>
        <line num="91" count="44" type="cond" truecount="1" falsecount="0"/>
        <line num="92" count="1" type="stmt"/>
        <line num="93" count="1" type="stmt"/>
        <line num="94" count="1" type="stmt"/>
        <line num="95" count="1" type="stmt"/>
        <line num="96" count="44" type="stmt"/>
        <line num="97" count="180" type="stmt"/>
        <line num="98" count="180" type="stmt"/>
        <line num="99" count="180" type="stmt"/>
        <line num="100" count="180" type="stmt"/>
        <line num="101" count="2" type="stmt"/>
        <line num="102" count="152" type="cond" truecount="1" falsecount="0"/>
        <line num="103" count="152" type="stmt"/>
        <line num="104" count="152" type="stmt"/>
        <line num="105" count="152" type="stmt"/>
        <line num="106" count="152" type="stmt"/>
        <line num="107" count="152" type="cond" truecount="1" falsecount="0"/>
        <line num="108" count="30" type="cond" truecount="1" falsecount="0"/>
        <line num="109" count="32" type="stmt"/>
        <line num="110" count="32" type="cond" truecount="1" falsecount="0"/>
        <line num="111" count="28" type="cond" truecount="1" falsecount="0"/>
        <line num="112" count="150" type="stmt"/>
        <line num="113" count="150" type="stmt"/>
        <line num="114" count="2" type="stmt"/>
        <line num="115" count="26" type="cond" truecount="1" falsecount="0"/>
        <line num="116" count="26" type="stmt"/>
        <line num="117" count="26" type="stmt"/>
        <line num="118" count="26" type="stmt"/>
        <line num="119" count="26" type="cond" truecount="1" falsecount="0"/>
        <line num="120" count="26" type="stmt"/>
        <line num="121" count="26" type="cond" truecount="1" falsecount="0"/>
        <line num="122" count="28" type="stmt"/>
        <line num="123" count="28" type="stmt"/>
        <line num="124" count="28" type="cond" truecount="1" falsecount="0"/>
        <line num="125" count="21" type="stmt"/>
        <line num="126" count="21" type="stmt"/>
        <line num="127" count="28" type="stmt"/>
        <line num="128" count="26" type="stmt"/>
        <line num="129" count="26" type="stmt"/>
        <line num="130" count="26" type="stmt"/>
        <line num="131" count="2" type="stmt"/>
[...]
        <line num="250" count="32" type="stmt"/>
        <line num="251" count="122" type="stmt"/>
        <line num="252" count="118" type="stmt"/>
        <line num="253" count="118" type="cond" truecount="1" falsecount="0"/>
        <line num="254" count="118" type="cond" truecount="1" falsecount="0"/>
        <line num="255" count="118" type="stmt"/>
        <line num="256" count="71" type="stmt"/>
        <line num="257" count="71" type="stmt"/>
        <line num="258" count="2" type="stmt"/>
        <line num="259" count="2" type="stmt"/>
        <line num="260" count="2" type="stmt"/>
        <line num="261" count="2" type="stmt"/>
        <line num="262" count="2" type="stmt"/>
        <line num="263" count="2" type="stmt"/>
        <line num="264" count="2" type="stmt"/>
        <line num="265" count="2" type="cond" truecount="1" falsecount="0"/>
        <line num="266" count="91" type="stmt"/>
        <line num="267" count="91" type="cond" truecount="1" falsecount="0"/>
        <line num="268" count="259" type="cond" truecount="1" falsecount="0"/>
        <line num="269" count="168" type="stmt"/>
        <line num="270" count="168" type="stmt"/>
        <line num="271" count="259" type="stmt"/>
        <line num="272" count="91" type="stmt"/>
        <line num="273" count="91" type="stmt"/>
        <line num="274" count="2" type="stmt"/>
        <line num="275" count="2" type="stmt"/>
        <line num="276" count="2" type="stmt"/>
        <line num="277" count="2" type="stmt"/>
        <line num="278" count="2" type="stmt"/>
        <line num="279" count="2" type="stmt"/>
        <line num="280" count="2" type="stmt"/>
        <line num="281" count="2" type="cond" truecount="2" falsecount="0"/>
        <line num="282" count="2" type="stmt"/>
        <line num="283" count="2" type="stmt"/>
        <line num="284" count="2" type="cond" truecount="1" falsecount="0"/>
        <line num="285" count="12" type="stmt"/>
        <line num="286" count="12" type="stmt"/>
        <line num="287" count="12" type="stmt"/>
        <line num="288" count="12" type="stmt"/>
        <line num="289" count="12" type="stmt"/>
        <line num="290" count="12" type="cond" truecount="1" falsecount="0"/>
        <line num="291" count="6" type="stmt"/>
        <line num="292" count="6" type="stmt"/>
        <line num="293" count="12" type="stmt"/>
        <line num="294" count="12" type="stmt"/>
        <line num="295" count="2" type="stmt"/>
        <line num="296" count="2" type="stmt"/>
        <line num="297" count="2" type="cond" truecount="1" falsecount="0"/>
        <line num="298" count="192" type="stmt"/>
        <line num="299" count="192" type="stmt"/>
        <line num="300" count="192" type="stmt"/>
        <line num="301" count="192" type="cond" truecount="1" falsecount="0"/>
        <line num="302" count="192" type="cond" truecount="2" falsecount="0"/>
        <line num="303" count="40" type="stmt"/>
        <line num="304" count="187" type="cond" truecount="1" falsecount="0"/>
        <line num="305" count="152" type="stmt"/>
        <line num="306" count="152" type="stmt"/>
        <line num="307" count="152" type="stmt"/>
        <line num="308" count="152" type="stmt"/>
        <line num="309" count="152" type="stmt"/>
        <line num="310" count="152" type="stmt"/>
        <line num="311" count="192" type="stmt"/>
        <line num="312" count="2" type="stmt"/>
        <line num="313" count="2" type="cond" truecount="1" falsecount="0"/>
        <line num="314" count="195" type="cond" truecount="1" falsecount="0"/>
        <line num="315" count="195" type="cond" truecount="1" falsecount="0"/>
        <line num="316" count="3" type="stmt"/>
        <line num="317" count="3" type="stmt"/>
        <line num="318" count="195" type="stmt"/>
        <line num="319" count="2" type="stmt"/>
        <line num="320" count="2" type="stmt"/>
        <line num="321" count="2" type="stmt"/>
        <line num="322" count="2" type="stmt"/>
        <line num="323" count="2" type="stmt"/>
        <line num="324" count="2" type="stmt"/>
        <line num="325" count="2" type="stmt"/>
        <line num="326" count="2" type="stmt"/>
        <line num="327" count="2" type="stmt"/>
        <line num="328" count="2" type="stmt"/>
        <line num="329" count="2" type="stmt"/>
        <line num="330" count="2" type="stmt"/>
        <line num="331" count="2" type="stmt"/>
        <line num="332" count="2" type="stmt"/>
        <line num="333" count="2" type="stmt"/>
        <line num="334" count="2" type="stmt"/>
        <line num="335" count="2" type="stmt"/>
        <line num="336" count="2" type="stmt"/>
        <line num="337" count="2" type="stmt"/>
        <line num="338" count="2" type="stmt"/>
        <line num="339" count="2" type="stmt"/>
        <line num="340" count="2" type="stmt"/>
        <line num="341" count="2" type="stmt"/>
        <line num="342" count="2" type="stmt"/>
        <line num="343" count="2" type="stmt"/>
        <line num="344" count="2" type="stmt"/>
        <line num="345" count="2" type="stmt"/>
        <line num="346" count="2" type="stmt"/>
        <line num="347" count="2" type="stmt"/>
        <line num="348" count="2" type="stmt"/>
        <line num="349" count="2" type="cond" truecount="1" falsecount="0"/>
        <line num="350" count="155" type="stmt"/>
        <line num="351" count="155" type="stmt"/>
        <line num="352" count="155" type="stmt"/>
        <line num="353" count="155" type="stmt"/>
        <line num="354" count="155" type="stmt"/>
        <line num="355" count="155" type="stmt"/>
        <line num="356" count="155" type="stmt"/>
        <line num="357" count="155" type="stmt"/>
        <line num="358" count="155" type="stmt"/>
        <line num="359" count="155" type="stmt"/>
        <line num="360" count="155" type="stmt"/>
        <line num="361" count="155" type="stmt"/>
        <line num="362" count="155" type="stmt"/>
        <line num="363" count="155" type="stmt"/>
        <line num="364" count="155" type="stmt"/>
        <line num="365" count="155" type="stmt"/>
        <line num="366" count="155" type="stmt"/>
        <line num="367" count="155" type="stmt"/>
        <line num="368" count="155" type="stmt"/>
        <line num="369" count="155" type="stmt"/>
        <line num="370" count="2" type="stmt"/>
        <line num="371" count="2" type="cond" truecount="2" falsecount="0"/>
        <line num="372" count="2" type="stmt"/>
        <line num="373" count="2" type="stmt"/>
        <line num="374" count="2" type="stmt"/>
        <line num="375" count="2" type="stmt"/>
        <line num="376" count="2" type="stmt"/>
        <line num="377" count="2" type="stmt"/>
        <line num="378" count="2" type="stmt"/>
        <line num="379" count="2" type="stmt"/>
        <line num="380" count="2" type="stmt"/>
        <line num="381" count="2" type="stmt"/>
        <line num="382" count="2" type="stmt"/>
        <line num="383" count="2" type="stmt"/>
        <line num="384" count="2" type="stmt"/>
        <line num="385" count="2" type="stmt"/>
        <line num="386" count="2" type="stmt"/>
        <line num="387" count="2" type="stmt"/>
        <line num="388" count="2" type="stmt"/>
        <line num="389" count="155" type="stmt"/>
        <line num="390" count="155" type="stmt"/>
        <line num="391" count="155" type="cond" truecount="1" falsecount="0"/>
        <line num="392" count="155" type="cond" truecount="2" falsecount="0"/>
        <line num="393" count="155" type="stmt"/>
        <line num="394" count="155" type="stmt"/>
        <line num="395" count="155" type="stmt"/>
        <line num="396" count="155" type="stmt"/>
        <line num="397" count="155" type="stmt"/>
        <line num="398" count="155" type="cond" truecount="1" falsecount="0"/>
        <line num="399" count="155" type="stmt"/>
        <line num="400" count="155" type="stmt"/>
        <line num="401" count="155" type="stmt"/>
        <line num="402" count="155" type="stmt"/>
        <line num="403" count="155" type="stmt"/>
        <line num="404" count="155" type="stmt"/>
        <line num="405" count="155" type="stmt"/>
        <line num="406" count="155" type="stmt"/>
        <line num="407" count="155" type="stmt"/>
        <line num="408" count="155" type="stmt"/>
        <line num="409" count="155" type="cond" truecount="1" falsecount="0"/>
        <line num="410" count="138" type="cond" truecount="1" falsecount="0"/>
        <line num="411" count="111" type="stmt"/>
        <line num="412" count="111" type="stmt"/>
        <line num="413" count="111" type="stmt"/>
        <line num="414" count="111" type="stmt"/>
        <line num="415" count="111" type="stmt"/>
        <line num="416" count="111" type="stmt"/>
        <line num="417" count="111" type="cond" truecount="1" falsecount="0"/>
        <line num="418" count="91" type="stmt"/>
        <line num="419" count="91" type="stmt"/>
        <line num="420" count="91" type="stmt"/>
        <line num="421" count="91" type="stmt"/>
        <line num="422" count="91" type="stmt"/>
        <line num="423" count="91" type="stmt"/>
        <line num="424" count="111" type="stmt"/>
        <line num="425" count="138" type="cond" truecount="1" falsecount="0"/>
        <line num="426" count="27" type="cond" truecount="1" falsecount="0"/>
        <line num="427" count="29" type="cond" truecount="1" falsecount="0"/>
        <line num="428" count="1" type="stmt"/>
        <line num="429" count="1" type="stmt"/>
        <line num="430" count="1" type="stmt"/>
        <line num="431" count="1" type="stmt"/>
        <line num="432" count="29" type="cond" truecount="1" falsecount="0"/>
        <line num="433" count="26" type="stmt"/>
        <line num="434" count="26" type="stmt"/>
        <line num="435" count="26" type="stmt"/>
        <line num="436" count="26" type="stmt"/>
        <line num="437" count="26" type="stmt"/>
        <line num="438" count="26" type="stmt"/>
        <line num="439" count="26" type="stmt"/>
        <line num="440" count="26" type="stmt"/>
        <line num="441" count="26" type="stmt"/>
        <line num="442" count="26" type="stmt"/>
        <line num="443" count="26" type="stmt"/>
        <line num="444" count="26" type="cond" truecount="1" falsecount="0"/>
        <line num="445" count="26" type="stmt"/>
        <line num="446" count="26" type="stmt"/>
        <line num="447" count="26" type="stmt"/>
        <line num="448" count="26" type="stmt"/>
        <line num="449" count="26" type="stmt"/>
        <line num="450" count="26" type="stmt"/>
        <line num="451" count="26" type="stmt"/>
        <line num="452" count="26" type="stmt"/>
        <line num="453" count="26" type="stmt"/>
        <line num="454" count="26" type="stmt"/>
        <line num="455" count="26" type="stmt"/>
        <line num="456" count="26" type="stmt"/>
        <line num="457" count="26" type="stmt"/>
        <line num="458" count="155" type="cond" truecount="1" falsecount="0"/>
        <line num="459" count="12" type="cond" truecount="1" falsecount="0"/>
        <line num="460" count="11" type="stmt"/>
        <line num="461" count="11" type="stmt"/>
        <line num="462" count="11" type="stmt"/>
        <line num="463" count="11" type="stmt"/>
        <line num="464" count="11" type="stmt"/>
        <line num="465" count="11" type="stmt"/>
        <line num="466" count="11" type="stmt"/>
        <line num="467" count="11" type="stmt"/>
        <line num="468" count="11" type="stmt"/>
        <line num="469" count="11" type="stmt"/>
        <line num="470" count="11" type="stmt"/>
        <line num="471" count="11" type="cond" truecount="1" falsecount="0"/>
        <line num="472" count="8" type="cond" truecount="1" falsecount="0"/>
        <line num="473" count="8" type="stmt"/>
        <line num="474" count="8" type="stmt"/>
        <line num="475" count="8" type="stmt"/>
        <line num="476" count="8" type="stmt"/>
        <line num="477" count="8" type="stmt"/>
        <line num="478" count="8" type="stmt"/>
        <line num="479" count="11" type="stmt"/>
        <line num="480" count="12" type="cond" truecount="1" falsecount="0"/>
        <line num="481" count="1" type="stmt"/>
        <line num="482" count="1" type="stmt"/>
        <line num="483" count="1" type="stmt"/>
        <line num="484" count="1" type="stmt"/>
        <line num="485" count="1" type="stmt"/>
        <line num="486" count="1" type="stmt"/>
        <line num="487" count="1" type="stmt"/>
        <line num="488" count="1" type="stmt"/>
        <line num="489" count="1" type="stmt"/>
        <line num="490" count="1" type="stmt"/>
        <line num="491" count="1" type="stmt"/>
        <line num="492" count="1" type="cond" truecount="1" falsecount="0"/>
        <line num="493" count="1" type="cond" truecount="1" falsecount="0"/>
        <line num="494" count="2" type="stmt"/>
        <line num="495" count="2" type="stmt"/>
        <line num="496" count="2" type="stmt"/>
        <line num="497" count="2" type="stmt"/>
        <line num="498" count="2" type="stmt"/>
        <line num="499" count="2" type="stmt"/>
        <line num="500" count="1" type="stmt"/>
        <line num="501" count="1" type="stmt"/>
        <line num="502" count="1" type="stmt"/>
        <line num="503" count="12" type="cond" truecount="1" falsecount="0"/>
        <line num="504" count="149" type="stmt"/>
        <line num="505" count="155" type="stmt"/>
        <line num="506" count="2" type="stmt"/>
        <line num="507" count="2" type="stmt"/>
        <line num="508" count="2" type="stmt"/>
        <line num="509" count="2" type="stmt"/>
        <line num="510" count="2" type="stmt"/>
        <line num="511" count="2" type="stmt"/>
        <line num="512" count="2" type="cond" truecount="1" falsecount="0"/>
        <line num="513" count="40" type="stmt"/>
        <line num="514" count="40" type="stmt"/>
        <line num="515" count="40" type="stmt"/>
        <line num="516" count="40" type="stmt"/>
        <line num="517" count="40" type="stmt"/>
        <line num="518" count="40" type="stmt"/>
        <line num="519" count="2" type="stmt"/>
        <line num="520" count="2" type="cond" truecount="2" falsecount="0"/>
        <line num="521" count="2" type="stmt"/>
        <line num="522" count="2" type="stmt"/>
        <line num="523" count="2" type="stmt"/>
        <line num="524" count="2" type="stmt"/>
        <line num="525" count="2" type="stmt"/>
        <line num="526" count="2" type="stmt"/>
        <line num="527" count="2" type="stmt"/>
        <line num="528" count="2" type="stmt"/>
        <line num="529" count="40" type="stmt"/>
        <line num="530" count="40" type="stmt"/>
        <line num="531" count="40" type="cond" truecount="2" falsecount="0"/>
        <line num="532" count="40" type="stmt"/>
        <line num="533" count="40" type="stmt"/>
        <line num="534" count="40" type="stmt"/>
        <line num="535" count="40" type="stmt"/>
        <line num="536" count="40" type="cond" truecount="1" falsecount="0"/>
        <line num="537" count="33" type="stmt"/>
        <line num="538" count="33" type="stmt"/>
        <line num="539" count="33" type="stmt"/>
        <line num="540" count="33" type="stmt"/>
        <line num="541" count="33" type="stmt"/>
        <line num="542" count="33" type="stmt"/>
        <line num="543" count="33" type="cond" truecount="1" falsecount="0"/>
        <line num="544" count="33" type="stmt"/>
        <line num="545" count="40" type="cond" truecount="1" falsecount="0"/>
        <line num="546" count="6" type="stmt"/>
        <line num="547" count="6" type="stmt"/>
        <line num="548" count="6" type="stmt"/>
        <line num="549" count="6" type="stmt"/>
        <line num="550" count="6" type="stmt"/>
        <line num="551" count="6" type="stmt"/>
        <line num="552" count="6" type="cond" truecount="1" falsecount="0"/>
        <line num="553" count="4" type="cond" truecount="1" falsecount="0"/>
        <line num="554" count="7" type="stmt"/>
        <line num="555" count="4" type="stmt"/>
        <line num="556" count="6" type="stmt"/>
        <line num="557" count="6" type="cond" truecount="1" falsecount="0"/>
        <line num="558" count="39" type="stmt"/>
        <line num="559" count="39" type="stmt"/>
        <line num="560" count="40" type="stmt"/>
        <line num="561" count="2" type="stmt"/>
        <line num="562" count="2" type="cond" truecount="1" falsecount="0"/>
        <line num="563" count="4" type="stmt"/>
        <line num="564" count="4" type="stmt"/>
        <line num="565" count="4" type="stmt"/>
        <line num="566" count="4" type="stmt"/>
        <line num="567" count="4" type="stmt"/>
        <line num="568" count="4" type="stmt"/>
        <line num="569" count="4" type="stmt"/>
        <line num="570" count="4" type="stmt"/>
        <line num="571" count="4" type="stmt"/>
        <line num="572" count="4" type="stmt"/>
        <line num="573" count="4" type="stmt"/>
        <line num="574" count="4" type="stmt"/>
        <line num="575" count="4" type="stmt"/>
        <line num="576" count="4" type="stmt"/>
        <line num="577" count="4" type="stmt"/>
        <line num="578" count="4" type="stmt"/>
        <line num="579" count="4" type="stmt"/>
        <line num="580" count="4" type="cond" truecount="1" falsecount="0"/>
        <line num="581" count="4" type="stmt"/>
        <line num="582" count="4" type="stmt"/>
        <line num="583" count="2" type="stmt"/>
        <line num="584" count="2" type="cond" truecount="1" falsecount="0"/>
        <line num="585" count="90" type="stmt"/>
        <line num="586" count="90" type="stmt"/>
        <line num="587" count="2" type="stmt"/>
        <line num="588" count="2" type="cond" truecount="1" falsecount="0"/>
        <line num="589" count="2" type="stmt"/>
        <line num="590" count="2" type="stmt"/>
        <line num="591" count="2" type="stmt"/>
        <line num="592" count="2" type="stmt"/>
        <line num="593" count="2" type="stmt"/>
        <line num="594" count="2" type="stmt"/>
        <line num="595" count="2" type="stmt"/>
        <line num="596" count="2" type="stmt"/>
        <line num="597" count="90" type="stmt"/>
        <line num="598" count="90" type="stmt"/>
        <line num="599" count="2" type="stmt"/>
        <line num="600" count="2" type="cond" truecount="1" falsecount="0"/>
        <line num="601" count="35" type="stmt"/>
        <line num="602" count="35" type="stmt"/>
        <line num="603" count="35" type="stmt"/>
        <line num="604" count="35" type="stmt"/>
        <line num="605" count="2" type="stmt"/>
        <line num="606" count="2" type="cond" truecount="1" falsecount="0"/>
        <line num="607" count="2" type="stmt"/>
        <line num="608" count="2" type="stmt"/>
        <line num="609" count="2" type="stmt"/>
        <line num="610" count="2" type="stmt"/>
        <line num="611" count="2" type="stmt"/>
        <line num="612" count="2" type="stmt"/>
        <line num="613" count="2" type="stmt"/>
        <line num="614" count="35" type="stmt"/>
        <line num="615" count="35" type="stmt"/>
        <line num="616" count="2" type="stmt"/>
        <line num="617" count="2" type="cond" truecount="1" falsecount="0"/>
        <line num="618" count="2" type="stmt"/>
        <line num="619" count="2" type="cond" truecount="1" falsecount="0"/>
        <line num="620" count="2" type="stmt"/>
        <line num="621" count="2" type="stmt"/>
        <line num="622" count="2" type="stmt"/>
        <line num="623" count="2" type="stmt"/>
        <line num="624" count="2" type="stmt"/>
        <line num="625" count="4" type="stmt"/>
        <line num="626" count="4" type="stmt"/>
        <line num="627" count="2" type="stmt"/>
      </file>
    </package>
  </project>
</coverage>
