{"/Users/luke/yeeql/lib/index.ts": {"path":"/Users/luke/yeeql/lib/index.ts","all":false,"statementMap":{"0":{"start":{"line":1,"column":0},"end":{"line":1,"column":42}},"1":{"start":{"line":2,"column":0},"end":{"line":2,"column":41}},"2":{"start":{"line":3,"column":0},"end":{"line":3,"column":60}},"3":{"start":{"line":4,"column":0},"end":{"line":4,"column":47}},"4":{"start":{"line":5,"column":0},"end":{"line":5,"column":34}}},"s":{"0":2,"1":2,"2":2,"3":2,"4":2},"branchMap":{},"b":{},"fnMap":{},"f":{}}
,"/Users/luke/yeeql/lib/yeeql.ts": {"path":"/Users/luke/yeeql/lib/yeeql.ts","all":false,"statementMap":{"0":{"start":{"line":1,"column":0},"end":{"line":1,"column":46}},"1":{"start":{"line":2,"column":0},"end":{"line":2,"column":21}}},"s":{"0":1,"1":1},"branchMap":{},"b":{},"fnMap":{},"f":{}}
,"/Users/luke/yeeql/lib/common/DefaultMap.ts": {"path":"/Users/luke/yeeql/lib/common/DefaultMap.ts","all":false,"statementMap":{"0":{"start":{"line":1,"column":0},"end":{"line":1,"column":69}},"1":{"start":{"line":2,"column":0},"end":{"line":2,"column":15}},"2":{"start":{"line":3,"column":0},"end":{"line":3,"column":1}},"3":{"start":{"line":4,"column":0},"end":{"line":4,"column":0}},"4":{"start":{"line":5,"column":0},"end":{"line":5,"column":29}},"5":{"start":{"line":6,"column":0},"end":{"line":6,"column":18}},"6":{"start":{"line":7,"column":0},"end":{"line":7,"column":36}},"7":{"start":{"line":8,"column":0},"end":{"line":8,"column":1}},"8":{"start":{"line":9,"column":0},"end":{"line":9,"column":17}},"9":{"start":{"line":10,"column":0},"end":{"line":10,"column":29}},"10":{"start":{"line":11,"column":0},"end":{"line":11,"column":29}},"11":{"start":{"line":12,"column":0},"end":{"line":12,"column":33}},"12":{"start":{"line":13,"column":0},"end":{"line":13,"column":24}},"13":{"start":{"line":14,"column":0},"end":{"line":14,"column":3}},"14":{"start":{"line":15,"column":0},"end":{"line":15,"column":15}},"15":{"start":{"line":16,"column":0},"end":{"line":16,"column":2}},"16":{"start":{"line":17,"column":0},"end":{"line":17,"column":0}},"17":{"start":{"line":18,"column":0},"end":{"line":18,"column":59}},"18":{"start":{"line":19,"column":0},"end":{"line":19,"column":9}},"19":{"start":{"line":20,"column":0},"end":{"line":20,"column":2}},"20":{"start":{"line":21,"column":0},"end":{"line":21,"column":1}},"21":{"start":{"line":22,"column":0},"end":{"line":22,"column":0}},"22":{"start":{"line":23,"column":0},"end":{"line":23,"column":69}}},"s":{"0":2,"1":2,"2":2,"3":2,"4":2,"5":2,"6":2,"7":2,"8":2,"9":2,"10":2,"11":1096,"12":1096,"13":1096,"14":2,"15":2,"16":2,"17":2,"18":604,"19":604,"20":2,"21":2,"22":2},"branchMap":{"0":{"type":"branch","line":18,"loc":{"start":{"line":18,"column":1},"end":{"line":20,"column":2}},"locations":[{"start":{"line":18,"column":1},"end":{"line":20,"column":2}}]},"1":{"type":"branch","line":11,"loc":{"start":{"line":11,"column":28},"end":{"line":14,"column":3}},"locations":[{"start":{"line":11,"column":28},"end":{"line":14,"column":3}}]}},"b":{"0":[604],"1":[1096]},"fnMap":{"0":{"name":"DefaultMap","decl":{"start":{"line":18,"column":1},"end":{"line":20,"column":2}},"loc":{"start":{"line":18,"column":1},"end":{"line":20,"column":2}},"line":18}},"f":{"0":604}}
,"/Users/luke/yeeql/lib/common/array.ts": {"path":"/Users/luke/yeeql/lib/common/array.ts","all":false,"statementMap":{"0":{"start":{"line":1,"column":0},"end":{"line":1,"column":25}},"1":{"start":{"line":2,"column":0},"end":{"line":2,"column":27}},"2":{"start":{"line":3,"column":0},"end":{"line":3,"column":9}},"3":{"start":{"line":4,"column":0},"end":{"line":4,"column":36}},"4":{"start":{"line":5,"column":0},"end":{"line":5,"column":11}},"5":{"start":{"line":6,"column":0},"end":{"line":6,"column":12}},"6":{"start":{"line":7,"column":0},"end":{"line":7,"column":30}},"7":{"start":{"line":8,"column":0},"end":{"line":8,"column":21}},"8":{"start":{"line":9,"column":0},"end":{"line":9,"column":42}},"9":{"start":{"line":10,"column":0},"end":{"line":10,"column":47}},"10":{"start":{"line":11,"column":0},"end":{"line":11,"column":16}},"11":{"start":{"line":12,"column":0},"end":{"line":12,"column":10}},"12":{"start":{"line":13,"column":0},"end":{"line":13,"column":13}},"13":{"start":{"line":14,"column":0},"end":{"line":14,"column":3}},"14":{"start":{"line":15,"column":0},"end":{"line":15,"column":2}},"15":{"start":{"line":16,"column":0},"end":{"line":16,"column":11}},"16":{"start":{"line":17,"column":0},"end":{"line":17,"column":1}},"17":{"start":{"line":18,"column":0},"end":{"line":18,"column":0}},"18":{"start":{"line":19,"column":0},"end":{"line":19,"column":38}},"19":{"start":{"line":20,"column":0},"end":{"line":20,"column":27}},"20":{"start":{"line":21,"column":0},"end":{"line":21,"column":9}},"21":{"start":{"line":22,"column":0},"end":{"line":22,"column":36}},"22":{"start":{"line":23,"column":0},"end":{"line":23,"column":23}},"23":{"start":{"line":24,"column":0},"end":{"line":24,"column":55}},"24":{"start":{"line":25,"column":0},"end":{"line":25,"column":5}},"25":{"start":{"line":26,"column":0},"end":{"line":26,"column":31}},"26":{"start":{"line":27,"column":0},"end":{"line":27,"column":44}},"27":{"start":{"line":28,"column":0},"end":{"line":28,"column":4}},"28":{"start":{"line":29,"column":0},"end":{"line":29,"column":14}},"29":{"start":{"line":30,"column":0},"end":{"line":30,"column":2}},"30":{"start":{"line":31,"column":0},"end":{"line":31,"column":1}},"31":{"start":{"line":32,"column":0},"end":{"line":32,"column":0}},"32":{"start":{"line":33,"column":0},"end":{"line":33,"column":33}},"33":{"start":{"line":34,"column":0},"end":{"line":34,"column":18}},"34":{"start":{"line":35,"column":0},"end":{"line":35,"column":12}},"35":{"start":{"line":36,"column":0},"end":{"line":36,"column":36}},"36":{"start":{"line":37,"column":0},"end":{"line":37,"column":11}},"37":{"start":{"line":38,"column":0},"end":{"line":38,"column":58}},"38":{"start":{"line":39,"column":0},"end":{"line":39,"column":38}},"39":{"start":{"line":40,"column":0},"end":{"line":40,"column":13}},"40":{"start":{"line":41,"column":0},"end":{"line":41,"column":1}},"41":{"start":{"line":42,"column":0},"end":{"line":42,"column":0}},"42":{"start":{"line":43,"column":0},"end":{"line":43,"column":36}},"43":{"start":{"line":44,"column":0},"end":{"line":44,"column":18}},"44":{"start":{"line":45,"column":0},"end":{"line":45,"column":9}},"45":{"start":{"line":46,"column":0},"end":{"line":46,"column":36}},"46":{"start":{"line":47,"column":0},"end":{"line":47,"column":43}},"47":{"start":{"line":48,"column":0},"end":{"line":48,"column":61}},"48":{"start":{"line":49,"column":0},"end":{"line":49,"column":73}},"49":{"start":{"line":50,"column":0},"end":{"line":50,"column":10}},"50":{"start":{"line":51,"column":0},"end":{"line":51,"column":9}},"51":{"start":{"line":52,"column":0},"end":{"line":52,"column":41}},"52":{"start":{"line":53,"column":0},"end":{"line":53,"column":3}},"53":{"start":{"line":54,"column":0},"end":{"line":54,"column":2}},"54":{"start":{"line":55,"column":0},"end":{"line":55,"column":1}}},"s":{"0":273,"1":273,"2":273,"3":273,"4":273,"5":273,"6":273,"7":273,"8":231,"9":231,"10":81,"11":223,"12":150,"13":150,"14":231,"15":273,"16":273,"17":2,"18":2,"19":83,"20":83,"21":83,"22":83,"23":83,"24":83,"25":83,"26":83,"27":83,"28":83,"29":83,"30":83,"31":2,"32":2,"33":190,"34":190,"35":190,"36":190,"37":190,"38":190,"39":190,"40":190,"41":2,"42":2,"43":83,"44":83,"45":83,"46":83,"47":83,"48":83,"49":83,"50":83,"51":83,"52":83,"53":83,"54":83},"branchMap":{"0":{"type":"branch","line":1,"loc":{"start":{"line":1,"column":0},"end":{"line":17,"column":1}},"locations":[{"start":{"line":1,"column":0},"end":{"line":17,"column":1}}]},"1":{"type":"branch","line":8,"loc":{"start":{"line":8,"column":20},"end":{"line":15,"column":2}},"locations":[{"start":{"line":8,"column":20},"end":{"line":15,"column":2}}]},"2":{"type":"branch","line":10,"loc":{"start":{"line":10,"column":46},"end":{"line":12,"column":9}},"locations":[{"start":{"line":10,"column":46},"end":{"line":12,"column":9}}]},"3":{"type":"branch","line":12,"loc":{"start":{"line":12,"column":2},"end":{"line":14,"column":3}},"locations":[{"start":{"line":12,"column":2},"end":{"line":14,"column":3}}]},"4":{"type":"branch","line":19,"loc":{"start":{"line":19,"column":7},"end":{"line":31,"column":1}},"locations":[{"start":{"line":19,"column":7},"end":{"line":31,"column":1}}]},"5":{"type":"branch","line":33,"loc":{"start":{"line":33,"column":7},"end":{"line":41,"column":1}},"locations":[{"start":{"line":33,"column":7},"end":{"line":41,"column":1}}]},"6":{"type":"branch","line":43,"loc":{"start":{"line":43,"column":7},"end":{"line":55,"column":1}},"locations":[{"start":{"line":43,"column":7},"end":{"line":55,"column":1}}]},"7":{"type":"branch","line":10,"loc":{"start":{"line":10,"column":46},"end":{"line":14,"column":3}},"locations":[{"start":{"line":10,"column":46},"end":{"line":14,"column":3}}]}},"b":{"0":[273],"1":[231],"2":[81],"3":[150],"4":[83],"5":[190],"6":[83],"7":[223]},"fnMap":{"0":{"name":"findIndex","decl":{"start":{"line":1,"column":0},"end":{"line":17,"column":1}},"loc":{"start":{"line":1,"column":0},"end":{"line":17,"column":1}},"line":1},"1":{"name":"getOrderedIndex","decl":{"start":{"line":19,"column":7},"end":{"line":31,"column":1}},"loc":{"start":{"line":19,"column":7},"end":{"line":31,"column":1}},"line":19},"2":{"name":"insertOrdered","decl":{"start":{"line":33,"column":7},"end":{"line":41,"column":1}},"loc":{"start":{"line":33,"column":7},"end":{"line":41,"column":1}},"line":33},"3":{"name":"removeOrdered","decl":{"start":{"line":43,"column":7},"end":{"line":55,"column":1}},"loc":{"start":{"line":43,"column":7},"end":{"line":55,"column":1}},"line":43}},"f":{"0":273,"1":83,"2":190,"3":83}}
,"/Users/luke/yeeql/lib/common/debug.ts": {"path":"/Users/luke/yeeql/lib/common/debug.ts","all":false,"statementMap":{"0":{"start":{"line":1,"column":0},"end":{"line":1,"column":34}},"1":{"start":{"line":2,"column":0},"end":{"line":2,"column":0}},"2":{"start":{"line":3,"column":0},"end":{"line":3,"column":21}},"3":{"start":{"line":4,"column":0},"end":{"line":4,"column":21}},"4":{"start":{"line":5,"column":0},"end":{"line":5,"column":17}},"5":{"start":{"line":6,"column":0},"end":{"line":6,"column":12}},"6":{"start":{"line":7,"column":0},"end":{"line":7,"column":16}},"7":{"start":{"line":8,"column":0},"end":{"line":8,"column":23}},"8":{"start":{"line":9,"column":0},"end":{"line":9,"column":24}},"9":{"start":{"line":10,"column":0},"end":{"line":10,"column":5}},"10":{"start":{"line":11,"column":0},"end":{"line":11,"column":11}},"11":{"start":{"line":12,"column":0},"end":{"line":12,"column":16}},"12":{"start":{"line":13,"column":0},"end":{"line":13,"column":22}},"13":{"start":{"line":14,"column":0},"end":{"line":14,"column":9}},"14":{"start":{"line":15,"column":0},"end":{"line":15,"column":41}},"15":{"start":{"line":16,"column":0},"end":{"line":16,"column":22}},"16":{"start":{"line":17,"column":0},"end":{"line":17,"column":3}},"17":{"start":{"line":18,"column":0},"end":{"line":18,"column":21}},"18":{"start":{"line":19,"column":0},"end":{"line":19,"column":12}},"19":{"start":{"line":20,"column":0},"end":{"line":20,"column":16}},"20":{"start":{"line":21,"column":0},"end":{"line":21,"column":23}},"21":{"start":{"line":22,"column":0},"end":{"line":22,"column":1}}},"s":{"0":2,"1":2,"2":2,"3":2,"4":2,"5":2,"6":2,"7":2,"8":2,"9":2,"10":2,"11":2,"12":2,"13":2,"14":2,"15":2,"16":2,"17":2,"18":2,"19":2,"20":2,"21":2},"branchMap":{},"b":{},"fnMap":{"0":{"name":"dump","decl":{"start":{"line":14,"column":1},"end":{"line":17,"column":3}},"loc":{"start":{"line":14,"column":1},"end":{"line":17,"column":3}},"line":14}},"f":{"0":2}}
,"/Users/luke/yeeql/lib/common/string.ts": {"path":"/Users/luke/yeeql/lib/common/string.ts","all":false,"statementMap":{"0":{"start":{"line":1,"column":0},"end":{"line":1,"column":66}},"1":{"start":{"line":2,"column":0},"end":{"line":2,"column":13}},"2":{"start":{"line":3,"column":0},"end":{"line":3,"column":11}},"3":{"start":{"line":4,"column":0},"end":{"line":4,"column":20}},"4":{"start":{"line":5,"column":0},"end":{"line":5,"column":10}},"5":{"start":{"line":6,"column":0},"end":{"line":6,"column":9}},"6":{"start":{"line":7,"column":0},"end":{"line":7,"column":10}},"7":{"start":{"line":8,"column":0},"end":{"line":8,"column":2}},"8":{"start":{"line":9,"column":0},"end":{"line":9,"column":1}}},"s":{"0":2,"1":276,"2":13,"3":276,"4":14,"5":263,"6":249,"7":249,"8":276},"branchMap":{"0":{"type":"branch","line":1,"loc":{"start":{"line":1,"column":7},"end":{"line":9,"column":1}},"locations":[{"start":{"line":1,"column":7},"end":{"line":9,"column":1}}]},"1":{"type":"branch","line":2,"loc":{"start":{"line":2,"column":12},"end":{"line":4,"column":12}},"locations":[{"start":{"line":2,"column":12},"end":{"line":4,"column":12}}]},"2":{"type":"branch","line":4,"loc":{"start":{"line":4,"column":1},"end":{"line":8,"column":2}},"locations":[{"start":{"line":4,"column":1},"end":{"line":8,"column":2}}]},"3":{"type":"branch","line":4,"loc":{"start":{"line":4,"column":19},"end":{"line":6,"column":8}},"locations":[{"start":{"line":4,"column":19},"end":{"line":6,"column":8}}]},"4":{"type":"branch","line":6,"loc":{"start":{"line":6,"column":1},"end":{"line":8,"column":2}},"locations":[{"start":{"line":6,"column":1},"end":{"line":8,"column":2}}]}},"b":{"0":[276],"1":[13],"2":[263],"3":[14],"4":[249]},"fnMap":{"0":{"name":"compareStrings","decl":{"start":{"line":1,"column":7},"end":{"line":9,"column":1}},"loc":{"start":{"line":1,"column":7},"end":{"line":9,"column":1}},"line":1}},"f":{"0":276}}
,"/Users/luke/yeeql/lib/common/uuid.ts": {"path":"/Users/luke/yeeql/lib/common/uuid.ts","all":false,"statementMap":{"0":{"start":{"line":1,"column":0},"end":{"line":1,"column":38}},"1":{"start":{"line":2,"column":0},"end":{"line":2,"column":0}},"2":{"start":{"line":3,"column":0},"end":{"line":3,"column":60}},"3":{"start":{"line":4,"column":0},"end":{"line":4,"column":0}},"4":{"start":{"line":5,"column":0},"end":{"line":5,"column":16}},"5":{"start":{"line":6,"column":0},"end":{"line":6,"column":0}},"6":{"start":{"line":7,"column":0},"end":{"line":7,"column":16}},"7":{"start":{"line":8,"column":0},"end":{"line":8,"column":17}},"8":{"start":{"line":9,"column":0},"end":{"line":9,"column":39}},"9":{"start":{"line":10,"column":0},"end":{"line":10,"column":32}},"10":{"start":{"line":11,"column":0},"end":{"line":11,"column":39}},"11":{"start":{"line":12,"column":0},"end":{"line":12,"column":3}},"12":{"start":{"line":13,"column":0},"end":{"line":13,"column":8}},"13":{"start":{"line":14,"column":0},"end":{"line":14,"column":33}},"14":{"start":{"line":15,"column":0},"end":{"line":15,"column":29}},"15":{"start":{"line":16,"column":0},"end":{"line":16,"column":3}},"16":{"start":{"line":17,"column":0},"end":{"line":17,"column":33}},"17":{"start":{"line":18,"column":0},"end":{"line":18,"column":37}},"18":{"start":{"line":19,"column":0},"end":{"line":19,"column":33}},"19":{"start":{"line":20,"column":0},"end":{"line":20,"column":19}},"20":{"start":{"line":21,"column":0},"end":{"line":21,"column":91}},"21":{"start":{"line":22,"column":0},"end":{"line":22,"column":4}},"22":{"start":{"line":23,"column":0},"end":{"line":23,"column":3}},"23":{"start":{"line":24,"column":0},"end":{"line":24,"column":23}},"24":{"start":{"line":25,"column":0},"end":{"line":25,"column":3}},"25":{"start":{"line":26,"column":0},"end":{"line":26,"column":1}},"26":{"start":{"line":27,"column":0},"end":{"line":27,"column":0}},"27":{"start":{"line":28,"column":0},"end":{"line":28,"column":51}}},"s":{"0":2,"1":2,"2":2,"3":2,"4":2,"5":2,"6":2,"7":2,"8":20100,"9":20100,"10":20100,"11":20100,"12":2,"13":2,"14":1,"15":1,"16":2,"17":2,"18":2,"19":1,"20":1,"21":1,"22":1,"23":1,"24":2,"25":2,"26":2,"27":2},"branchMap":{"0":{"type":"branch","line":8,"loc":{"start":{"line":8,"column":1},"end":{"line":12,"column":3}},"locations":[{"start":{"line":8,"column":1},"end":{"line":12,"column":3}}]},"1":{"type":"branch","line":14,"loc":{"start":{"line":14,"column":1},"end":{"line":16,"column":3}},"locations":[{"start":{"line":14,"column":1},"end":{"line":16,"column":3}}]},"2":{"type":"branch","line":17,"loc":{"start":{"line":17,"column":1},"end":{"line":25,"column":3}},"locations":[{"start":{"line":17,"column":1},"end":{"line":25,"column":3}}]},"3":{"type":"branch","line":19,"loc":{"start":{"line":19,"column":32},"end":{"line":24,"column":23}},"locations":[{"start":{"line":19,"column":32},"end":{"line":24,"column":23}}]}},"b":{"0":[20100],"1":[1],"2":[2],"3":[1]},"fnMap":{"0":{"name":"create","decl":{"start":{"line":8,"column":1},"end":{"line":12,"column":3}},"loc":{"start":{"line":8,"column":1},"end":{"line":12,"column":3}},"line":8},"1":{"name":"encode","decl":{"start":{"line":14,"column":1},"end":{"line":16,"column":3}},"loc":{"start":{"line":14,"column":1},"end":{"line":16,"column":3}},"line":14},"2":{"name":"decode","decl":{"start":{"line":17,"column":1},"end":{"line":25,"column":3}},"loc":{"start":{"line":17,"column":1},"end":{"line":25,"column":3}},"line":17}},"f":{"0":20100,"1":1,"2":2}}
,"/Users/luke/yeeql/lib/yeeql/YInterfaces.ts": {"path":"/Users/luke/yeeql/lib/yeeql/YInterfaces.ts","all":true,"statementMap":{"0":{"start":{"line":1,"column":0},"end":{"line":1,"column":21}},"1":{"start":{"line":2,"column":0},"end":{"line":2,"column":55}},"2":{"start":{"line":3,"column":0},"end":{"line":3,"column":26}},"3":{"start":{"line":4,"column":0},"end":{"line":4,"column":44}},"4":{"start":{"line":5,"column":0},"end":{"line":5,"column":56}},"5":{"start":{"line":6,"column":0},"end":{"line":6,"column":32}},"6":{"start":{"line":7,"column":0},"end":{"line":7,"column":33}},"7":{"start":{"line":8,"column":0},"end":{"line":8,"column":26}},"8":{"start":{"line":9,"column":0},"end":{"line":9,"column":23}},"9":{"start":{"line":10,"column":0},"end":{"line":10,"column":1}},"10":{"start":{"line":11,"column":0},"end":{"line":11,"column":0}},"11":{"start":{"line":12,"column":0},"end":{"line":12,"column":25}},"12":{"start":{"line":13,"column":0},"end":{"line":13,"column":21}},"13":{"start":{"line":14,"column":0},"end":{"line":14,"column":28}},"14":{"start":{"line":15,"column":0},"end":{"line":15,"column":9}},"15":{"start":{"line":16,"column":0},"end":{"line":16,"column":71}},"16":{"start":{"line":17,"column":0},"end":{"line":17,"column":2}},"17":{"start":{"line":18,"column":0},"end":{"line":18,"column":46}},"18":{"start":{"line":19,"column":0},"end":{"line":19,"column":1}},"19":{"start":{"line":20,"column":0},"end":{"line":20,"column":0}},"20":{"start":{"line":21,"column":0},"end":{"line":21,"column":23}},"21":{"start":{"line":22,"column":0},"end":{"line":22,"column":63}},"22":{"start":{"line":23,"column":0},"end":{"line":23,"column":1}},"23":{"start":{"line":24,"column":0},"end":{"line":24,"column":20}}},"s":{"0":1,"1":1,"2":1,"3":1,"4":1,"5":1,"6":1,"7":1,"8":1,"9":1,"10":1,"11":1,"12":1,"13":1,"14":1,"15":1,"16":1,"17":1,"18":1,"19":1,"20":1,"21":1,"22":1,"23":1},"branchMap":{"0":{"type":"branch","line":1,"loc":{"start":{"line":1,"column":0},"end":{"line":24,"column":20}},"locations":[{"start":{"line":1,"column":0},"end":{"line":24,"column":20}}]}},"b":{"0":[1]},"fnMap":{"0":{"name":"(empty-report)","decl":{"start":{"line":1,"column":0},"end":{"line":24,"column":20}},"loc":{"start":{"line":1,"column":0},"end":{"line":24,"column":20}},"line":1}},"f":{"0":1}}
,"/Users/luke/yeeql/lib/yeeql/query/Query.ts": {"path":"/Users/luke/yeeql/lib/yeeql/query/Query.ts","all":false,"statementMap":{"0":{"start":{"line":1,"column":0},"end":{"line":1,"column":3}},"1":{"start":{"line":2,"column":0},"end":{"line":2,"column":90}},"2":{"start":{"line":3,"column":0},"end":{"line":3,"column":101}},"3":{"start":{"line":4,"column":0},"end":{"line":4,"column":3}},"4":{"start":{"line":5,"column":0},"end":{"line":5,"column":0}},"5":{"start":{"line":6,"column":0},"end":{"line":6,"column":58}},"6":{"start":{"line":7,"column":0},"end":{"line":7,"column":0}},"7":{"start":{"line":8,"column":0},"end":{"line":8,"column":23}},"8":{"start":{"line":9,"column":0},"end":{"line":9,"column":8}},"9":{"start":{"line":10,"column":0},"end":{"line":10,"column":35}},"10":{"start":{"line":11,"column":0},"end":{"line":11,"column":62}},"11":{"start":{"line":12,"column":0},"end":{"line":12,"column":17}},"12":{"start":{"line":13,"column":0},"end":{"line":13,"column":3}},"13":{"start":{"line":14,"column":0},"end":{"line":14,"column":24}},"14":{"start":{"line":15,"column":0},"end":{"line":15,"column":50}},"15":{"start":{"line":16,"column":0},"end":{"line":16,"column":52}},"16":{"start":{"line":17,"column":0},"end":{"line":17,"column":1}},"17":{"start":{"line":18,"column":0},"end":{"line":18,"column":0}},"18":{"start":{"line":19,"column":0},"end":{"line":19,"column":80}},"19":{"start":{"line":20,"column":0},"end":{"line":20,"column":76}},"20":{"start":{"line":21,"column":0},"end":{"line":21,"column":0}},"21":{"start":{"line":22,"column":0},"end":{"line":22,"column":80}},"22":{"start":{"line":23,"column":0},"end":{"line":23,"column":65}},"23":{"start":{"line":24,"column":0},"end":{"line":24,"column":0}},"24":{"start":{"line":25,"column":0},"end":{"line":25,"column":33}},"25":{"start":{"line":26,"column":0},"end":{"line":26,"column":55}},"26":{"start":{"line":27,"column":0},"end":{"line":27,"column":79}}},"s":{"0":2,"1":2,"2":2,"3":2,"4":2,"5":2,"6":2,"7":2,"8":2,"9":2,"10":2,"11":2,"12":2,"13":2,"14":2,"15":2,"16":2,"17":2,"18":2,"19":2,"20":2,"21":2,"22":2,"23":2,"24":2,"25":2,"26":2},"branchMap":{},"b":{},"fnMap":{},"f":{}}
,"/Users/luke/yeeql/lib/yeeql/query/QueryBase.ts": {"path":"/Users/luke/yeeql/lib/yeeql/query/QueryBase.ts","all":false,"statementMap":{"0":{"start":{"line":1,"column":0},"end":{"line":1,"column":37}},"1":{"start":{"line":2,"column":0},"end":{"line":2,"column":34}},"2":{"start":{"line":3,"column":0},"end":{"line":3,"column":1}},"3":{"start":{"line":4,"column":0},"end":{"line":4,"column":0}},"4":{"start":{"line":5,"column":0},"end":{"line":5,"column":61}},"5":{"start":{"line":6,"column":0},"end":{"line":6,"column":60}},"6":{"start":{"line":7,"column":0},"end":{"line":7,"column":81}},"7":{"start":{"line":8,"column":0},"end":{"line":8,"column":78}},"8":{"start":{"line":9,"column":0},"end":{"line":9,"column":75}},"9":{"start":{"line":10,"column":0},"end":{"line":10,"column":3}},"10":{"start":{"line":11,"column":0},"end":{"line":11,"column":80}},"11":{"start":{"line":12,"column":0},"end":{"line":12,"column":40}},"12":{"start":{"line":13,"column":0},"end":{"line":13,"column":4}},"13":{"start":{"line":14,"column":0},"end":{"line":14,"column":79}},"14":{"start":{"line":15,"column":0},"end":{"line":15,"column":160}},"15":{"start":{"line":16,"column":0},"end":{"line":16,"column":3}},"16":{"start":{"line":17,"column":0},"end":{"line":17,"column":75}},"17":{"start":{"line":18,"column":0},"end":{"line":18,"column":3}},"18":{"start":{"line":19,"column":0},"end":{"line":19,"column":40}},"19":{"start":{"line":20,"column":0},"end":{"line":20,"column":4}},"20":{"start":{"line":21,"column":0},"end":{"line":21,"column":64}},"21":{"start":{"line":22,"column":0},"end":{"line":22,"column":66}},"22":{"start":{"line":23,"column":0},"end":{"line":23,"column":1}},"23":{"start":{"line":24,"column":0},"end":{"line":24,"column":0}},"24":{"start":{"line":25,"column":0},"end":{"line":25,"column":74}},"25":{"start":{"line":26,"column":0},"end":{"line":26,"column":65}},"26":{"start":{"line":27,"column":0},"end":{"line":27,"column":0}},"27":{"start":{"line":28,"column":0},"end":{"line":28,"column":52}},"28":{"start":{"line":29,"column":0},"end":{"line":29,"column":30}},"29":{"start":{"line":30,"column":0},"end":{"line":30,"column":2}},"30":{"start":{"line":31,"column":0},"end":{"line":31,"column":0}},"31":{"start":{"line":32,"column":0},"end":{"line":32,"column":54}},"32":{"start":{"line":33,"column":0},"end":{"line":33,"column":33}},"33":{"start":{"line":34,"column":0},"end":{"line":34,"column":2}},"34":{"start":{"line":35,"column":0},"end":{"line":35,"column":0}},"35":{"start":{"line":36,"column":0},"end":{"line":36,"column":74}},"36":{"start":{"line":37,"column":0},"end":{"line":37,"column":11}},"37":{"start":{"line":38,"column":0},"end":{"line":38,"column":0}},"38":{"start":{"line":39,"column":0},"end":{"line":39,"column":66}},"39":{"start":{"line":40,"column":0},"end":{"line":40,"column":38}},"40":{"start":{"line":41,"column":0},"end":{"line":41,"column":2}},"41":{"start":{"line":42,"column":0},"end":{"line":42,"column":0}},"42":{"start":{"line":43,"column":0},"end":{"line":43,"column":68}},"43":{"start":{"line":44,"column":0},"end":{"line":44,"column":41}},"44":{"start":{"line":45,"column":0},"end":{"line":45,"column":2}},"45":{"start":{"line":46,"column":0},"end":{"line":46,"column":0}},"46":{"start":{"line":47,"column":0},"end":{"line":47,"column":4}},"47":{"start":{"line":48,"column":0},"end":{"line":48,"column":67}},"48":{"start":{"line":49,"column":0},"end":{"line":49,"column":89}},"49":{"start":{"line":50,"column":0},"end":{"line":50,"column":90}},"50":{"start":{"line":51,"column":0},"end":{"line":51,"column":3}},"51":{"start":{"line":52,"column":0},"end":{"line":52,"column":44}},"52":{"start":{"line":53,"column":0},"end":{"line":53,"column":3}},"53":{"start":{"line":54,"column":0},"end":{"line":54,"column":40}},"54":{"start":{"line":55,"column":0},"end":{"line":55,"column":7}},"55":{"start":{"line":56,"column":0},"end":{"line":56,"column":38}},"56":{"start":{"line":57,"column":0},"end":{"line":57,"column":38}},"57":{"start":{"line":58,"column":0},"end":{"line":58,"column":28}},"58":{"start":{"line":59,"column":0},"end":{"line":59,"column":38}},"59":{"start":{"line":60,"column":0},"end":{"line":60,"column":6}},"60":{"start":{"line":61,"column":0},"end":{"line":61,"column":7}},"61":{"start":{"line":62,"column":0},"end":{"line":62,"column":3}},"62":{"start":{"line":63,"column":0},"end":{"line":63,"column":93}},"63":{"start":{"line":64,"column":0},"end":{"line":64,"column":3}},"64":{"start":{"line":65,"column":0},"end":{"line":65,"column":49}},"65":{"start":{"line":66,"column":0},"end":{"line":66,"column":61}},"66":{"start":{"line":67,"column":0},"end":{"line":67,"column":4}},"67":{"start":{"line":68,"column":0},"end":{"line":68,"column":67}},"68":{"start":{"line":69,"column":0},"end":{"line":69,"column":59}},"69":{"start":{"line":70,"column":0},"end":{"line":70,"column":58}},"70":{"start":{"line":71,"column":0},"end":{"line":71,"column":0}},"71":{"start":{"line":72,"column":0},"end":{"line":72,"column":20}},"72":{"start":{"line":73,"column":0},"end":{"line":73,"column":30}},"73":{"start":{"line":74,"column":0},"end":{"line":74,"column":40}},"74":{"start":{"line":75,"column":0},"end":{"line":75,"column":56}},"75":{"start":{"line":76,"column":0},"end":{"line":76,"column":64}},"76":{"start":{"line":77,"column":0},"end":{"line":77,"column":11}},"77":{"start":{"line":78,"column":0},"end":{"line":78,"column":23}},"78":{"start":{"line":79,"column":0},"end":{"line":79,"column":4}},"79":{"start":{"line":80,"column":0},"end":{"line":80,"column":16}},"80":{"start":{"line":81,"column":0},"end":{"line":81,"column":3}},"81":{"start":{"line":82,"column":0},"end":{"line":82,"column":0}},"82":{"start":{"line":83,"column":0},"end":{"line":83,"column":16}},"83":{"start":{"line":84,"column":0},"end":{"line":84,"column":0}},"84":{"start":{"line":85,"column":0},"end":{"line":85,"column":16}},"85":{"start":{"line":86,"column":0},"end":{"line":86,"column":57}},"86":{"start":{"line":87,"column":0},"end":{"line":87,"column":62}},"87":{"start":{"line":88,"column":0},"end":{"line":88,"column":3}},"88":{"start":{"line":89,"column":0},"end":{"line":89,"column":2}},"89":{"start":{"line":90,"column":0},"end":{"line":90,"column":1}}},"s":{"0":2,"1":2,"2":2,"3":2,"4":2,"5":2,"6":2,"7":2,"8":2,"9":2,"10":2,"11":2,"12":2,"13":2,"14":2,"15":2,"16":2,"17":2,"18":2,"19":2,"20":2,"21":2,"22":2,"23":2,"24":2,"25":152,"26":152,"27":152,"28":152,"29":152,"30":152,"31":152,"32":18,"33":18,"34":152,"35":152,"36":152,"37":2,"38":2,"39":52,"40":52,"41":2,"42":2,"43":8,"44":8,"45":2,"46":2,"47":2,"48":2,"49":2,"50":2,"51":2,"52":2,"53":2,"54":2,"55":2,"56":2,"57":2,"58":2,"59":2,"60":2,"61":2,"62":2,"63":2,"64":2,"65":2,"66":2,"67":2,"68":204,"69":204,"70":204,"71":204,"72":204,"73":256,"74":256,"75":52,"76":256,"77":204,"78":204,"79":256,"80":256,"81":204,"82":204,"83":204,"84":204,"85":201,"86":201,"87":201,"88":204,"89":2},"branchMap":{"0":{"type":"branch","line":25,"loc":{"start":{"line":25,"column":7},"end":{"line":37,"column":11}},"locations":[{"start":{"line":25,"column":7},"end":{"line":37,"column":11}}]},"1":{"type":"branch","line":32,"loc":{"start":{"line":32,"column":1},"end":{"line":34,"column":2}},"locations":[{"start":{"line":32,"column":1},"end":{"line":34,"column":2}}]},"2":{"type":"branch","line":39,"loc":{"start":{"line":39,"column":1},"end":{"line":41,"column":2}},"locations":[{"start":{"line":39,"column":1},"end":{"line":41,"column":2}}]},"3":{"type":"branch","line":68,"loc":{"start":{"line":68,"column":11},"end":{"line":89,"column":2}},"locations":[{"start":{"line":68,"column":11},"end":{"line":89,"column":2}}]},"4":{"type":"branch","line":73,"loc":{"start":{"line":73,"column":23},"end":{"line":81,"column":3}},"locations":[{"start":{"line":73,"column":23},"end":{"line":81,"column":3}}]},"5":{"type":"branch","line":75,"loc":{"start":{"line":75,"column":55},"end":{"line":77,"column":10}},"locations":[{"start":{"line":75,"column":55},"end":{"line":77,"column":10}}]},"6":{"type":"branch","line":77,"loc":{"start":{"line":77,"column":3},"end":{"line":79,"column":4}},"locations":[{"start":{"line":77,"column":3},"end":{"line":79,"column":4}}]},"7":{"type":"branch","line":85,"loc":{"start":{"line":85,"column":9},"end":{"line":88,"column":3}},"locations":[{"start":{"line":85,"column":9},"end":{"line":88,"column":3}}]},"8":{"type":"branch","line":86,"loc":{"start":{"line":86,"column":26},"end":{"line":86,"column":56}},"locations":[{"start":{"line":86,"column":26},"end":{"line":86,"column":56}}]},"9":{"type":"branch","line":87,"loc":{"start":{"line":87,"column":41},"end":{"line":87,"column":61}},"locations":[{"start":{"line":87,"column":41},"end":{"line":87,"column":61}}]},"10":{"type":"branch","line":43,"loc":{"start":{"line":43,"column":1},"end":{"line":45,"column":2}},"locations":[{"start":{"line":43,"column":1},"end":{"line":45,"column":2}}]}},"b":{"0":[152],"1":[18],"2":[52],"3":[204],"4":[256],"5":[52],"6":[204],"7":[201],"8":[74],"9":[52],"10":[8]},"fnMap":{"0":{"name":"QueryBase","decl":{"start":{"line":25,"column":7},"end":{"line":37,"column":11}},"loc":{"start":{"line":25,"column":7},"end":{"line":37,"column":11}},"line":25},"1":{"name":"unobserve","decl":{"start":{"line":32,"column":1},"end":{"line":34,"column":2}},"loc":{"start":{"line":32,"column":1},"end":{"line":34,"column":2}},"line":32},"2":{"name":"internalObserve","decl":{"start":{"line":39,"column":1},"end":{"line":41,"column":2}},"loc":{"start":{"line":39,"column":1},"end":{"line":41,"column":2}},"line":39},"3":{"name":"internalUnobserve","decl":{"start":{"line":43,"column":1},"end":{"line":45,"column":2}},"loc":{"start":{"line":43,"column":1},"end":{"line":45,"column":2}},"line":43},"4":{"name":"notifyingObservers","decl":{"start":{"line":68,"column":11},"end":{"line":89,"column":2}},"loc":{"start":{"line":68,"column":11},"end":{"line":89,"column":2}},"line":68},"5":{"name":"callObserver","decl":{"start":{"line":73,"column":23},"end":{"line":81,"column":3}},"loc":{"start":{"line":73,"column":23},"end":{"line":81,"column":3}},"line":73}},"f":{"0":152,"1":18,"2":52,"3":8,"4":204,"5":256}}
,"/Users/luke/yeeql/lib/yeeql/query/subquery.ts": {"path":"/Users/luke/yeeql/lib/yeeql/query/subquery.ts","all":true,"statementMap":{"0":{"start":{"line":1,"column":0},"end":{"line":1,"column":21}},"1":{"start":{"line":2,"column":0},"end":{"line":2,"column":46}},"2":{"start":{"line":3,"column":0},"end":{"line":3,"column":41}},"3":{"start":{"line":4,"column":0},"end":{"line":4,"column":58}},"4":{"start":{"line":5,"column":0},"end":{"line":5,"column":53}},"5":{"start":{"line":6,"column":0},"end":{"line":6,"column":0}},"6":{"start":{"line":7,"column":0},"end":{"line":7,"column":30}},"7":{"start":{"line":8,"column":0},"end":{"line":8,"column":23}},"8":{"start":{"line":9,"column":0},"end":{"line":9,"column":55}},"9":{"start":{"line":10,"column":0},"end":{"line":10,"column":22}},"10":{"start":{"line":11,"column":0},"end":{"line":11,"column":0}},"11":{"start":{"line":12,"column":0},"end":{"line":12,"column":57}},"12":{"start":{"line":13,"column":0},"end":{"line":13,"column":34}},"13":{"start":{"line":14,"column":0},"end":{"line":14,"column":4}},"14":{"start":{"line":15,"column":0},"end":{"line":15,"column":45}},"15":{"start":{"line":16,"column":0},"end":{"line":16,"column":2}},"16":{"start":{"line":17,"column":0},"end":{"line":17,"column":1}},"17":{"start":{"line":18,"column":0},"end":{"line":18,"column":0}},"18":{"start":{"line":19,"column":0},"end":{"line":19,"column":27}},"19":{"start":{"line":20,"column":0},"end":{"line":20,"column":23}},"20":{"start":{"line":21,"column":0},"end":{"line":21,"column":77}},"21":{"start":{"line":22,"column":0},"end":{"line":22,"column":32}},"22":{"start":{"line":23,"column":0},"end":{"line":23,"column":3}},"23":{"start":{"line":24,"column":0},"end":{"line":24,"column":49}},"24":{"start":{"line":25,"column":0},"end":{"line":25,"column":1}},"25":{"start":{"line":26,"column":0},"end":{"line":26,"column":9}},"26":{"start":{"line":27,"column":0},"end":{"line":27,"column":8}},"27":{"start":{"line":28,"column":0},"end":{"line":28,"column":0}},"28":{"start":{"line":29,"column":0},"end":{"line":29,"column":36}},"29":{"start":{"line":30,"column":0},"end":{"line":30,"column":23}},"30":{"start":{"line":31,"column":0},"end":{"line":31,"column":77}},"31":{"start":{"line":32,"column":0},"end":{"line":32,"column":32}},"32":{"start":{"line":33,"column":0},"end":{"line":33,"column":3}},"33":{"start":{"line":34,"column":0},"end":{"line":34,"column":49}},"34":{"start":{"line":35,"column":0},"end":{"line":35,"column":1}},"35":{"start":{"line":36,"column":0},"end":{"line":36,"column":9}},"36":{"start":{"line":37,"column":0},"end":{"line":37,"column":8}},"37":{"start":{"line":38,"column":0},"end":{"line":38,"column":0}},"38":{"start":{"line":39,"column":0},"end":{"line":39,"column":30}},"39":{"start":{"line":40,"column":0},"end":{"line":40,"column":23}},"40":{"start":{"line":41,"column":0},"end":{"line":41,"column":33}},"41":{"start":{"line":42,"column":0},"end":{"line":42,"column":5}},"42":{"start":{"line":43,"column":0},"end":{"line":43,"column":40}},"43":{"start":{"line":44,"column":0},"end":{"line":44,"column":1}},"44":{"start":{"line":45,"column":0},"end":{"line":45,"column":0}},"45":{"start":{"line":46,"column":0},"end":{"line":46,"column":35}},"46":{"start":{"line":47,"column":0},"end":{"line":47,"column":23}},"47":{"start":{"line":48,"column":0},"end":{"line":48,"column":33}},"48":{"start":{"line":49,"column":0},"end":{"line":49,"column":37}},"49":{"start":{"line":50,"column":0},"end":{"line":50,"column":0}},"50":{"start":{"line":51,"column":0},"end":{"line":51,"column":27}},"51":{"start":{"line":52,"column":0},"end":{"line":52,"column":23}},"52":{"start":{"line":53,"column":0},"end":{"line":53,"column":77}},"53":{"start":{"line":54,"column":0},"end":{"line":54,"column":73}},"54":{"start":{"line":55,"column":0},"end":{"line":55,"column":9}},"55":{"start":{"line":56,"column":0},"end":{"line":56,"column":8}},"56":{"start":{"line":57,"column":0},"end":{"line":57,"column":0}},"57":{"start":{"line":58,"column":0},"end":{"line":58,"column":39}},"58":{"start":{"line":59,"column":0},"end":{"line":59,"column":23}},"59":{"start":{"line":60,"column":0},"end":{"line":60,"column":33}},"60":{"start":{"line":61,"column":0},"end":{"line":61,"column":5}},"61":{"start":{"line":62,"column":0},"end":{"line":62,"column":49}},"62":{"start":{"line":63,"column":0},"end":{"line":63,"column":1}},"63":{"start":{"line":64,"column":0},"end":{"line":64,"column":20}}},"s":{"0":1,"1":1,"2":1,"3":1,"4":1,"5":1,"6":1,"7":1,"8":1,"9":1,"10":1,"11":1,"12":1,"13":1,"14":1,"15":1,"16":1,"17":1,"18":1,"19":1,"20":1,"21":1,"22":1,"23":1,"24":1,"25":1,"26":1,"27":1,"28":1,"29":1,"30":1,"31":1,"32":1,"33":1,"34":1,"35":1,"36":1,"37":1,"38":1,"39":1,"40":1,"41":1,"42":1,"43":1,"44":1,"45":1,"46":1,"47":1,"48":1,"49":1,"50":1,"51":1,"52":1,"53":1,"54":1,"55":1,"56":1,"57":1,"58":1,"59":1,"60":1,"61":1,"62":1,"63":1},"branchMap":{"0":{"type":"branch","line":1,"loc":{"start":{"line":1,"column":0},"end":{"line":64,"column":20}},"locations":[{"start":{"line":1,"column":0},"end":{"line":64,"column":20}}]}},"b":{"0":[1]},"fnMap":{"0":{"name":"(empty-report)","decl":{"start":{"line":1,"column":0},"end":{"line":64,"column":20}},"loc":{"start":{"line":1,"column":0},"end":{"line":64,"column":20}},"line":1}},"f":{"0":1}}
,"/Users/luke/yeeql/lib/yeeql/query/implementation/CountQueryImpl.ts": {"path":"/Users/luke/yeeql/lib/yeeql/query/implementation/CountQueryImpl.ts","all":false,"statementMap":{"0":{"start":{"line":1,"column":0},"end":{"line":1,"column":61}},"1":{"start":{"line":2,"column":0},"end":{"line":2,"column":62}},"2":{"start":{"line":3,"column":0},"end":{"line":3,"column":34}},"3":{"start":{"line":4,"column":0},"end":{"line":4,"column":49}},"4":{"start":{"line":5,"column":0},"end":{"line":5,"column":61}},"5":{"start":{"line":6,"column":0},"end":{"line":6,"column":47}},"6":{"start":{"line":7,"column":0},"end":{"line":7,"column":0}},"7":{"start":{"line":8,"column":0},"end":{"line":8,"column":50}},"8":{"start":{"line":9,"column":0},"end":{"line":9,"column":43}},"9":{"start":{"line":10,"column":0},"end":{"line":10,"column":45}},"10":{"start":{"line":11,"column":0},"end":{"line":11,"column":1}},"11":{"start":{"line":12,"column":0},"end":{"line":12,"column":13}},"12":{"start":{"line":13,"column":0},"end":{"line":13,"column":35}},"13":{"start":{"line":14,"column":0},"end":{"line":14,"column":29}},"14":{"start":{"line":15,"column":0},"end":{"line":15,"column":4}},"15":{"start":{"line":16,"column":0},"end":{"line":16,"column":9}},"16":{"start":{"line":17,"column":0},"end":{"line":17,"column":17}},"17":{"start":{"line":18,"column":0},"end":{"line":18,"column":41}},"18":{"start":{"line":19,"column":0},"end":{"line":19,"column":55}},"19":{"start":{"line":20,"column":0},"end":{"line":20,"column":29}},"20":{"start":{"line":21,"column":0},"end":{"line":21,"column":21}},"21":{"start":{"line":22,"column":0},"end":{"line":22,"column":5}},"22":{"start":{"line":23,"column":0},"end":{"line":23,"column":4}},"23":{"start":{"line":24,"column":0},"end":{"line":24,"column":16}},"24":{"start":{"line":25,"column":0},"end":{"line":25,"column":3}},"25":{"start":{"line":26,"column":0},"end":{"line":26,"column":2}},"26":{"start":{"line":27,"column":0},"end":{"line":27,"column":0}},"27":{"start":{"line":28,"column":0},"end":{"line":28,"column":50}},"28":{"start":{"line":29,"column":0},"end":{"line":29,"column":0}},"29":{"start":{"line":30,"column":0},"end":{"line":30,"column":15}},"30":{"start":{"line":31,"column":0},"end":{"line":31,"column":0}},"31":{"start":{"line":32,"column":0},"end":{"line":32,"column":58}},"32":{"start":{"line":33,"column":0},"end":{"line":33,"column":40}},"33":{"start":{"line":34,"column":0},"end":{"line":34,"column":16}},"34":{"start":{"line":35,"column":0},"end":{"line":35,"column":28}},"35":{"start":{"line":36,"column":0},"end":{"line":36,"column":4}},"36":{"start":{"line":37,"column":0},"end":{"line":37,"column":2}},"37":{"start":{"line":38,"column":0},"end":{"line":38,"column":0}},"38":{"start":{"line":39,"column":0},"end":{"line":39,"column":64}},"39":{"start":{"line":40,"column":0},"end":{"line":40,"column":40}},"40":{"start":{"line":41,"column":0},"end":{"line":41,"column":16}},"41":{"start":{"line":42,"column":0},"end":{"line":42,"column":29}},"42":{"start":{"line":43,"column":0},"end":{"line":43,"column":4}},"43":{"start":{"line":44,"column":0},"end":{"line":44,"column":2}},"44":{"start":{"line":45,"column":0},"end":{"line":45,"column":0}},"45":{"start":{"line":46,"column":0},"end":{"line":46,"column":26}},"46":{"start":{"line":47,"column":0},"end":{"line":47,"column":24}},"47":{"start":{"line":48,"column":0},"end":{"line":48,"column":2}},"48":{"start":{"line":49,"column":0},"end":{"line":49,"column":1}}},"s":{"0":2,"1":2,"2":2,"3":2,"4":2,"5":2,"6":2,"7":2,"8":2,"9":2,"10":2,"11":2,"12":18,"13":18,"14":18,"15":18,"16":18,"17":18,"18":28,"19":33,"20":14,"21":14,"22":33,"23":14,"24":14,"25":18,"26":2,"27":2,"28":2,"29":2,"30":2,"31":2,"32":8,"33":8,"34":8,"35":8,"36":8,"37":2,"38":2,"39":6,"40":6,"41":6,"42":6,"43":6,"44":2,"45":2,"46":1,"47":1,"48":2},"branchMap":{"0":{"type":"branch","line":12,"loc":{"start":{"line":12,"column":1},"end":{"line":26,"column":2}},"locations":[{"start":{"line":12,"column":1},"end":{"line":26,"column":2}}]},"1":{"type":"branch","line":18,"loc":{"start":{"line":18,"column":40},"end":{"line":25,"column":3}},"locations":[{"start":{"line":18,"column":40},"end":{"line":25,"column":3}}]},"2":{"type":"branch","line":19,"loc":{"start":{"line":19,"column":54},"end":{"line":23,"column":4}},"locations":[{"start":{"line":19,"column":54},"end":{"line":23,"column":4}}]},"3":{"type":"branch","line":20,"loc":{"start":{"line":20,"column":28},"end":{"line":22,"column":5}},"locations":[{"start":{"line":20,"column":28},"end":{"line":22,"column":5}}]},"4":{"type":"branch","line":23,"loc":{"start":{"line":23,"column":3},"end":{"line":25,"column":3}},"locations":[{"start":{"line":23,"column":3},"end":{"line":25,"column":3}}]},"5":{"type":"branch","line":32,"loc":{"start":{"line":32,"column":1},"end":{"line":37,"column":2}},"locations":[{"start":{"line":32,"column":1},"end":{"line":37,"column":2}}]},"6":{"type":"branch","line":33,"loc":{"start":{"line":33,"column":33},"end":{"line":36,"column":3}},"locations":[{"start":{"line":33,"column":33},"end":{"line":36,"column":3}}]},"7":{"type":"branch","line":39,"loc":{"start":{"line":39,"column":1},"end":{"line":44,"column":2}},"locations":[{"start":{"line":39,"column":1},"end":{"line":44,"column":2}}]},"8":{"type":"branch","line":40,"loc":{"start":{"line":40,"column":33},"end":{"line":43,"column":3}},"locations":[{"start":{"line":40,"column":33},"end":{"line":43,"column":3}}]},"9":{"type":"branch","line":46,"loc":{"start":{"line":46,"column":1},"end":{"line":48,"column":2}},"locations":[{"start":{"line":46,"column":1},"end":{"line":48,"column":2}}]},"10":{"type":"branch","line":47,"loc":{"start":{"line":47,"column":9},"end":{"line":47,"column":24}},"locations":[{"start":{"line":47,"column":9},"end":{"line":47,"column":24}}]}},"b":{"0":[18],"1":[28],"2":[33],"3":[14],"4":[14],"5":[8],"6":[8],"7":[6],"8":[6],"9":[1],"10":[1]},"fnMap":{"0":{"name":"CountQueryImpl","decl":{"start":{"line":12,"column":1},"end":{"line":26,"column":2}},"loc":{"start":{"line":12,"column":1},"end":{"line":26,"column":2}},"line":12},"1":{"name":"addRow","decl":{"start":{"line":32,"column":1},"end":{"line":37,"column":2}},"loc":{"start":{"line":32,"column":1},"end":{"line":37,"column":2}},"line":32},"2":{"name":"removeRow","decl":{"start":{"line":39,"column":1},"end":{"line":44,"column":2}},"loc":{"start":{"line":39,"column":1},"end":{"line":44,"column":2}},"line":39},"3":{"name":"changeRow","decl":{"start":{"line":46,"column":1},"end":{"line":48,"column":2}},"loc":{"start":{"line":46,"column":1},"end":{"line":48,"column":2}},"line":46}},"f":{"0":18,"1":8,"2":6,"3":1}}
,"/Users/luke/yeeql/lib/yeeql/query/implementation/GroupedQueryImpl.ts": {"path":"/Users/luke/yeeql/lib/yeeql/query/implementation/GroupedQueryImpl.ts","all":false,"statementMap":{"0":{"start":{"line":1,"column":0},"end":{"line":1,"column":73}},"1":{"start":{"line":2,"column":0},"end":{"line":2,"column":62}},"2":{"start":{"line":3,"column":0},"end":{"line":3,"column":34}},"3":{"start":{"line":4,"column":0},"end":{"line":4,"column":64}},"4":{"start":{"line":5,"column":0},"end":{"line":5,"column":67}},"5":{"start":{"line":6,"column":0},"end":{"line":6,"column":8}},"6":{"start":{"line":7,"column":0},"end":{"line":7,"column":24}},"7":{"start":{"line":8,"column":0},"end":{"line":8,"column":20}},"8":{"start":{"line":9,"column":0},"end":{"line":9,"column":11}},"9":{"start":{"line":10,"column":0},"end":{"line":10,"column":15}},"10":{"start":{"line":11,"column":0},"end":{"line":11,"column":30}},"11":{"start":{"line":12,"column":0},"end":{"line":12,"column":65}},"12":{"start":{"line":13,"column":0},"end":{"line":13,"column":0}},"13":{"start":{"line":14,"column":0},"end":{"line":14,"column":30}},"14":{"start":{"line":15,"column":0},"end":{"line":15,"column":24}},"15":{"start":{"line":16,"column":0},"end":{"line":16,"column":38}},"16":{"start":{"line":17,"column":0},"end":{"line":17,"column":56}},"17":{"start":{"line":18,"column":0},"end":{"line":18,"column":2}},"18":{"start":{"line":19,"column":0},"end":{"line":19,"column":60}},"19":{"start":{"line":20,"column":0},"end":{"line":20,"column":62}},"20":{"start":{"line":21,"column":0},"end":{"line":21,"column":1}},"21":{"start":{"line":22,"column":0},"end":{"line":22,"column":13}},"22":{"start":{"line":23,"column":0},"end":{"line":23,"column":35}},"23":{"start":{"line":24,"column":0},"end":{"line":24,"column":29}},"24":{"start":{"line":25,"column":0},"end":{"line":25,"column":28}},"25":{"start":{"line":26,"column":0},"end":{"line":26,"column":67}},"26":{"start":{"line":27,"column":0},"end":{"line":27,"column":4}},"27":{"start":{"line":28,"column":0},"end":{"line":28,"column":9}},"28":{"start":{"line":29,"column":0},"end":{"line":29,"column":26}},"29":{"start":{"line":30,"column":0},"end":{"line":30,"column":30}},"30":{"start":{"line":31,"column":0},"end":{"line":31,"column":17}},"31":{"start":{"line":32,"column":0},"end":{"line":32,"column":18}},"32":{"start":{"line":33,"column":0},"end":{"line":33,"column":40}},"33":{"start":{"line":34,"column":0},"end":{"line":34,"column":51}},"34":{"start":{"line":35,"column":0},"end":{"line":35,"column":33}},"35":{"start":{"line":36,"column":0},"end":{"line":36,"column":41}},"36":{"start":{"line":37,"column":0},"end":{"line":37,"column":75}},"37":{"start":{"line":38,"column":0},"end":{"line":38,"column":5}},"38":{"start":{"line":39,"column":0},"end":{"line":39,"column":5}},"39":{"start":{"line":40,"column":0},"end":{"line":40,"column":38}},"40":{"start":{"line":41,"column":0},"end":{"line":41,"column":15}},"41":{"start":{"line":42,"column":0},"end":{"line":42,"column":23}},"42":{"start":{"line":43,"column":0},"end":{"line":43,"column":5}},"43":{"start":{"line":44,"column":0},"end":{"line":44,"column":14}},"44":{"start":{"line":45,"column":0},"end":{"line":45,"column":38}},"45":{"start":{"line":46,"column":0},"end":{"line":46,"column":12}},"46":{"start":{"line":47,"column":0},"end":{"line":47,"column":45}},"47":{"start":{"line":48,"column":0},"end":{"line":48,"column":13}},"48":{"start":{"line":49,"column":0},"end":{"line":49,"column":45}},"49":{"start":{"line":50,"column":0},"end":{"line":50,"column":26}},"50":{"start":{"line":51,"column":0},"end":{"line":51,"column":46}},"51":{"start":{"line":52,"column":0},"end":{"line":52,"column":14}},"52":{"start":{"line":53,"column":0},"end":{"line":53,"column":71}},"53":{"start":{"line":54,"column":0},"end":{"line":54,"column":7}},"54":{"start":{"line":55,"column":0},"end":{"line":55,"column":7}},"55":{"start":{"line":56,"column":0},"end":{"line":56,"column":5}},"56":{"start":{"line":57,"column":0},"end":{"line":57,"column":5}},"57":{"start":{"line":58,"column":0},"end":{"line":58,"column":30}},"58":{"start":{"line":59,"column":0},"end":{"line":59,"column":13}},"59":{"start":{"line":60,"column":0},"end":{"line":60,"column":37}},"60":{"start":{"line":61,"column":0},"end":{"line":61,"column":12}},"61":{"start":{"line":62,"column":0},"end":{"line":62,"column":44}},"62":{"start":{"line":63,"column":0},"end":{"line":63,"column":13}},"63":{"start":{"line":64,"column":0},"end":{"line":64,"column":45}},"64":{"start":{"line":65,"column":0},"end":{"line":65,"column":49}},"65":{"start":{"line":66,"column":0},"end":{"line":66,"column":7}},"66":{"start":{"line":67,"column":0},"end":{"line":67,"column":5}},"67":{"start":{"line":68,"column":0},"end":{"line":68,"column":5}},"68":{"start":{"line":69,"column":0},"end":{"line":69,"column":35}},"69":{"start":{"line":70,"column":0},"end":{"line":70,"column":25}},"70":{"start":{"line":71,"column":0},"end":{"line":71,"column":5}},"71":{"start":{"line":72,"column":0},"end":{"line":72,"column":3}},"72":{"start":{"line":73,"column":0},"end":{"line":73,"column":34}},"73":{"start":{"line":74,"column":0},"end":{"line":74,"column":0}},"74":{"start":{"line":75,"column":0},"end":{"line":75,"column":41}},"75":{"start":{"line":76,"column":0},"end":{"line":76,"column":55}},"76":{"start":{"line":77,"column":0},"end":{"line":77,"column":29}},"77":{"start":{"line":78,"column":0},"end":{"line":78,"column":21}},"78":{"start":{"line":79,"column":0},"end":{"line":79,"column":5}},"79":{"start":{"line":80,"column":0},"end":{"line":80,"column":4}},"80":{"start":{"line":81,"column":0},"end":{"line":81,"column":29}},"81":{"start":{"line":82,"column":0},"end":{"line":82,"column":40}},"82":{"start":{"line":83,"column":0},"end":{"line":83,"column":16}},"83":{"start":{"line":84,"column":0},"end":{"line":84,"column":24}},"84":{"start":{"line":85,"column":0},"end":{"line":85,"column":11}},"85":{"start":{"line":86,"column":0},"end":{"line":86,"column":20}},"86":{"start":{"line":87,"column":0},"end":{"line":87,"column":4}},"87":{"start":{"line":88,"column":0},"end":{"line":88,"column":3}},"88":{"start":{"line":89,"column":0},"end":{"line":89,"column":2}},"89":{"start":{"line":90,"column":0},"end":{"line":90,"column":0}},"90":{"start":{"line":91,"column":0},"end":{"line":91,"column":38}},"91":{"start":{"line":92,"column":0},"end":{"line":92,"column":0}},"92":{"start":{"line":93,"column":0},"end":{"line":93,"column":31}},"93":{"start":{"line":94,"column":0},"end":{"line":94,"column":18}},"94":{"start":{"line":95,"column":0},"end":{"line":95,"column":3}},"95":{"start":{"line":96,"column":0},"end":{"line":96,"column":58}},"96":{"start":{"line":97,"column":0},"end":{"line":97,"column":33}},"97":{"start":{"line":98,"column":0},"end":{"line":98,"column":19}},"98":{"start":{"line":99,"column":0},"end":{"line":99,"column":51}},"99":{"start":{"line":100,"column":0},"end":{"line":100,"column":3}},"100":{"start":{"line":101,"column":0},"end":{"line":101,"column":2}},"101":{"start":{"line":102,"column":0},"end":{"line":102,"column":69}},"102":{"start":{"line":103,"column":0},"end":{"line":103,"column":0}},"103":{"start":{"line":104,"column":0},"end":{"line":104,"column":18}},"104":{"start":{"line":105,"column":0},"end":{"line":105,"column":25}},"105":{"start":{"line":106,"column":0},"end":{"line":106,"column":44}},"106":{"start":{"line":107,"column":0},"end":{"line":107,"column":64}},"107":{"start":{"line":108,"column":0},"end":{"line":108,"column":22}},"108":{"start":{"line":109,"column":0},"end":{"line":109,"column":12}},"109":{"start":{"line":110,"column":0},"end":{"line":110,"column":71}},"110":{"start":{"line":111,"column":0},"end":{"line":111,"column":41}},"111":{"start":{"line":112,"column":0},"end":{"line":112,"column":26}},"112":{"start":{"line":113,"column":0},"end":{"line":113,"column":12}},"113":{"start":{"line":114,"column":0},"end":{"line":114,"column":22}},"114":{"start":{"line":115,"column":0},"end":{"line":115,"column":44}},"115":{"start":{"line":116,"column":0},"end":{"line":116,"column":11}},"116":{"start":{"line":117,"column":0},"end":{"line":117,"column":12}},"117":{"start":{"line":118,"column":0},"end":{"line":118,"column":23}},"118":{"start":{"line":119,"column":0},"end":{"line":119,"column":5}},"119":{"start":{"line":120,"column":0},"end":{"line":120,"column":5}},"120":{"start":{"line":121,"column":0},"end":{"line":121,"column":3}},"121":{"start":{"line":122,"column":0},"end":{"line":122,"column":33}},"122":{"start":{"line":123,"column":0},"end":{"line":123,"column":59}},"123":{"start":{"line":124,"column":0},"end":{"line":124,"column":14}},"124":{"start":{"line":125,"column":0},"end":{"line":125,"column":2}},"125":{"start":{"line":126,"column":0},"end":{"line":126,"column":0}},"126":{"start":{"line":127,"column":0},"end":{"line":127,"column":58}},"127":{"start":{"line":128,"column":0},"end":{"line":128,"column":33}},"128":{"start":{"line":129,"column":0},"end":{"line":129,"column":39}},"129":{"start":{"line":130,"column":0},"end":{"line":130,"column":14}},"130":{"start":{"line":131,"column":0},"end":{"line":131,"column":19}},"131":{"start":{"line":132,"column":0},"end":{"line":132,"column":25}},"132":{"start":{"line":133,"column":0},"end":{"line":133,"column":10}},"133":{"start":{"line":134,"column":0},"end":{"line":134,"column":41}},"134":{"start":{"line":135,"column":0},"end":{"line":135,"column":38}},"135":{"start":{"line":136,"column":0},"end":{"line":136,"column":12}},"136":{"start":{"line":137,"column":0},"end":{"line":137,"column":22}},"137":{"start":{"line":138,"column":0},"end":{"line":138,"column":11}},"138":{"start":{"line":139,"column":0},"end":{"line":139,"column":10}},"139":{"start":{"line":140,"column":0},"end":{"line":140,"column":26}},"140":{"start":{"line":141,"column":0},"end":{"line":141,"column":5}},"141":{"start":{"line":142,"column":0},"end":{"line":142,"column":5}},"142":{"start":{"line":143,"column":0},"end":{"line":143,"column":3}},"143":{"start":{"line":144,"column":0},"end":{"line":144,"column":2}},"144":{"start":{"line":145,"column":0},"end":{"line":145,"column":0}},"145":{"start":{"line":146,"column":0},"end":{"line":146,"column":64}},"146":{"start":{"line":147,"column":0},"end":{"line":147,"column":33}},"147":{"start":{"line":148,"column":0},"end":{"line":148,"column":40}},"148":{"start":{"line":149,"column":0},"end":{"line":149,"column":29}},"149":{"start":{"line":150,"column":0},"end":{"line":150,"column":41}},"150":{"start":{"line":151,"column":0},"end":{"line":151,"column":49}},"151":{"start":{"line":152,"column":0},"end":{"line":152,"column":30}},"152":{"start":{"line":153,"column":0},"end":{"line":153,"column":12}},"153":{"start":{"line":154,"column":0},"end":{"line":154,"column":25}},"154":{"start":{"line":155,"column":0},"end":{"line":155,"column":11}},"155":{"start":{"line":156,"column":0},"end":{"line":156,"column":32}},"156":{"start":{"line":157,"column":0},"end":{"line":157,"column":10}},"157":{"start":{"line":158,"column":0},"end":{"line":158,"column":5}},"158":{"start":{"line":159,"column":0},"end":{"line":159,"column":5}},"159":{"start":{"line":160,"column":0},"end":{"line":160,"column":10}},"160":{"start":{"line":161,"column":0},"end":{"line":161,"column":19}},"161":{"start":{"line":162,"column":0},"end":{"line":162,"column":25}},"162":{"start":{"line":163,"column":0},"end":{"line":163,"column":3}},"163":{"start":{"line":164,"column":0},"end":{"line":164,"column":2}},"164":{"start":{"line":165,"column":0},"end":{"line":165,"column":0}},"165":{"start":{"line":166,"column":0},"end":{"line":166,"column":11}},"166":{"start":{"line":167,"column":0},"end":{"line":167,"column":14}},"167":{"start":{"line":168,"column":0},"end":{"line":168,"column":39}},"168":{"start":{"line":169,"column":0},"end":{"line":169,"column":39}},"169":{"start":{"line":170,"column":0},"end":{"line":170,"column":31}},"170":{"start":{"line":171,"column":0},"end":{"line":171,"column":16}},"171":{"start":{"line":172,"column":0},"end":{"line":172,"column":60}},"172":{"start":{"line":173,"column":0},"end":{"line":173,"column":25}},"173":{"start":{"line":174,"column":0},"end":{"line":174,"column":3}},"174":{"start":{"line":175,"column":0},"end":{"line":175,"column":0}},"175":{"start":{"line":176,"column":0},"end":{"line":176,"column":52}},"176":{"start":{"line":177,"column":0},"end":{"line":177,"column":12}},"177":{"start":{"line":178,"column":0},"end":{"line":178,"column":46}},"178":{"start":{"line":179,"column":0},"end":{"line":179,"column":16}},"179":{"start":{"line":180,"column":0},"end":{"line":180,"column":17}},"180":{"start":{"line":181,"column":0},"end":{"line":181,"column":14}},"181":{"start":{"line":182,"column":0},"end":{"line":182,"column":3}},"182":{"start":{"line":183,"column":0},"end":{"line":183,"column":2}},"183":{"start":{"line":184,"column":0},"end":{"line":184,"column":1}}},"s":{"0":2,"1":2,"2":2,"3":2,"4":2,"5":2,"6":2,"7":2,"8":2,"9":2,"10":2,"11":2,"12":2,"13":2,"14":2,"15":2,"16":2,"17":2,"18":2,"19":2,"20":2,"21":2,"22":17,"23":17,"24":17,"25":17,"26":17,"27":17,"28":17,"29":17,"30":17,"31":17,"32":19,"33":3,"34":17,"35":1,"36":2,"37":1,"38":1,"39":17,"40":17,"41":17,"42":17,"43":17,"44":13,"45":13,"46":13,"47":13,"48":25,"49":25,"50":9,"51":25,"52":16,"53":16,"54":25,"55":13,"56":13,"57":17,"58":17,"59":2,"60":2,"61":2,"62":2,"63":3,"64":3,"65":3,"66":2,"67":2,"68":17,"69":5,"70":5,"71":17,"72":17,"73":17,"74":17,"75":9,"76":2,"77":2,"78":2,"79":2,"80":7,"81":7,"82":7,"83":5,"84":5,"85":2,"86":2,"87":9,"88":17,"89":2,"90":2,"91":2,"92":2,"93":2,"94":2,"95":2,"96":2,"97":2,"98":2,"99":2,"100":2,"101":2,"102":2,"103":2,"104":21,"105":21,"106":21,"107":21,"108":21,"109":21,"110":16,"111":16,"112":16,"113":16,"114":16,"115":16,"116":16,"117":16,"118":16,"119":16,"120":16,"121":21,"122":21,"123":21,"124":21,"125":2,"126":2,"127":22,"128":22,"129":22,"130":6,"131":6,"132":21,"133":16,"134":16,"135":16,"136":16,"137":16,"138":16,"139":16,"140":16,"141":16,"142":16,"143":22,"144":2,"145":2,"146":8,"147":8,"148":8,"149":5,"150":5,"151":5,"152":5,"153":5,"154":5,"155":5,"156":5,"157":5,"158":5,"159":5,"160":3,"161":3,"162":3,"163":8,"164":2,"165":2,"166":5,"167":5,"168":5,"169":5,"170":5,"171":5,"172":1,"173":1,"174":4,"175":4,"176":4,"177":4,"178":4,"179":4,"180":4,"181":4,"182":5,"183":2},"branchMap":{"0":{"type":"branch","line":22,"loc":{"start":{"line":22,"column":1},"end":{"line":89,"column":2}},"locations":[{"start":{"line":22,"column":1},"end":{"line":89,"column":2}}]},"1":{"type":"branch","line":75,"loc":{"start":{"line":75,"column":40},"end":{"line":88,"column":3}},"locations":[{"start":{"line":75,"column":40},"end":{"line":88,"column":3}}]},"2":{"type":"branch","line":76,"loc":{"start":{"line":76,"column":54},"end":{"line":80,"column":4}},"locations":[{"start":{"line":76,"column":54},"end":{"line":80,"column":4}}]},"3":{"type":"branch","line":80,"loc":{"start":{"line":80,"column":3},"end":{"line":87,"column":4}},"locations":[{"start":{"line":80,"column":3},"end":{"line":87,"column":4}}]},"4":{"type":"branch","line":83,"loc":{"start":{"line":83,"column":15},"end":{"line":87,"column":4}},"locations":[{"start":{"line":83,"column":15},"end":{"line":87,"column":4}}]},"5":{"type":"branch","line":85,"loc":{"start":{"line":85,"column":3},"end":{"line":87,"column":4}},"locations":[{"start":{"line":85,"column":3},"end":{"line":87,"column":4}}]},"6":{"type":"branch","line":32,"loc":{"start":{"line":32,"column":8},"end":{"line":34,"column":51}},"locations":[{"start":{"line":32,"column":8},"end":{"line":34,"column":51}}]},"7":{"type":"branch","line":33,"loc":{"start":{"line":33,"column":22},"end":{"line":33,"column":31}},"locations":[{"start":{"line":33,"column":22},"end":{"line":33,"column":31}}]},"8":{"type":"branch","line":33,"loc":{"start":{"line":33,"column":31},"end":{"line":34,"column":51}},"locations":[{"start":{"line":33,"column":31},"end":{"line":34,"column":51}}]},"9":{"type":"branch","line":35,"loc":{"start":{"line":35,"column":3},"end":{"line":39,"column":5}},"locations":[{"start":{"line":35,"column":3},"end":{"line":39,"column":5}}]},"10":{"type":"branch","line":36,"loc":{"start":{"line":36,"column":20},"end":{"line":37,"column":75}},"locations":[{"start":{"line":36,"column":20},"end":{"line":37,"column":75}}]},"11":{"type":"branch","line":40,"loc":{"start":{"line":40,"column":8},"end":{"line":40,"column":38}},"locations":[{"start":{"line":40,"column":8},"end":{"line":40,"column":38}}]},"12":{"type":"branch","line":41,"loc":{"start":{"line":41,"column":3},"end":{"line":43,"column":5}},"locations":[{"start":{"line":41,"column":3},"end":{"line":43,"column":5}}]},"13":{"type":"branch","line":44,"loc":{"start":{"line":44,"column":3},"end":{"line":57,"column":5}},"locations":[{"start":{"line":44,"column":3},"end":{"line":57,"column":5}}]},"14":{"type":"branch","line":47,"loc":{"start":{"line":47,"column":24},"end":{"line":47,"column":45}},"locations":[{"start":{"line":47,"column":24},"end":{"line":47,"column":45}}]},"15":{"type":"branch","line":48,"loc":{"start":{"line":48,"column":5},"end":{"line":55,"column":7}},"locations":[{"start":{"line":48,"column":5},"end":{"line":55,"column":7}}]},"16":{"type":"branch","line":50,"loc":{"start":{"line":50,"column":25},"end":{"line":52,"column":13}},"locations":[{"start":{"line":50,"column":25},"end":{"line":52,"column":13}}]},"17":{"type":"branch","line":52,"loc":{"start":{"line":52,"column":6},"end":{"line":54,"column":7}},"locations":[{"start":{"line":52,"column":6},"end":{"line":54,"column":7}}]},"18":{"type":"branch","line":58,"loc":{"start":{"line":58,"column":9},"end":{"line":58,"column":30}},"locations":[{"start":{"line":58,"column":9},"end":{"line":58,"column":30}}]},"19":{"type":"branch","line":59,"loc":{"start":{"line":59,"column":3},"end":{"line":68,"column":5}},"locations":[{"start":{"line":59,"column":3},"end":{"line":68,"column":5}}]},"20":{"type":"branch","line":62,"loc":{"start":{"line":62,"column":24},"end":{"line":62,"column":44}},"locations":[{"start":{"line":62,"column":24},"end":{"line":62,"column":44}}]},"21":{"type":"branch","line":63,"loc":{"start":{"line":63,"column":5},"end":{"line":66,"column":7}},"locations":[{"start":{"line":63,"column":5},"end":{"line":66,"column":7}}]},"22":{"type":"branch","line":65,"loc":{"start":{"line":65,"column":22},"end":{"line":65,"column":35}},"locations":[{"start":{"line":65,"column":22},"end":{"line":65,"column":35}}]},"23":{"type":"branch","line":69,"loc":{"start":{"line":69,"column":22},"end":{"line":71,"column":5}},"locations":[{"start":{"line":69,"column":22},"end":{"line":71,"column":5}}]},"24":{"type":"branch","line":104,"loc":{"start":{"line":104,"column":9},"end":{"line":125,"column":2}},"locations":[{"start":{"line":104,"column":9},"end":{"line":125,"column":2}}]},"25":{"type":"branch","line":110,"loc":{"start":{"line":110,"column":59},"end":{"line":121,"column":3}},"locations":[{"start":{"line":110,"column":59},"end":{"line":121,"column":3}}]},"26":{"type":"branch","line":111,"loc":{"start":{"line":111,"column":34},"end":{"line":120,"column":4}},"locations":[{"start":{"line":111,"column":34},"end":{"line":120,"column":4}}]},"27":{"type":"branch","line":127,"loc":{"start":{"line":127,"column":1},"end":{"line":144,"column":2}},"locations":[{"start":{"line":127,"column":1},"end":{"line":144,"column":2}}]},"28":{"type":"branch","line":130,"loc":{"start":{"line":130,"column":13},"end":{"line":143,"column":3}},"locations":[{"start":{"line":130,"column":13},"end":{"line":143,"column":3}}]},"29":{"type":"branch","line":130,"loc":{"start":{"line":130,"column":13},"end":{"line":133,"column":9}},"locations":[{"start":{"line":130,"column":13},"end":{"line":133,"column":9}}]},"30":{"type":"branch","line":133,"loc":{"start":{"line":133,"column":2},"end":{"line":143,"column":3}},"locations":[{"start":{"line":133,"column":2},"end":{"line":143,"column":3}}]},"31":{"type":"branch","line":132,"loc":{"start":{"line":132,"column":10},"end":{"line":132,"column":25}},"locations":[{"start":{"line":132,"column":10},"end":{"line":132,"column":25}}]},"32":{"type":"branch","line":134,"loc":{"start":{"line":134,"column":34},"end":{"line":142,"column":4}},"locations":[{"start":{"line":134,"column":34},"end":{"line":142,"column":4}}]},"33":{"type":"branch","line":146,"loc":{"start":{"line":146,"column":1},"end":{"line":164,"column":2}},"locations":[{"start":{"line":146,"column":1},"end":{"line":164,"column":2}}]},"34":{"type":"branch","line":149,"loc":{"start":{"line":149,"column":28},"end":{"line":163,"column":3}},"locations":[{"start":{"line":149,"column":28},"end":{"line":163,"column":3}}]},"35":{"type":"branch","line":160,"loc":{"start":{"line":160,"column":2},"end":{"line":163,"column":3}},"locations":[{"start":{"line":160,"column":2},"end":{"line":163,"column":3}}]},"36":{"type":"branch","line":150,"loc":{"start":{"line":150,"column":34},"end":{"line":159,"column":4}},"locations":[{"start":{"line":150,"column":34},"end":{"line":159,"column":4}}]},"37":{"type":"branch","line":162,"loc":{"start":{"line":162,"column":10},"end":{"line":162,"column":25}},"locations":[{"start":{"line":162,"column":10},"end":{"line":162,"column":25}}]},"38":{"type":"branch","line":166,"loc":{"start":{"line":166,"column":1},"end":{"line":183,"column":2}},"locations":[{"start":{"line":166,"column":1},"end":{"line":183,"column":2}}]},"39":{"type":"branch","line":172,"loc":{"start":{"line":172,"column":59},"end":{"line":182,"column":3}},"locations":[{"start":{"line":172,"column":59},"end":{"line":182,"column":3}}]},"40":{"type":"branch","line":172,"loc":{"start":{"line":172,"column":59},"end":{"line":174,"column":3}},"locations":[{"start":{"line":172,"column":59},"end":{"line":174,"column":3}}]},"41":{"type":"branch","line":173,"loc":{"start":{"line":173,"column":10},"end":{"line":173,"column":25}},"locations":[{"start":{"line":173,"column":10},"end":{"line":173,"column":25}}]},"42":{"type":"branch","line":179,"loc":{"start":{"line":179,"column":9},"end":{"line":182,"column":3}},"locations":[{"start":{"line":179,"column":9},"end":{"line":182,"column":3}}]}},"b":{"0":[17],"1":[9],"2":[2],"3":[7],"4":[5],"5":[2],"6":[19],"7":[16],"8":[3],"9":[1],"10":[2],"11":[2],"12":[17],"13":[13],"14":[4],"15":[25],"16":[9],"17":[16],"18":[1],"19":[2],"20":[1],"21":[3],"22":[2],"23":[5],"24":[21],"25":[16],"26":[16],"27":[22],"28":[21],"29":[6],"30":[16],"31":[6],"32":[16],"33":[8],"34":[5],"35":[3],"36":[5],"37":[3],"38":[5],"39":[4],"40":[1],"41":[1],"42":[4]},"fnMap":{"0":{"name":"GroupedQueryImpl","decl":{"start":{"line":22,"column":1},"end":{"line":89,"column":2}},"loc":{"start":{"line":22,"column":1},"end":{"line":89,"column":2}},"line":22},"1":{"name":"addQuery","decl":{"start":{"line":104,"column":9},"end":{"line":125,"column":2}},"loc":{"start":{"line":104,"column":9},"end":{"line":125,"column":2}},"line":104},"2":{"name":"addRow","decl":{"start":{"line":127,"column":1},"end":{"line":144,"column":2}},"loc":{"start":{"line":127,"column":1},"end":{"line":144,"column":2}},"line":127},"3":{"name":"removeRow","decl":{"start":{"line":146,"column":1},"end":{"line":164,"column":2}},"loc":{"start":{"line":146,"column":1},"end":{"line":164,"column":2}},"line":146},"4":{"name":"changeRow","decl":{"start":{"line":166,"column":1},"end":{"line":183,"column":2}},"loc":{"start":{"line":166,"column":1},"end":{"line":183,"column":2}},"line":166},"5":{"name":"get","decl":{"start":{"line":32,"column":8},"end":{"line":34,"column":51}},"loc":{"start":{"line":32,"column":8},"end":{"line":34,"column":51}},"line":32},"6":{"name":"forEach","decl":{"start":{"line":35,"column":3},"end":{"line":39,"column":5}},"loc":{"start":{"line":35,"column":3},"end":{"line":39,"column":5}},"line":35},"7":{"name":"has","decl":{"start":{"line":40,"column":8},"end":{"line":40,"column":38}},"loc":{"start":{"line":40,"column":8},"end":{"line":40,"column":38}},"line":40},"8":{"name":"get size","decl":{"start":{"line":41,"column":3},"end":{"line":43,"column":5}},"loc":{"start":{"line":41,"column":3},"end":{"line":43,"column":5}},"line":41},"9":{"name":"entries","decl":{"start":{"line":44,"column":3},"end":{"line":57,"column":5}},"loc":{"start":{"line":44,"column":3},"end":{"line":57,"column":5}},"line":44},"10":{"name":"next","decl":{"start":{"line":48,"column":5},"end":{"line":55,"column":7}},"loc":{"start":{"line":48,"column":5},"end":{"line":55,"column":7}},"line":48},"11":{"name":"keys","decl":{"start":{"line":58,"column":9},"end":{"line":58,"column":30}},"loc":{"start":{"line":58,"column":9},"end":{"line":58,"column":30}},"line":58},"12":{"name":"values","decl":{"start":{"line":59,"column":3},"end":{"line":68,"column":5}},"loc":{"start":{"line":59,"column":3},"end":{"line":68,"column":5}},"line":59},"13":{"name":"next","decl":{"start":{"line":63,"column":5},"end":{"line":66,"column":7}},"loc":{"start":{"line":63,"column":5},"end":{"line":66,"column":7}},"line":63},"14":{"name":"GroupedQueryImpl.result","decl":{"start":{"line":69,"column":22},"end":{"line":71,"column":5}},"loc":{"start":{"line":69,"column":22},"end":{"line":71,"column":5}},"line":69},"15":{"name":"observer","decl":{"start":{"line":110,"column":59},"end":{"line":121,"column":3}},"loc":{"start":{"line":110,"column":59},"end":{"line":121,"column":3}},"line":110}},"f":{"0":17,"1":21,"2":22,"3":8,"4":5,"5":19,"6":1,"7":2,"8":17,"9":13,"10":25,"11":1,"12":2,"13":3,"14":5,"15":16}}
,"/Users/luke/yeeql/lib/yeeql/query/implementation/LinearQueryWithSubqueriesImpl.ts": {"path":"/Users/luke/yeeql/lib/yeeql/query/implementation/LinearQueryWithSubqueriesImpl.ts","all":false,"statementMap":{"0":{"start":{"line":1,"column":0},"end":{"line":1,"column":36}},"1":{"start":{"line":2,"column":0},"end":{"line":2,"column":8}},"2":{"start":{"line":3,"column":0},"end":{"line":3,"column":24}},"3":{"start":{"line":4,"column":0},"end":{"line":4,"column":11}},"4":{"start":{"line":5,"column":0},"end":{"line":5,"column":15}},"5":{"start":{"line":6,"column":0},"end":{"line":6,"column":30}},"6":{"start":{"line":7,"column":0},"end":{"line":7,"column":8}},"7":{"start":{"line":8,"column":0},"end":{"line":8,"column":24}},"8":{"start":{"line":9,"column":0},"end":{"line":9,"column":19}},"9":{"start":{"line":10,"column":0},"end":{"line":10,"column":16}},"10":{"start":{"line":11,"column":0},"end":{"line":11,"column":20}},"11":{"start":{"line":12,"column":0},"end":{"line":12,"column":16}},"12":{"start":{"line":13,"column":0},"end":{"line":13,"column":29}},"13":{"start":{"line":14,"column":0},"end":{"line":14,"column":61}},"14":{"start":{"line":15,"column":0},"end":{"line":15,"column":8}},"15":{"start":{"line":16,"column":0},"end":{"line":16,"column":13}},"16":{"start":{"line":17,"column":0},"end":{"line":17,"column":8}},"17":{"start":{"line":18,"column":0},"end":{"line":18,"column":11}},"18":{"start":{"line":19,"column":0},"end":{"line":19,"column":42}},"19":{"start":{"line":20,"column":0},"end":{"line":20,"column":62}},"20":{"start":{"line":21,"column":0},"end":{"line":21,"column":34}},"21":{"start":{"line":22,"column":0},"end":{"line":22,"column":41}},"22":{"start":{"line":23,"column":0},"end":{"line":23,"column":59}},"23":{"start":{"line":24,"column":0},"end":{"line":24,"column":44}},"24":{"start":{"line":25,"column":0},"end":{"line":25,"column":0}},"25":{"start":{"line":26,"column":0},"end":{"line":26,"column":43}},"26":{"start":{"line":27,"column":0},"end":{"line":27,"column":24}},"27":{"start":{"line":28,"column":0},"end":{"line":28,"column":25}},"28":{"start":{"line":29,"column":0},"end":{"line":29,"column":34}},"29":{"start":{"line":30,"column":0},"end":{"line":30,"column":2}},"30":{"start":{"line":31,"column":0},"end":{"line":31,"column":40}},"31":{"start":{"line":32,"column":0},"end":{"line":32,"column":60}},"32":{"start":{"line":33,"column":0},"end":{"line":33,"column":1}},"33":{"start":{"line":34,"column":0},"end":{"line":34,"column":13}},"34":{"start":{"line":35,"column":0},"end":{"line":35,"column":35}},"35":{"start":{"line":36,"column":0},"end":{"line":36,"column":32}},"36":{"start":{"line":37,"column":0},"end":{"line":37,"column":29}},"37":{"start":{"line":38,"column":0},"end":{"line":38,"column":18}},"38":{"start":{"line":39,"column":0},"end":{"line":39,"column":31}},"39":{"start":{"line":40,"column":0},"end":{"line":40,"column":31}},"40":{"start":{"line":41,"column":0},"end":{"line":41,"column":14}},"41":{"start":{"line":42,"column":0},"end":{"line":42,"column":25}},"42":{"start":{"line":43,"column":0},"end":{"line":43,"column":62}},"43":{"start":{"line":44,"column":0},"end":{"line":44,"column":4}},"44":{"start":{"line":45,"column":0},"end":{"line":45,"column":9}},"45":{"start":{"line":46,"column":0},"end":{"line":46,"column":18}},"46":{"start":{"line":47,"column":0},"end":{"line":47,"column":41}},"47":{"start":{"line":48,"column":0},"end":{"line":48,"column":55}},"48":{"start":{"line":49,"column":0},"end":{"line":49,"column":29}},"49":{"start":{"line":50,"column":0},"end":{"line":50,"column":21}},"50":{"start":{"line":51,"column":0},"end":{"line":51,"column":5}},"51":{"start":{"line":52,"column":0},"end":{"line":52,"column":4}},"52":{"start":{"line":53,"column":0},"end":{"line":53,"column":26}},"53":{"start":{"line":54,"column":0},"end":{"line":54,"column":3}},"54":{"start":{"line":55,"column":0},"end":{"line":55,"column":31}},"55":{"start":{"line":56,"column":0},"end":{"line":56,"column":2}},"56":{"start":{"line":57,"column":0},"end":{"line":57,"column":0}},"57":{"start":{"line":58,"column":0},"end":{"line":58,"column":35}},"58":{"start":{"line":59,"column":0},"end":{"line":59,"column":9}},"59":{"start":{"line":60,"column":0},"end":{"line":60,"column":3}},"60":{"start":{"line":61,"column":0},"end":{"line":61,"column":49}},"61":{"start":{"line":62,"column":0},"end":{"line":62,"column":16}},"62":{"start":{"line":63,"column":0},"end":{"line":63,"column":21}},"63":{"start":{"line":64,"column":0},"end":{"line":64,"column":18}},"64":{"start":{"line":65,"column":0},"end":{"line":65,"column":30}},"65":{"start":{"line":66,"column":0},"end":{"line":66,"column":30}},"66":{"start":{"line":67,"column":0},"end":{"line":67,"column":13}},"67":{"start":{"line":68,"column":0},"end":{"line":68,"column":8}},"68":{"start":{"line":69,"column":0},"end":{"line":69,"column":44}},"69":{"start":{"line":70,"column":0},"end":{"line":70,"column":62}},"70":{"start":{"line":71,"column":0},"end":{"line":71,"column":5}},"71":{"start":{"line":72,"column":0},"end":{"line":72,"column":4}},"72":{"start":{"line":73,"column":0},"end":{"line":73,"column":3}},"73":{"start":{"line":74,"column":0},"end":{"line":74,"column":4}},"74":{"start":{"line":75,"column":0},"end":{"line":75,"column":0}},"75":{"start":{"line":76,"column":0},"end":{"line":76,"column":38}},"76":{"start":{"line":77,"column":0},"end":{"line":77,"column":0}},"77":{"start":{"line":78,"column":0},"end":{"line":78,"column":54}},"78":{"start":{"line":79,"column":0},"end":{"line":79,"column":0}},"79":{"start":{"line":80,"column":0},"end":{"line":80,"column":58}},"80":{"start":{"line":81,"column":0},"end":{"line":81,"column":69}},"81":{"start":{"line":82,"column":0},"end":{"line":82,"column":39}},"82":{"start":{"line":83,"column":0},"end":{"line":83,"column":16}},"83":{"start":{"line":84,"column":0},"end":{"line":84,"column":57}},"84":{"start":{"line":85,"column":0},"end":{"line":85,"column":48}},"85":{"start":{"line":86,"column":0},"end":{"line":86,"column":5}},"86":{"start":{"line":87,"column":0},"end":{"line":87,"column":27}},"87":{"start":{"line":88,"column":0},"end":{"line":88,"column":5}},"88":{"start":{"line":89,"column":0},"end":{"line":89,"column":17}},"89":{"start":{"line":90,"column":0},"end":{"line":90,"column":67}},"90":{"start":{"line":91,"column":0},"end":{"line":91,"column":5}},"91":{"start":{"line":92,"column":0},"end":{"line":92,"column":37}},"92":{"start":{"line":93,"column":0},"end":{"line":93,"column":57}},"93":{"start":{"line":94,"column":0},"end":{"line":94,"column":13}},"94":{"start":{"line":95,"column":0},"end":{"line":95,"column":25}},"95":{"start":{"line":96,"column":0},"end":{"line":96,"column":23}},"96":{"start":{"line":97,"column":0},"end":{"line":97,"column":50}},"97":{"start":{"line":98,"column":0},"end":{"line":98,"column":6}},"98":{"start":{"line":99,"column":0},"end":{"line":99,"column":5}},"99":{"start":{"line":100,"column":0},"end":{"line":100,"column":51}},"100":{"start":{"line":101,"column":0},"end":{"line":101,"column":5}},"101":{"start":{"line":102,"column":0},"end":{"line":102,"column":31}},"102":{"start":{"line":103,"column":0},"end":{"line":103,"column":24}},"103":{"start":{"line":104,"column":0},"end":{"line":104,"column":16}},"104":{"start":{"line":105,"column":0},"end":{"line":105,"column":14}},"105":{"start":{"line":106,"column":0},"end":{"line":106,"column":4}},"106":{"start":{"line":107,"column":0},"end":{"line":107,"column":0}},"107":{"start":{"line":108,"column":0},"end":{"line":108,"column":69}},"108":{"start":{"line":109,"column":0},"end":{"line":109,"column":11}},"109":{"start":{"line":110,"column":0},"end":{"line":110,"column":14}},"110":{"start":{"line":111,"column":0},"end":{"line":111,"column":8}},"111":{"start":{"line":112,"column":0},"end":{"line":112,"column":30}},"112":{"start":{"line":113,"column":0},"end":{"line":113,"column":41}},"113":{"start":{"line":114,"column":0},"end":{"line":114,"column":34}},"114":{"start":{"line":115,"column":0},"end":{"line":115,"column":34}},"115":{"start":{"line":116,"column":0},"end":{"line":116,"column":11}},"116":{"start":{"line":117,"column":0},"end":{"line":117,"column":6}},"117":{"start":{"line":118,"column":0},"end":{"line":118,"column":48}},"118":{"start":{"line":119,"column":0},"end":{"line":119,"column":31}},"119":{"start":{"line":120,"column":0},"end":{"line":120,"column":0}},"120":{"start":{"line":121,"column":0},"end":{"line":121,"column":64}},"121":{"start":{"line":122,"column":0},"end":{"line":122,"column":34}},"122":{"start":{"line":123,"column":0},"end":{"line":123,"column":40}},"123":{"start":{"line":124,"column":0},"end":{"line":124,"column":3}},"124":{"start":{"line":125,"column":0},"end":{"line":125,"column":0}},"125":{"start":{"line":126,"column":0},"end":{"line":126,"column":40}},"126":{"start":{"line":127,"column":0},"end":{"line":127,"column":73}},"127":{"start":{"line":128,"column":0},"end":{"line":128,"column":11}},"128":{"start":{"line":129,"column":0},"end":{"line":129,"column":16}},"129":{"start":{"line":130,"column":0},"end":{"line":130,"column":44}},"130":{"start":{"line":131,"column":0},"end":{"line":131,"column":25}},"131":{"start":{"line":132,"column":0},"end":{"line":132,"column":9}},"132":{"start":{"line":133,"column":0},"end":{"line":133,"column":4}},"133":{"start":{"line":134,"column":0},"end":{"line":134,"column":4}},"134":{"start":{"line":135,"column":0},"end":{"line":135,"column":2}},"135":{"start":{"line":136,"column":0},"end":{"line":136,"column":0}},"136":{"start":{"line":137,"column":0},"end":{"line":137,"column":51}},"137":{"start":{"line":138,"column":0},"end":{"line":138,"column":11}},"138":{"start":{"line":139,"column":0},"end":{"line":139,"column":40}},"139":{"start":{"line":140,"column":0},"end":{"line":140,"column":55}},"140":{"start":{"line":141,"column":0},"end":{"line":141,"column":21}},"141":{"start":{"line":142,"column":0},"end":{"line":142,"column":41}},"142":{"start":{"line":143,"column":0},"end":{"line":143,"column":39}},"143":{"start":{"line":144,"column":0},"end":{"line":144,"column":17}},"144":{"start":{"line":145,"column":0},"end":{"line":145,"column":18}},"145":{"start":{"line":146,"column":0},"end":{"line":146,"column":15}},"146":{"start":{"line":147,"column":0},"end":{"line":147,"column":12}},"147":{"start":{"line":148,"column":0},"end":{"line":148,"column":26}},"148":{"start":{"line":149,"column":0},"end":{"line":149,"column":40}},"149":{"start":{"line":150,"column":0},"end":{"line":150,"column":17}},"150":{"start":{"line":151,"column":0},"end":{"line":151,"column":18}},"151":{"start":{"line":152,"column":0},"end":{"line":152,"column":15}},"152":{"start":{"line":153,"column":0},"end":{"line":153,"column":5}},"153":{"start":{"line":154,"column":0},"end":{"line":154,"column":12}},"154":{"start":{"line":155,"column":0},"end":{"line":155,"column":22}},"155":{"start":{"line":156,"column":0},"end":{"line":156,"column":23}},"156":{"start":{"line":157,"column":0},"end":{"line":157,"column":28}},"157":{"start":{"line":158,"column":0},"end":{"line":158,"column":29}},"158":{"start":{"line":159,"column":0},"end":{"line":1
[...]
":{"line":253,"column":40},"end":{"line":255,"column":4}}]},"35":{"type":"branch","line":254,"loc":{"start":{"line":254,"column":32},"end":{"line":254,"column":56}},"locations":[{"start":{"line":254,"column":32},"end":{"line":254,"column":56}}]},"36":{"type":"branch","line":265,"loc":{"start":{"line":265,"column":9},"end":{"line":273,"column":2}},"locations":[{"start":{"line":265,"column":9},"end":{"line":273,"column":2}}]},"37":{"type":"branch","line":267,"loc":{"start":{"line":267,"column":46},"end":{"line":271,"column":3}},"locations":[{"start":{"line":267,"column":46},"end":{"line":271,"column":3}}]},"38":{"type":"branch","line":268,"loc":{"start":{"line":268,"column":21},"end":{"line":270,"column":4}},"locations":[{"start":{"line":268,"column":21},"end":{"line":270,"column":4}}]},"39":{"type":"branch","line":297,"loc":{"start":{"line":297,"column":9},"end":{"line":311,"column":2}},"locations":[{"start":{"line":297,"column":9},"end":{"line":311,"column":2}}]},"40":{"type":"branch","line":301,"loc":{"start":{"line":301,"column":66},"end":{"line":301,"column":75}},"locations":[{"start":{"line":301,"column":66},"end":{"line":301,"column":75}}]},"41":{"type":"branch","line":302,"loc":{"start":{"line":302,"column":14},"end":{"line":304,"column":9}},"locations":[{"start":{"line":302,"column":14},"end":{"line":304,"column":9}}]},"42":{"type":"branch","line":313,"loc":{"start":{"line":313,"column":9},"end":{"line":318,"column":2}},"locations":[{"start":{"line":313,"column":9},"end":{"line":318,"column":2}}]},"43":{"type":"branch","line":315,"loc":{"start":{"line":315,"column":31},"end":{"line":317,"column":3}},"locations":[{"start":{"line":315,"column":31},"end":{"line":317,"column":3}}]},"44":{"type":"branch","line":314,"loc":{"start":{"line":314,"column":30},"end":{"line":314,"column":69}},"locations":[{"start":{"line":314,"column":30},"end":{"line":314,"column":69}}]},"45":{"type":"branch","line":349,"loc":{"start":{"line":349,"column":1},"end":{"line":505,"column":2}},"locations":[{"start":{"line":349,"column":1},"end":{"line":505,"column":2}}]},"46":{"type":"branch","line":371,"loc":{"start":{"line":371,"column":12},"end":{"line":371,"column":41}},"locations":[{"start":{"line":371,"column":12},"end":{"line":371,"column":41}}]},"47":{"type":"branch","line":371,"loc":{"start":{"line":371,"column":41},"end":{"line":387,"column":3}},"locations":[{"start":{"line":371,"column":41},"end":{"line":387,"column":3}}]},"48":{"type":"branch","line":392,"loc":{"start":{"line":392,"column":19},"end":{"line":392,"column":43}},"locations":[{"start":{"line":392,"column":19},"end":{"line":392,"column":43}}]},"49":{"type":"branch","line":410,"loc":{"start":{"line":410,"column":33},"end":{"line":425,"column":10}},"locations":[{"start":{"line":410,"column":33},"end":{"line":425,"column":10}}]},"50":{"type":"branch","line":425,"loc":{"start":{"line":425,"column":3},"end":{"line":457,"column":4}},"locations":[{"start":{"line":425,"column":3},"end":{"line":457,"column":4}}]},"51":{"type":"branch","line":427,"loc":{"start":{"line":427,"column":37},"end":{"line":431,"column":6}},"locations":[{"start":{"line":427,"column":37},"end":{"line":431,"column":6}}]},"52":{"type":"branch","line":458,"loc":{"start":{"line":458,"column":2},"end":{"line":503,"column":3}},"locations":[{"start":{"line":458,"column":2},"end":{"line":503,"column":3}}]},"53":{"type":"branch","line":417,"loc":{"start":{"line":417,"column":5},"end":{"line":423,"column":8}},"locations":[{"start":{"line":417,"column":5},"end":{"line":423,"column":8}}]},"54":{"type":"branch","line":444,"loc":{"start":{"line":444,"column":5},"end":{"line":455,"column":8}},"locations":[{"start":{"line":444,"column":5},"end":{"line":455,"column":8}}]},"55":{"type":"branch","line":584,"loc":{"start":{"line":584,"column":1},"end":{"line":598,"column":2}},"locations":[{"start":{"line":584,"column":1},"end":{"line":598,"column":2}}]},"56":{"type":"branch","line":588,"loc":{"start":{"line":588,"column":16},"end":{"line":595,"column":3}},"locations":[{"start":{"line":588,"column":16},"end":{"line":595,"column":3}}]},"57":{"type":"branch","line":600,"loc":{"start":{"line":600,"column":1},"end":{"line":615,"column":2}},"locations":[{"start":{"line":600,"column":1},"end":{"line":615,"column":2}}]},"58":{"type":"branch","line":606,"loc":{"start":{"line":606,"column":16},"end":{"line":612,"column":3}},"locations":[{"start":{"line":606,"column":16},"end":{"line":612,"column":3}}]},"59":{"type":"branch","line":47,"loc":{"start":{"line":47,"column":37},"end":{"line":47,"column":54}},"locations":[{"start":{"line":47,"column":37},"end":{"line":47,"column":54}}]},"60":{"type":"branch","line":48,"loc":{"start":{"line":48,"column":1},"end":{"line":53,"column":3}},"locations":[{"start":{"line":48,"column":1},"end":{"line":53,"column":3}}]},"61":{"type":"branch","line":49,"loc":{"start":{"line":49,"column":32},"end":{"line":51,"column":3}},"locations":[{"start":{"line":49,"column":32},"end":{"line":51,"column":3}}]},"62":{"type":"branch","line":51,"loc":{"start":{"line":51,"column":2},"end":{"line":52,"column":18}},"locations":[{"start":{"line":51,"column":2},"end":{"line":52,"column":18}}]},"63":{"type":"branch","line":50,"loc":{"start":{"line":50,"column":10},"end":{"line":50,"column":19}},"locations":[{"start":{"line":50,"column":10},"end":{"line":50,"column":19}}]},"64":{"type":"branch","line":64,"loc":{"start":{"line":64,"column":20},"end":{"line":67,"column":14}},"locations":[{"start":{"line":64,"column":20},"end":{"line":67,"column":14}}]},"65":{"type":"branch","line":67,"loc":{"start":{"line":67,"column":29},"end":{"line":67,"column":59}},"locations":[{"start":{"line":67,"column":29},"end":{"line":67,"column":59}}]},"66":{"type":"branch","line":67,"loc":{"start":{"line":67,"column":59},"end":{"line":69,"column":10}},"locations":[{"start":{"line":67,"column":59},"end":{"line":69,"column":10}}]},"67":{"type":"branch","line":69,"loc":{"start":{"line":69,"column":3},"end":{"line":73,"column":4}},"locations":[{"start":{"line":69,"column":3},"end":{"line":73,"column":4}}]},"68":{"type":"branch","line":88,"loc":{"start":{"line":88,"column":20},"end":{"line":91,"column":10}},"locations":[{"start":{"line":88,"column":20},"end":{"line":91,"column":10}}]},"69":{"type":"branch","line":108,"loc":{"start":{"line":108,"column":52},"end":{"line":110,"column":3}},"locations":[{"start":{"line":108,"column":52},"end":{"line":110,"column":3}}]},"70":{"type":"branch","line":110,"loc":{"start":{"line":110,"column":2},"end":{"line":111,"column":2}},"locations":[{"start":{"line":110,"column":2},"end":{"line":111,"column":2}}]},"71":{"type":"branch","line":111,"loc":{"start":{"line":111,"column":1},"end":{"line":113,"column":1}},"locations":[{"start":{"line":111,"column":1},"end":{"line":113,"column":1}}]},"72":{"type":"branch","line":121,"loc":{"start":{"line":121,"column":67},"end":{"line":127,"column":2}},"locations":[{"start":{"line":121,"column":67},"end":{"line":127,"column":2}}]},"73":{"type":"branch","line":124,"loc":{"start":{"line":124,"column":42},"end":{"line":126,"column":3}},"locations":[{"start":{"line":124,"column":42},"end":{"line":126,"column":3}}]},"74":{"type":"branch","line":132,"loc":{"start":{"line":132,"column":15},"end":{"line":132,"column":22}},"locations":[{"start":{"line":132,"column":15},"end":{"line":132,"column":22}}]},"75":{"type":"branch","line":145,"loc":{"start":{"line":145,"column":20},"end":{"line":149,"column":3}},"locations":[{"start":{"line":145,"column":20},"end":{"line":149,"column":3}}]},"76":{"type":"branch","line":284,"loc":{"start":{"line":284,"column":2},"end":{"line":294,"column":4}},"locations":[{"start":{"line":284,"column":2},"end":{"line":294,"column":4}}]},"77":{"type":"branch","line":290,"loc":{"start":{"line":290,"column":29},"end":{"line":292,"column":5}},"locations":[{"start":{"line":290,"column":29},"end":{"line":292,"column":5}}]},"78":{"type":"branch","line":173,"loc":{"start":{"line":173,"column":17},"end":{"line":175,"column":3}},"locations":[{"start":{"line":173,"column":17},"end":{"line":175,"column":3}}]},"79":{"type":"branch","line":182,"loc":{"start":{"line":182,"column":49},"end":{"line":199,"column":6}},"locations":[{"start":{"line":182,"column":49},"end":{"line":199,"column":6}}]},"80":{"type":"branch","line":183,"loc":{"start":{"line":183,"column":21},"end":{"line":183,"column":54}},"locations":[{"start":{"line":183,"column":21},"end":{"line":183,"column":54}}]},"81":{"type":"branch","line":191,"loc":{"start":{"line":191,"column":51},"end":{"line":198,"column":7}},"locations":[{"start":{"line":191,"column":51},"end":{"line":198,"column":7}}]},"82":{"type":"branch","line":210,"loc":{"start":{"line":210,"column":8},"end":{"line":215,"column":6}},"locations":[{"start":{"line":210,"column":8},"end":{"line":215,"column":6}}]},"83":{"type":"branch","line":241,"loc":{"start":{"line":241,"column":42},"end":{"line":248,"column":7}},"locations":[{"start":{"line":241,"column":42},"end":{"line":248,"column":7}}]},"84":{"type":"branch","line":187,"loc":{"start":{"line":187,"column":23},"end":{"line":189,"column":8}},"locations":[{"start":{"line":187,"column":23},"end":{"line":189,"column":8}}]},"85":{"type":"branch","line":302,"loc":{"start":{"line":302,"column":14},"end":{"line":310,"column":3}},"locations":[{"start":{"line":302,"column":14},"end":{"line":310,"column":3}}]},"86":{"type":"branch","line":304,"loc":{"start":{"line":304,"column":2},"end":{"line":310,"column":3}},"locations":[{"start":{"line":304,"column":2},"end":{"line":310,"column":3}}]},"87":{"type":"branch","line":391,"loc":{"start":{"line":391,"column":7},"end":{"line":391,"column":21}},"locations":[{"start":{"line":391,"column":7},"end":{"line":391,"column":21}}]},"88":{"type":"branch","line":392,"loc":{"start":{"line":392,"column":39},"end":{"line":392,"column":47}},"locations":[{"start":{"line":392,"column":39},"end":{"line":392,"column":47}}]},"89":{"type":"branch","line":398,"loc":{"start":{"line":398,"column":8},"end":{"line":398,"column":44}},"locations":[{"start":{"line":398,"column":8},"end":{"line":398,"column":44}}]},"90":{"type":"branch","line":409,"loc":{"start":{"line":409,"column":29},"end":{"line":458,"column":9}},"locations":[{"start":{"line":409,"column":29},"end":{"line":458,"column":9}}]},"91":{"type":"branch","line":426,"loc":{"start":{"line":426,"column":55},"end":{"line":432,"column":5}},"locations":[{"start":{"line":426,"column":55},"end":{"line":432,"column":5}}]},"92":{"type":"branch","line":432,"loc":{"start":{"line":432,"column":4},"end":{"line":457,"column":4}},"locations":[{"start":{"line":432,"column":4},"end":{"line":457,"column":4}}]},"93":{"type":"branch","line":459,"loc":{"start":{"line":459,"column":33},"end":{"line":480,"column":10}},"locations":[{"start":{"line":459,"column":33},"end":{"line":480,"column":10}}]},"94":{"type":"branch","line":480,"loc":{"start":{"line":480,"column":3},"end":{"line":502,"column":4}},"locations":[{"start":{"line":480,"column":3},"end":{"line":502,"column":4}}]},"95":{"type":"branch","line":503,"loc":{"start":{"line":503,"column":2},"end":{"line":504,"column":15}},"locations":[{"start":{"line":503,"column":2},"end":{"line":504,"column":15}}]},"96":{"type":"branch","line":471,"loc":{"start":{"line":471,"column":5},"end":{"line":478,"column":8}},"locations":[{"start":{"line":471,"column":5},"end":{"line":478,"column":8}}]},"97":{"type":"branch","line":472,"loc":{"start":{"line":472,"column":56},"end":{"line":477,"column":10}},"locations":[{"start":{"line":472,"column":56},"end":{"line":477,"column":10}}]},"98":{"type":"branch","line":492,"loc":{"start":{"line":492,"column":5},"end":{"line":500,"column":8}},"locations":[{"start":{"line":492,"column":5},"end":{"line":500,"column":8}}]},"99":{"type":"branch","line":493,"loc":{"start":{"line":493,"column":56},"end":{"line":499,"column":10}},"locations":[{"start":{"line":493,"column":56},"end":{"line":499,"column":10}}]},"100":{"type":"branch","line":512,"loc":{"start":{"line":512,"column":1},"end":{"line":560,"column":2}},"locations":[{"start":{"line":512,"column":1},"end":{"line":560,"column":2}}]},"101":{"type":"branch","line":520,"loc":{"start":{"line":520,"column":12},"end":{"line":520,"column":41}},"locations":[{"start":{"line":520,"column":12},"end":{"line":520,"column":41}}]},"102":{"type":"branch","line":520,"loc":{"start":{"line":520,"column":41},"end":{"line":527,"column":3}},"locations":[{"start":{"line":520,"column":41},"end":{"line":527,"column":3}}]},"103":{"type":"branch","line":531,"loc":{"start":{"line":531,"column":19},"end":{"line":531,"column":43}},"locations":[{"start":{"line":531,"column":19},"end":{"line":531,"column":43}}]},"104":{"type":"branch","line":531,"loc":{"start":{"line":531,"column":39},"end":{"line":531,"column":47}},"locations":[{"start":{"line":531,"column":39},"end":{"line":531,"column":47}}]},"105":{"type":"branch","line":536,"loc":{"start":{"line":536,"column":29},"end":{"line":545,"column":9}},"locations":[{"start":{"line":536,"column":29},"end":{"line":545,"column":9}}]},"106":{"type":"branch","line":545,"loc":{"start":{"line":545,"column":2},"end":{"line":557,"column":3}},"locations":[{"start":{"line":545,"column":2},"end":{"line":557,"column":3}}]},"107":{"type":"branch","line":557,"loc":{"start":{"line":557,"column":2},"end":{"line":559,"column":15}},"locations":[{"start":{"line":557,"column":2},"end":{"line":559,"column":15}}]},"108":{"type":"branch","line":543,"loc":{"start":{"line":543,"column":4},"end":{"line":543,"column":49}},"locations":[{"start":{"line":543,"column":4},"end":{"line":543,"column":49}}]},"109":{"type":"branch","line":552,"loc":{"start":{"line":552,"column":4},"end":{"line":555,"column":7}},"locations":[{"start":{"line":552,"column":4},"end":{"line":555,"column":7}}]},"110":{"type":"branch","line":553,"loc":{"start":{"line":553,"column":55},"end":{"line":554,"column":62}},"locations":[{"start":{"line":553,"column":55},"end":{"line":554,"column":62}}]},"111":{"type":"branch","line":562,"loc":{"start":{"line":562,"column":1},"end":{"line":582,"column":2}},"locations":[{"start":{"line":562,"column":1},"end":{"line":582,"column":2}}]},"112":{"type":"branch","line":580,"loc":{"start":{"line":580,"column":3},"end":{"line":580,"column":69}},"locations":[{"start":{"line":580,"column":3},"end":{"line":580,"column":69}}]},"113":{"type":"branch","line":617,"loc":{"start":{"line":617,"column":1},"end":{"line":626,"column":2}},"locations":[{"start":{"line":617,"column":1},"end":{"line":626,"column":2}}]},"114":{"type":"branch","line":619,"loc":{"start":{"line":619,"column":16},"end":{"line":623,"column":3}},"locations":[{"start":{"line":619,"column":16},"end":{"line":623,"column":3}}]}},"b":{"0":[153],"1":[170],"2":[22],"3":[180],"4":[44],"5":[1],"6":[152],"7":[30],"8":[26],"9":[20],"10":[117],"11":[397],"12":[276],"13":[121],"14":[71],"15":[39],"16":[2],"17":[123],"18":[149],"19":[118],"20":[122],"21":[90],"22":[4],"23":[4],"24":[32],"25":[57],"26":[14],"27":[53],"28":[10],"29":[83],"30":[105],"31":[107],"32":[75],"33":[76],"34":[118],"35":[156],"36":[91],"37":[259],"38":[168],"39":[192],"40":[40],"41":[40],"42":[195],"43":[3],"44":[182],"45":[155],"46":[2],"47":[2],"48":[12],"49":[111],"50":[27],"51":[1],"52":[12],"53":[91],"54":[26],"55":[90],"56":[2],"57":[35],"58":[2],"59":[6],"60":[44],"61":[5],"62":[39],"63":[5],"64":[148],"65":[21],"66":[21],"67":[1],"68":[43],"69":[32],"70":[28],"71":[150],"72":[28],"73":[21],"74":[122],"75":[394],"76":[12],"77":[6],"78":[3],"79":[94],"80":[90],"81":[90],"82":[33],"83":[43],"84":[6],"85":[187],"86":[152],"87":[137],"88":[143],"89":[137],"90":[138],"91":[29],"92":[26],"93":[11],"94":[1],"95":[149],"96":[8],"97":[8],"98":[1],"99":[2],"100":[40],"101":[1],"102":[1],"103":[7],"104":[33],"105":[33],"106":[6],"107":[39],"108":[18],"109":[4],"110":[7],"111":[4],"112":[4],"113":[4],"114":[1]},"fnMap":{"0":{"name":"Proxy.get","decl":{"start":{"line":47,"column":37},"end":{"line":47,"column":54}},"loc":{"start":{"line":47,"column":37},"end":{"line":47,"column":54}},"line":47},"1":{"name":"get","decl":{"start":{"line":48,"column":1},"end":{"line":53,"column":3}},"loc":{"start":{"line":48,"column":1},"end":{"line":53,"column":3}},"line":48},"2":{"name":"getSortColumns","decl":{"start":{"line":56,"column":0},"end":{"line":80,"column":1}},"loc":{"start":{"line":56,"column":0},"end":{"line":80,"column":1}},"line":56},"3":{"name":"get","decl":{"start":{"line":63,"column":2},"end":{"line":74,"column":4}},"loc":{"start":{"line":63,"column":2},"end":{"line":74,"column":4}},"line":63},"4":{"name":"makeSubqueriesProxy","decl":{"start":{"line":82,"column":0},"end":{"line":100,"column":1}},"loc":{"start":{"line":82,"column":0},"end":{"line":100,"column":1}},"line":82},"5":{"name":"get","decl":{"start":{"line":87,"column":2},"end":{"line":96,"column":4}},"loc":{"start":{"line":87,"column":2},"end":{"line":96,"column":4}},"line":87},"6":{"name":"getSubqueriesColumns","decl":{"start":{"line":102,"column":0},"end":{"line":113,"column":1}},"loc":{"start":{"line":102,"column":0},"end":{"line":113,"column":1}},"line":102},"7":{"name":"getSubqueriesDependencies","decl":{"start":{"line":115,"column":0},"end":{"line":130,"column":1}},"loc":{"start":{"line":115,"column":0},"end":{"line":130,"column":1}},"line":115},"8":{"name":"noSort","decl":{"start":{"line":132,"column":15},"end":{"line":132,"column":22}},"loc":{"start":{"line":132,"column":15},"end":{"line":132,"column":22}},"line":132},"9":{"name":"makeTiebrokenIdSort","decl":{"start":{"line":140,"column":0},"end":{"line":151,"column":1}},"loc":{"start":{"line":140,"column":0},"end":{"line":151,"column":1}},"line":140},"10":{"name":"Table","decl":{"start":{"line":154,"column":1},"end":{"line":257,"column":2}},"loc":{"start":{"line":154,"column":1},"end":{"line":257,"column":2}},"line":154},"11":{"name":"patch","decl":{"start":{"line":217,"column":19},"end":{"line":220,"column":7}},"loc":{"start":{"line":217,"column":19},"end":{"line":220,"column":7}},"line":217},"12":{"name":"unpatch","decl":{"start":{"line":222,"column":21},"end":{"line":225,"column":7}},"loc":{"start":{"line":222,"column":21},"end":{"line":225,"column":7}},"line":222},"13":{"name":"mapValueToRow","decl":{"start":{"line":265,"column":9},"end":{"line":273,"column":2}},"loc":{"start":{"line":265,"column":9},"end":{"line":273,"column":2}},"line":265},"14":{"name":"getCachedQuery","decl":{"start":{"line":297,"column":9},"end":{"line":311,"column":2}},"loc":{"start":{"line":297,"column":9},"end":{"line":311,"column":2}},"line":297},"15":{"name":"validateColumns","decl":{"start":{"line":313,"column":9},"end":{"line":318,"column":2}},"loc":{"start":{"line":313,"column":9},"end":{"line":318,"column":2}},"line":313},"16":{"name":"query","decl":{"start":{"line":349,"column":1},"end":{"line":505,"column":2}},"loc":{"start":{"line":349,"column":1},"end":{"line":505,"column":2}},"line":349},"17":{"name":"count","decl":{"start":{"line":512,"column":1},"end":{"line":560,"column":2}},"loc":{"start":{"line":512,"column":1},"end":{"line":560,"column":2}},"line":512},"18":{"name":"groupBy","decl":{"start":{"line":562,"column":1},"end":{"line":582,"column":2}},"loc":{"start":{"line":562,"column":1},"end":{"line":582,"column":2}},"line":562},"19":{"name":"insert","decl":{"start":{"line":584,"column":1},"end":{"line":598,"column":2}},"loc":{"start":{"line":584,"column":1},"end":{"line":598,"column":2}},"line":584},"20":{"name":"update","decl":{"start":{"line":600,"column":1},"end":{"line":615,"column":2}},"loc":{"start":{"line":600,"column":1},"end":{"line":615,"column":2}},"line":600},"21":{"name":"delete","decl":{"start":{"line":617,"column":1},"end":{"line":626,"column":2}},"loc":{"start":{"line":617,"column":1},"end":{"line":626,"column":2}},"line":617}},"f":{"0":6,"1":44,"2":153,"3":170,"4":180,"5":44,"6":152,"7":26,"8":122,"9":117,"10":71,"11":105,"12":75,"13":91,"14":192,"15":195,"16":155,"17":40,"18":4,"19":90,"20":35,"21":4}}
}
